mode: set
main/internal/photos/repository/photo_repository.go:15.75,18.2 1 0
main/internal/photos/repository/photo_repository.go:20.96,26.21 5 0
main/internal/photos/repository/photo_repository.go:30.2,31.16 2 0
main/internal/photos/repository/photo_repository.go:35.2,38.16 4 0
main/internal/photos/repository/photo_repository.go:42.2,43.16 2 0
main/internal/photos/repository/photo_repository.go:46.2,46.12 1 0
main/internal/photos/repository/photo_repository.go:26.21,28.3 1 0
main/internal/photos/repository/photo_repository.go:31.16,34.3 1 0
main/internal/photos/repository/photo_repository.go:38.16,40.3 1 0
main/internal/photos/repository/photo_repository.go:43.16,45.3 1 0
main/internal/photos/repository/photo_repository.go:49.95,54.15 4 0
main/internal/photos/repository/photo_repository.go:59.2,59.16 1 0
main/internal/photos/repository/photo_repository.go:64.2,64.18 1 0
main/internal/photos/repository/photo_repository.go:75.2,78.16 4 0
main/internal/photos/repository/photo_repository.go:82.2,82.23 1 0
main/internal/photos/repository/photo_repository.go:54.15,55.18 1 0
main/internal/photos/repository/photo_repository.go:55.18,57.4 1 0
main/internal/photos/repository/photo_repository.go:59.16,62.3 2 0
main/internal/photos/repository/photo_repository.go:64.18,69.17 3 0
main/internal/photos/repository/photo_repository.go:73.3,73.33 1 0
main/internal/photos/repository/photo_repository.go:69.17,71.4 1 0
main/internal/photos/repository/photo_repository.go:78.16,80.3 1 0
main/internal/photos/usecase/photo_ucase.go:14.94,19.2 2 0
main/internal/photos/usecase/photo_ucase.go:21.95,25.16 2 0
main/internal/photos/usecase/photo_ucase.go:29.2,29.12 1 0
main/internal/photos/usecase/photo_ucase.go:25.16,27.3 1 0
main/internal/photos/usecase/photo_ucase.go:32.102,36.2 1 0
main/internal/middleware/middleware.go:20.116,22.2 1 0
main/internal/middleware/middleware.go:24.62,35.2 8 0
main/internal/middleware/middleware.go:37.87,38.36 1 0
main/internal/middleware/middleware.go:38.36,46.47 6 0
main/internal/middleware/middleware.go:50.3,50.17 1 0
main/internal/middleware/middleware.go:46.47,48.4 1 0
main/internal/middleware/middleware.go:55.85,57.36 1 0
main/internal/middleware/middleware.go:57.36,59.22 1 0
main/internal/middleware/middleware.go:66.3,66.17 1 0
main/internal/middleware/middleware.go:59.22,60.36 1 0
main/internal/middleware/middleware.go:63.4,63.14 1 0
main/internal/middleware/middleware.go:60.36,62.5 1 0
main/internal/middleware/middleware.go:70.61,72.54 1 0
main/internal/middleware/middleware.go:72.54,74.45 1 0
main/internal/middleware/middleware.go:74.45,95.4 7 0
main/internal/middleware/middleware.go:99.71,100.54 1 0
main/internal/middleware/middleware.go:100.54,102.45 1 0
main/internal/middleware/middleware.go:102.45,108.18 3 0
main/internal/middleware/middleware.go:112.4,112.18 1 0
main/internal/middleware/middleware.go:117.4,119.26 2 0
main/internal/middleware/middleware.go:108.18,110.5 1 0
main/internal/middleware/middleware.go:112.18,115.5 2 0
main/internal/middleware/middleware.go:125.56,126.53 1 0
main/internal/middleware/middleware.go:126.53,127.45 1 0
main/internal/middleware/middleware.go:127.45,128.99 1 0
main/internal/middleware/middleware.go:151.4,151.26 1 0
main/internal/middleware/middleware.go:128.99,130.19 2 0
main/internal/middleware/middleware.go:139.5,143.19 3 0
main/internal/middleware/middleware.go:147.5,147.29 1 0
main/internal/middleware/middleware.go:130.19,137.6 2 0
main/internal/middleware/middleware.go:143.19,145.6 1 0
main/internal/middleware/middleware.go:147.29,149.6 1 0
main/internal/users/repository/user_repository.go:14.73,17.2 1 0
main/internal/users/repository/user_repository.go:19.84,26.2 4 0
main/internal/users/repository/user_repository.go:28.79,35.16 4 0
main/internal/users/repository/user_repository.go:39.2,39.17 1 0
main/internal/users/repository/user_repository.go:35.16,37.3 1 0
main/internal/users/repository/user_repository.go:42.84,48.20 4 0
main/internal/users/repository/user_repository.go:52.2,52.18 1 0
main/internal/users/repository/user_repository.go:48.20,50.3 1 0
main/internal/users/repository/user_repository.go:55.93,61.20 4 0
main/internal/users/repository/user_repository.go:64.2,64.18 1 0
main/internal/users/repository/user_repository.go:61.20,63.3 1 0
main/internal/users/repository/user_repository.go:67.97,69.16 2 0
main/internal/users/repository/user_repository.go:72.2,72.12 1 0
main/internal/users/repository/user_repository.go:69.16,71.3 1 0
main/internal/users/repository/user_repository.go:75.88,82.2 4 0
main/internal/users/repository/user_repository.go:84.108,90.2 4 0
main/internal/users/repository/user_repository.go:92.99,99.2 4 0
main/internal/users/repository/user_repository.go:101.79,105.20 4 0
main/internal/users/repository/user_repository.go:108.2,108.18 1 0
main/internal/users/repository/user_repository.go:105.20,107.3 1 0
main/internal/users/repository/user_repository.go:111.81,115.20 4 0
main/internal/users/repository/user_repository.go:118.2,118.22 1 0
main/internal/users/repository/user_repository.go:115.20,117.3 1 0
main/internal/users/repository/user_repository.go:121.79,128.2 4 0
main/internal/users/repository/user_repository.go:130.78,132.16 2 0
main/internal/users/repository/user_repository.go:135.2,135.12 1 0
main/internal/users/repository/user_repository.go:132.16,134.3 1 0
main/internal/users/repository/user_repository.go:138.79,142.20 4 0
main/internal/users/repository/user_repository.go:145.2,145.18 1 0
main/internal/users/repository/user_repository.go:142.20,144.3 1 0
main/internal/users/usecase/user_ucase.go:18.53,21.2 2 0
main/internal/users/usecase/user_ucase.go:23.60,27.2 3 0
main/internal/users/usecase/user_ucase.go:36.121,43.16 4 0
main/internal/users/usecase/user_ucase.go:47.2,50.23 3 0
main/internal/users/usecase/user_ucase.go:43.16,45.3 1 0
main/internal/users/usecase/user_ucase.go:54.142,61.16 4 0
main/internal/users/usecase/user_ucase.go:65.2,68.23 3 0
main/internal/users/usecase/user_ucase.go:61.16,63.3 1 0
main/internal/users/usecase/user_ucase.go:72.104,82.2 6 0
main/internal/users/usecase/user_ucase.go:84.86,88.16 2 0
main/internal/users/usecase/user_ucase.go:92.2,92.22 1 0
main/internal/users/usecase/user_ucase.go:88.16,90.3 1 0
main/internal/users/usecase/user_ucase.go:96.122,102.26 3 0
main/internal/users/usecase/user_ucase.go:106.2,106.29 1 0
main/internal/users/usecase/user_ucase.go:113.2,113.25 1 0
main/internal/users/usecase/user_ucase.go:117.2,117.28 1 0
main/internal/users/usecase/user_ucase.go:121.2,121.25 1 0
main/internal/users/usecase/user_ucase.go:125.2,125.26 1 0
main/internal/users/usecase/user_ucase.go:132.2,132.30 1 0
main/internal/users/usecase/user_ucase.go:136.2,136.26 1 0
main/internal/users/usecase/user_ucase.go:140.2,144.16 3 0
main/internal/users/usecase/user_ucase.go:148.2,150.22 2 0
main/internal/users/usecase/user_ucase.go:102.26,104.3 1 0
main/internal/users/usecase/user_ucase.go:106.29,111.3 3 0
main/internal/users/usecase/user_ucase.go:113.25,115.3 1 0
main/internal/users/usecase/user_ucase.go:117.28,119.3 1 0
main/internal/users/usecase/user_ucase.go:121.25,123.3 1 0
main/internal/users/usecase/user_ucase.go:125.26,130.3 2 0
main/internal/users/usecase/user_ucase.go:132.30,134.3 1 0
main/internal/users/usecase/user_ucase.go:136.26,138.3 1 0
main/internal/users/usecase/user_ucase.go:144.16,146.3 1 0
main/internal/users/usecase/user_ucase.go:153.103,157.16 2 0
main/internal/users/usecase/user_ucase.go:161.2,163.16 2 0
main/internal/users/usecase/user_ucase.go:167.2,167.30 1 0
main/internal/users/usecase/user_ucase.go:157.16,159.3 1 0
main/internal/users/usecase/user_ucase.go:163.16,165.3 1 0
main/internal/users/usecase/user_ucase.go:170.115,178.21 4 0
main/internal/users/usecase/user_ucase.go:182.2,182.42 1 0
main/internal/users/usecase/user_ucase.go:186.2,188.21 2 0
main/internal/users/usecase/user_ucase.go:192.2,193.16 2 0
main/internal/users/usecase/user_ucase.go:197.2,197.13 1 0
main/internal/users/usecase/user_ucase.go:178.21,180.3 1 0
main/internal/users/usecase/user_ucase.go:182.42,184.3 1 0
main/internal/users/usecase/user_ucase.go:188.21,190.3 1 0
main/internal/users/usecase/user_ucase.go:193.16,195.3 1 0
main/internal/users/usecase/user_ucase.go:202.122,206.62 2 0
main/internal/users/usecase/user_ucase.go:210.2,233.16 9 0
main/internal/users/usecase/user_ucase.go:237.2,239.12 2 0
main/internal/users/usecase/user_ucase.go:206.62,208.3 1 0
main/internal/users/usecase/user_ucase.go:233.16,235.3 1 0
main/internal/users/usecase/user_ucase.go:243.65,248.2 2 0
main/internal/users/usecase/user_ucase.go:250.86,252.2 1 0
main/internal/users/usecase/user_ucase.go:254.181,261.2 1 0
main/internal/friends/usecase/friends_usecase.go:13.103,19.2 2 0
main/internal/friends/usecase/friends_usecase.go:21.87,25.16 2 0
main/internal/friends/usecase/friends_usecase.go:29.2,31.16 2 0
main/internal/friends/usecase/friends_usecase.go:35.2,35.12 1 0
main/internal/friends/usecase/friends_usecase.go:25.16,27.3 1 0
main/internal/friends/usecase/friends_usecase.go:31.16,33.3 1 0
main/internal/friends/usecase/friends_usecase.go:38.90,42.16 2 0
main/internal/friends/usecase/friends_usecase.go:46.2,48.16 2 0
main/internal/friends/usecase/friends_usecase.go:52.2,52.12 1 0
main/internal/friends/usecase/friends_usecase.go:42.16,44.3 1 0
main/internal/friends/usecase/friends_usecase.go:48.16,50.3 1 0
main/internal/friends/usecase/friends_usecase.go:55.84,57.2 1 0
main/internal/friends/usecase/friends_usecase.go:59.91,63.2 1 0
main/internal/like/delivery/like_handler.go:18.93,20.2 1 0
main/internal/like/delivery/like_handler.go:22.66,28.18 4 0
main/internal/like/delivery/like_handler.go:37.2,39.16 2 0
main/internal/like/delivery/like_handler.go:48.2,53.43 2 0
main/internal/like/delivery/like_handler.go:28.18,35.3 2 0
main/internal/like/delivery/like_handler.go:39.16,46.3 2 0
main/internal/like/delivery/like_handler.go:57.69,63.18 4 0
main/internal/like/delivery/like_handler.go:72.2,74.16 2 0
main/internal/like/delivery/like_handler.go:83.2,88.43 2 0
main/internal/like/delivery/like_handler.go:63.18,70.3 2 0
main/internal/like/delivery/like_handler.go:74.16,81.3 2 0
main/internal/like/delivery/like_handler.go:92.65,98.18 4 0
main/internal/like/delivery/like_handler.go:107.2,109.16 2 0
main/internal/like/delivery/like_handler.go:118.2,123.43 2 0
main/internal/like/delivery/like_handler.go:98.18,105.3 2 0
main/internal/like/delivery/like_handler.go:109.16,116.3 2 0
main/internal/like/delivery/like_handler.go:127.68,133.18 4 0
main/internal/like/delivery/like_handler.go:142.2,144.16 2 0
main/internal/like/delivery/like_handler.go:153.2,158.43 2 0
main/internal/like/delivery/like_handler.go:133.18,140.3 2 0
main/internal/like/delivery/like_handler.go:144.16,151.3 2 0
main/internal/like/delivery/like_handler.go:162.58,168.2 4 0
main/internal/like/repository/like_repository.go:12.73,14.2 1 0
main/internal/like/repository/like_repository.go:16.76,26.2 5 0
main/internal/like/repository/like_repository.go:28.79,38.2 5 0
main/internal/like/repository/like_repository.go:40.74,50.2 5 0
main/internal/like/repository/like_repository.go:52.77,61.2 5 0
main/internal/albums/delivery/album_handler.go:17.80,22.18 3 0
main/internal/albums/delivery/album_handler.go:32.2,34.16 2 0
main/internal/albums/delivery/album_handler.go:44.2,48.46 2 0
main/internal/albums/delivery/album_handler.go:22.18,30.3 2 0
main/internal/albums/delivery/album_handler.go:34.16,42.3 2 0
main/internal/albums/delivery/album_handler.go:51.82,56.18 3 0
main/internal/albums/delivery/album_handler.go:64.2,69.16 3 0
main/internal/albums/delivery/album_handler.go:79.2,81.16 2 0
main/internal/albums/delivery/album_handler.go:91.2,96.43 2 0
main/internal/albums/delivery/album_handler.go:56.18,63.3 2 0
main/internal/albums/delivery/album_handler.go:69.16,77.3 2 0
main/internal/albums/delivery/album_handler.go:81.16,89.3 2 0
main/internal/albums/delivery/album_handler.go:99.110,101.2 1 0
main/internal/albums/delivery/album_handler.go:103.72,109.2 2 0
main/internal/feeds/repository/feed_repository.go:16.73,19.2 1 0
main/internal/feeds/repository/feed_repository.go:21.97,24.16 2 0
main/internal/feeds/repository/feed_repository.go:27.2,29.18 3 0
main/internal/feeds/repository/feed_repository.go:64.2,64.19 1 0
main/internal/feeds/repository/feed_repository.go:24.16,26.3 1 0
main/internal/feeds/repository/feed_repository.go:29.18,30.16 1 0
main/internal/feeds/repository/feed_repository.go:33.3,45.23 9 0
main/internal/feeds/repository/feed_repository.go:50.3,50.24 1 0
main/internal/feeds/repository/feed_repository.go:55.3,55.17 1 0
main/internal/feeds/repository/feed_repository.go:60.3,61.6 2 0
main/internal/feeds/repository/feed_repository.go:30.16,31.9 1 0
main/internal/feeds/repository/feed_repository.go:45.23,47.4 1 0
main/internal/feeds/repository/feed_repository.go:47.9,49.4 1 0
main/internal/feeds/repository/feed_repository.go:50.24,52.4 1 0
main/internal/feeds/repository/feed_repository.go:52.9,54.4 1 0
main/internal/feeds/repository/feed_repository.go:55.17,58.4 2 0
main/internal/feeds/repository/feed_repository.go:68.87,72.16 3 0
main/internal/feeds/repository/feed_repository.go:77.2,77.17 1 0
main/internal/feeds/repository/feed_repository.go:100.2,100.18 1 0
main/internal/feeds/repository/feed_repository.go:72.16,75.3 2 0
main/internal/feeds/repository/feed_repository.go:77.17,85.17 6 0
main/internal/feeds/repository/feed_repository.go:89.3,91.19 2 0
main/internal/feeds/repository/feed_repository.go:97.3,97.29 1 0
main/internal/feeds/repository/feed_repository.go:85.17,87.4 1 0
main/internal/feeds/repository/feed_repository.go:91.19,93.4 1 0
main/internal/feeds/repository/feed_repository.go:93.9,95.4 1 0
main/internal/feeds/repository/feed_repository.go:104.96,113.16 6 0
main/internal/feeds/repository/feed_repository.go:118.2,118.17 1 0
main/internal/feeds/repository/feed_repository.go:132.2,132.18 1 0
main/internal/feeds/repository/feed_repository.go:113.16,116.3 2 0
main/internal/feeds/repository/feed_repository.go:118.17,125.17 5 0
main/internal/feeds/repository/feed_repository.go:129.3,129.29 1 0
main/internal/feeds/repository/feed_repository.go:125.17,127.4 1 0
main/internal/feeds/repository/feed_repository.go:136.126,145.16 6 0
main/internal/feeds/repository/feed_repository.go:150.2,150.17 1 0
main/internal/feeds/repository/feed_repository.go:173.2,173.18 1 0
main/internal/feeds/repository/feed_repository.go:145.16,148.3 2 0
main/internal/feeds/repository/feed_repository.go:150.17,158.17 6 0
main/internal/feeds/repository/feed_repository.go:162.3,164.19 2 0
main/internal/feeds/repository/feed_repository.go:170.3,170.29 1 0
main/internal/feeds/repository/feed_repository.go:158.17,160.4 1 0
main/internal/feeds/repository/feed_repository.go:164.19,166.4 1 0
main/internal/feeds/repository/feed_repository.go:166.9,168.4 1 0
main/internal/feeds/repository/feed_repository.go:177.105,181.30 2 0
main/internal/feeds/repository/feed_repository.go:191.2,193.16 3 0
main/internal/feeds/repository/feed_repository.go:198.2,205.16 6 0
main/internal/feeds/repository/feed_repository.go:210.2,215.16 4 0
main/internal/feeds/repository/feed_repository.go:222.2,223.28 2 0
main/internal/feeds/repository/feed_repository.go:181.30,186.21 3 0
main/internal/feeds/repository/feed_repository.go:186.21,188.4 1 0
main/internal/feeds/repository/feed_repository.go:193.16,196.3 2 0
main/internal/feeds/repository/feed_repository.go:205.16,208.3 2 0
main/internal/feeds/repository/feed_repository.go:215.16,220.3 3 0
main/internal/feeds/usecase/feed_ucase.go:13.77,17.16 2 0
main/internal/feeds/usecase/feed_ucase.go:21.2,21.18 1 0
main/internal/feeds/usecase/feed_ucase.go:17.16,19.3 1 0
main/internal/feeds/usecase/feed_ucase.go:24.106,27.2 1 0
main/internal/feeds/usecase/feed_ucase.go:29.84,33.2 1 0
main/internal/cookies/repository/cookie_repository.go:13.84,21.2 2 0
main/internal/cookies/repository/cookie_repository.go:23.110,28.2 2 0
main/internal/cookies/repository/cookie_repository.go:30.81,35.2 2 0
main/internal/cookies/repository/cookie_repository.go:37.93,43.2 3 0
main/internal/like/usecase/like_usecase.go:11.75,13.2 1 0
main/internal/like/usecase/like_usecase.go:15.74,17.2 1 0
main/internal/like/usecase/like_usecase.go:19.77,21.2 1 0
main/internal/like/usecase/like_usecase.go:23.72,25.2 1 0
main/internal/like/usecase/like_usecase.go:27.75,29.2 1 0
main/internal/users/delivery/user_handler.go:20.76,30.18 6 0
main/internal/users/delivery/user_handler.go:37.2,37.16 1 0
main/internal/users/delivery/user_handler.go:48.2,53.48 2 0
main/internal/users/delivery/user_handler.go:30.18,33.3 2 0
main/internal/users/delivery/user_handler.go:33.8,35.3 1 0
main/internal/users/delivery/user_handler.go:37.16,46.3 2 0
main/internal/users/delivery/user_handler.go:56.76,61.18 3 0
main/internal/users/delivery/user_handler.go:70.2,72.16 2 0
main/internal/users/delivery/user_handler.go:83.2,88.51 2 0
main/internal/users/delivery/user_handler.go:61.18,68.3 2 0
main/internal/users/delivery/user_handler.go:72.16,81.3 2 0
main/internal/users/delivery/user_handler.go:91.80,97.18 3 0
main/internal/users/delivery/user_handler.go:107.2,109.16 2 0
main/internal/users/delivery/user_handler.go:119.2,124.52 2 0
main/internal/users/delivery/user_handler.go:97.18,105.3 2 0
main/internal/users/delivery/user_handler.go:109.16,117.3 2 0
main/internal/users/delivery/user_handler.go:127.83,140.18 3 0
main/internal/users/delivery/user_handler.go:151.2,155.16 3 0
main/internal/users/delivery/user_handler.go:166.2,170.13 3 0
main/internal/users/delivery/user_handler.go:177.2,177.16 1 0
main/internal/users/delivery/user_handler.go:187.2,192.52 2 0
main/internal/users/delivery/user_handler.go:140.18,149.3 2 0
main/internal/users/delivery/user_handler.go:155.16,164.3 2 0
main/internal/users/delivery/user_handler.go:171.29,172.47 1 0
main/internal/users/delivery/user_handler.go:173.27,174.36 1 0
main/internal/users/delivery/user_handler.go:177.16,185.3 2 0
main/internal/users/delivery/user_handler.go:196.74,204.16 4 0
main/internal/users/delivery/user_handler.go:214.2,220.16 5 0
main/internal/users/delivery/user_handler.go:229.2,241.43 4 0
main/internal/users/delivery/user_handler.go:204.16,212.3 2 0
main/internal/users/delivery/user_handler.go:220.16,227.3 2 0
main/internal/users/delivery/user_handler.go:244.75,250.16 3 0
main/internal/users/delivery/user_handler.go:260.2,262.16 2 0
main/internal/users/delivery/user_handler.go:272.2,275.43 3 0
main/internal/users/delivery/user_handler.go:250.16,258.3 2 0
main/internal/users/delivery/user_handler.go:262.16,270.3 2 0
main/internal/users/delivery/user_handler.go:278.77,286.16 4 0
main/internal/users/delivery/user_handler.go:296.2,304.13 6 0
main/internal/users/delivery/user_handler.go:311.2,311.16 1 0
main/internal/users/delivery/user_handler.go:321.2,333.43 4 0
main/internal/users/delivery/user_handler.go:286.16,294.3 2 0
main/internal/users/delivery/user_handler.go:305.27,306.37 1 0
main/internal/users/delivery/user_handler.go:307.29,308.48 1 0
main/internal/users/delivery/user_handler.go:311.16,319.3 2 0
main/internal/users/delivery/user_handler.go:337.76,340.16 2 0
main/internal/users/delivery/user_handler.go:343.2,346.69 4 0
main/internal/users/delivery/user_handler.go:340.16,342.3 1 0
main/internal/users/delivery/user_handler.go:350.105,352.2 1 0
main/internal/users/delivery/user_handler.go:354.70,366.2 8 0
main/internal/albums/repository/album_repository.go:15.75,18.2 1 1
main/internal/albums/repository/album_repository.go:20.95,23.16 2 1
main/internal/albums/repository/album_repository.go:28.2,28.12 1 1
main/internal/albums/repository/album_repository.go:23.16,26.3 2 1
main/internal/albums/repository/album_repository.go:32.82,37.15 3 1
main/internal/albums/repository/album_repository.go:44.2,44.16 1 1
main/internal/albums/repository/album_repository.go:48.2,48.18 1 1
main/internal/albums/repository/album_repository.go:63.2,63.20 1 1
main/internal/albums/repository/album_repository.go:37.15,38.18 1 1
main/internal/albums/repository/album_repository.go:38.18,41.4 1 1
main/internal/albums/repository/album_repository.go:44.16,46.3 1 1
main/internal/albums/repository/album_repository.go:48.18,52.28 3 1
main/internal/albums/repository/album_repository.go:56.3,56.17 1 1
main/internal/albums/repository/album_repository.go:60.3,60.33 1 1
main/internal/albums/repository/album_repository.go:52.28,55.4 2 1
main/internal/albums/repository/album_repository.go:56.17,58.4 1 1
main/internal/csrf/csrf.go:16.13,18.2 1 1
main/internal/csrf/csrf.go:24.58,26.2 1 1
main/internal/csrf/csrf.go:28.81,34.2 5 0
main/internal/csrf/csrf.go:36.76,38.25 2 0
main/internal/csrf/csrf.go:42.2,43.16 2 0
main/internal/csrf/csrf.go:47.2,47.34 1 0
main/internal/csrf/csrf.go:51.2,56.16 6 0
main/internal/csrf/csrf.go:61.2,61.49 1 0
main/internal/csrf/csrf.go:38.25,40.3 1 0
main/internal/csrf/csrf.go:43.16,45.3 1 0
main/internal/csrf/csrf.go:47.34,49.3 1 0
main/internal/csrf/csrf.go:56.16,59.3 2 0
main/internal/friends/repository/friends_repository.go:14.77,17.2 1 0
main/internal/friends/repository/friends_repository.go:19.86,26.2 4 0
main/internal/friends/repository/friends_repository.go:28.118,33.15 3 0
main/internal/friends/repository/friends_repository.go:39.2,39.16 1 0
main/internal/friends/repository/friends_repository.go:42.2,42.17 1 0
main/internal/friends/repository/friends_repository.go:55.2,55.25 1 0
main/internal/friends/repository/friends_repository.go:33.15,34.17 1 0
main/internal/friends/repository/friends_repository.go:34.17,36.4 1 0
main/internal/friends/repository/friends_repository.go:39.16,41.3 1 0
main/internal/friends/repository/friends_repository.go:42.17,47.17 3 0
main/internal/friends/repository/friends_repository.go:51.3,51.48 1 0
main/internal/friends/repository/friends_repository.go:47.17,49.4 1 0
main/internal/friends/repository/friends_repository.go:58.112,63.16 3 0
main/internal/friends/repository/friends_repository.go:67.2,69.15 2 0
main/internal/friends/repository/friends_repository.go:74.2,74.16 1 0
main/internal/friends/repository/friends_repository.go:78.2,78.17 1 0
main/internal/friends/repository/friends_repository.go:92.2,92.25 1 0
main/internal/friends/repository/friends_repository.go:63.16,65.3 1 0
main/internal/friends/repository/friends_repository.go:69.15,70.17 1 0
main/internal/friends/repository/friends_repository.go:70.17,72.4 1 0
main/internal/friends/repository/friends_repository.go:74.16,76.3 1 0
main/internal/friends/repository/friends_repository.go:78.17,84.17 3 0
main/internal/friends/repository/friends_repository.go:88.3,88.48 1 0
main/internal/friends/repository/friends_repository.go:84.17,86.4 1 0
main/internal/friends/repository/friends_repository.go:95.131,99.16 2 0
main/internal/friends/repository/friends_repository.go:103.2,103.50 1 0
main/internal/friends/repository/friends_repository.go:99.16,101.3 1 0
main/internal/friends/repository/friends_repository.go:106.88,109.33 2 0
main/internal/friends/repository/friends_repository.go:114.2,114.12 1 0
main/internal/friends/repository/friends_repository.go:109.33,111.3 1 0
main/internal/friends/repository/friends_repository.go:111.8,113.3 1 0
main/internal/friends/repository/friends_repository.go:117.91,120.2 2 0
main/internal/friends/repository/friends_repository.go:122.87,130.2 4 0
main/internal/friends/repository/friends_repository.go:132.81,139.16 4 0
main/internal/friends/repository/friends_repository.go:143.2,143.16 1 0
main/internal/friends/repository/friends_repository.go:139.16,141.3 1 0
main/internal/friends/repository/friends_repository.go:146.85,153.30 4 0
main/internal/friends/repository/friends_repository.go:157.2,157.20 1 0
main/internal/friends/repository/friends_repository.go:161.2,161.18 1 0
main/internal/friends/repository/friends_repository.go:153.30,155.3 1 0
main/internal/friends/repository/friends_repository.go:157.20,159.3 1 0
main/internal/photos/delivery/photo_handler.go:19.89,25.18 3 0
main/internal/photos/delivery/photo_handler.go:34.2,38.16 3 0
main/internal/photos/delivery/photo_handler.go:48.2,53.27 2 0
main/internal/photos/delivery/photo_handler.go:57.2,57.46 1 0
main/internal/photos/delivery/photo_handler.go:25.18,32.3 2 0
main/internal/photos/delivery/photo_handler.go:38.16,46.3 2 0
main/internal/photos/delivery/photo_handler.go:53.27,55.3 1 0
main/internal/photos/delivery/photo_handler.go:60.89,65.18 3 0
main/internal/photos/delivery/photo_handler.go:73.2,77.16 3 0
main/internal/photos/delivery/photo_handler.go:87.2,89.16 2 0
main/internal/photos/delivery/photo_handler.go:99.2,104.43 2 0
main/internal/photos/delivery/photo_handler.go:65.18,72.3 2 0
main/internal/photos/delivery/photo_handler.go:77.16,85.3 2 0
main/internal/photos/delivery/photo_handler.go:89.16,97.3 2 0
main/internal/photos/delivery/photo_handler.go:108.122,110.2 1 0
main/internal/photos/delivery/photo_handler.go:112.72,118.2 2 0
main/internal/friends/delivery/friends_handler.go:17.81,25.16 4 0
main/internal/friends/delivery/friends_handler.go:36.2,41.50 2 0
main/internal/friends/delivery/friends_handler.go:25.16,34.3 2 0
main/internal/friends/delivery/friends_handler.go:45.89,51.18 3 0
main/internal/friends/delivery/friends_handler.go:59.2,62.16 3 0
main/internal/friends/delivery/friends_handler.go:73.2,78.50 2 0
main/internal/friends/delivery/friends_handler.go:51.18,57.3 2 0
main/internal/friends/delivery/friends_handler.go:62.16,71.3 2 0
main/internal/friends/delivery/friends_handler.go:82.80,88.18 3 0
main/internal/friends/delivery/friends_handler.go:98.2,101.16 3 0
main/internal/friends/delivery/friends_handler.go:111.2,116.43 2 0
main/internal/friends/delivery/friends_handler.go:88.18,96.3 2 0
main/internal/friends/delivery/friends_handler.go:101.16,109.3 2 0
main/internal/friends/delivery/friends_handler.go:119.83,126.18 4 0
main/internal/friends/delivery/friends_handler.go:136.2,138.16 2 0
main/internal/friends/delivery/friends_handler.go:148.2,153.43 2 0
main/internal/friends/delivery/friends_handler.go:126.18,134.3 2 0
main/internal/friends/delivery/friends_handler.go:138.16,146.3 2 0
main/internal/friends/delivery/friends_handler.go:156.115,158.2 1 0
main/internal/friends/delivery/friends_handler.go:160.72,167.2 4 0
main/internal/albums/usecase/album_ucase.go:13.85,19.2 2 0
main/internal/albums/usecase/album_ucase.go:21.96,24.16 2 0
main/internal/albums/usecase/album_ucase.go:28.2,28.12 1 0
main/internal/albums/usecase/album_ucase.go:24.16,26.3 1 0
main/internal/albums/usecase/album_ucase.go:31.88,35.2 1 0
main/internal/feeds/delivery/feed_handler.go:18.73,24.18 3 0
main/internal/feeds/delivery/feed_handler.go:35.2,37.16 2 0
main/internal/feeds/delivery/feed_handler.go:48.2,53.50 2 0
main/internal/feeds/delivery/feed_handler.go:24.18,33.3 2 0
main/internal/feeds/delivery/feed_handler.go:37.16,46.3 2 0
main/internal/feeds/delivery/feed_handler.go:56.79,63.18 4 0
main/internal/feeds/delivery/feed_handler.go:74.2,78.16 3 0
main/internal/feeds/delivery/feed_handler.go:89.2,91.16 2 0
main/internal/feeds/delivery/feed_handler.go:102.2,107.43 2 0
main/internal/feeds/delivery/feed_handler.go:63.18,72.3 2 0
main/internal/feeds/delivery/feed_handler.go:78.16,87.3 2 0
main/internal/feeds/delivery/feed_handler.go:91.16,100.3 2 0
main/internal/feeds/delivery/feed_handler.go:110.118,112.2 1 0
main/internal/feeds/delivery/feed_handler.go:114.70,118.2 2 0
main/internal/photos/repository/photo_repository.go:15.75,18.2 1 0
main/internal/photos/repository/photo_repository.go:20.96,26.21 5 0
main/internal/photos/repository/photo_repository.go:30.2,31.16 2 0
main/internal/photos/repository/photo_repository.go:35.2,38.16 4 0
main/internal/photos/repository/photo_repository.go:42.2,43.16 2 0
main/internal/photos/repository/photo_repository.go:46.2,46.12 1 0
main/internal/photos/repository/photo_repository.go:26.21,28.3 1 0
main/internal/photos/repository/photo_repository.go:31.16,34.3 1 0
main/internal/photos/repository/photo_repository.go:38.16,40.3 1 0
main/internal/photos/repository/photo_repository.go:43.16,45.3 1 0
main/internal/photos/repository/photo_repository.go:49.95,54.15 4 0
main/internal/photos/repository/photo_repository.go:59.2,59.16 1 0
main/internal/photos/repository/photo_repository.go:64.2,64.18 1 0
main/internal/photos/repository/photo_repository.go:75.2,78.16 4 0
main/internal/photos/repository/photo_repository.go:82.2,82.23 1 0
main/internal/photos/repository/photo_repository.go:54.15,55.18 1 0
main/internal/photos/repository/photo_repository.go:55.18,57.4 1 0
main/internal/photos/repository/photo_repository.go:59.16,62.3 2 0
main/internal/photos/repository/photo_repository.go:64.18,69.17 3 0
main/internal/photos/repository/photo_repository.go:73.3,73.33 1 0
main/internal/photos/repository/photo_repository.go:69.17,71.4 1 0
main/internal/photos/repository/photo_repository.go:78.16,80.3 1 0
main/internal/like/usecase/like_usecase.go:11.75,13.2 1 0
main/internal/like/usecase/like_usecase.go:15.74,17.2 1 0
main/internal/like/usecase/like_usecase.go:19.77,21.2 1 0
main/internal/like/usecase/like_usecase.go:23.72,25.2 1 0
main/internal/like/usecase/like_usecase.go:27.75,29.2 1 0
main/internal/albums/usecase/album_ucase.go:13.85,19.2 2 0
main/internal/albums/usecase/album_ucase.go:21.96,24.16 2 0
main/internal/albums/usecase/album_ucase.go:28.2,28.12 1 0
main/internal/albums/usecase/album_ucase.go:24.16,26.3 1 0
main/internal/albums/usecase/album_ucase.go:31.88,35.2 1 0
main/internal/feeds/repository/feed_repository.go:16.73,19.2 1 0
main/internal/feeds/repository/feed_repository.go:21.97,24.16 2 0
main/internal/feeds/repository/feed_repository.go:27.2,29.18 3 0
main/internal/feeds/repository/feed_repository.go:64.2,64.19 1 0
main/internal/feeds/repository/feed_repository.go:24.16,26.3 1 0
main/internal/feeds/repository/feed_repository.go:29.18,30.16 1 0
main/internal/feeds/repository/feed_repository.go:33.3,45.23 9 0
main/internal/feeds/repository/feed_repository.go:50.3,50.24 1 0
main/internal/feeds/repository/feed_repository.go:55.3,55.17 1 0
main/internal/feeds/repository/feed_repository.go:60.3,61.6 2 0
main/internal/feeds/repository/feed_repository.go:30.16,31.9 1 0
main/internal/feeds/repository/feed_repository.go:45.23,47.4 1 0
main/internal/feeds/repository/feed_repository.go:47.9,49.4 1 0
main/internal/feeds/repository/feed_repository.go:50.24,52.4 1 0
main/internal/feeds/repository/feed_repository.go:52.9,54.4 1 0
main/internal/feeds/repository/feed_repository.go:55.17,58.4 2 0
main/internal/feeds/repository/feed_repository.go:68.87,72.16 3 0
main/internal/feeds/repository/feed_repository.go:77.2,77.17 1 0
main/internal/feeds/repository/feed_repository.go:100.2,100.18 1 0
main/internal/feeds/repository/feed_repository.go:72.16,75.3 2 0
main/internal/feeds/repository/feed_repository.go:77.17,85.17 6 0
main/internal/feeds/repository/feed_repository.go:89.3,91.19 2 0
main/internal/feeds/repository/feed_repository.go:97.3,97.29 1 0
main/internal/feeds/repository/feed_repository.go:85.17,87.4 1 0
main/internal/feeds/repository/feed_repository.go:91.19,93.4 1 0
main/internal/feeds/repository/feed_repository.go:93.9,95.4 1 0
main/internal/feeds/repository/feed_repository.go:104.96,113.16 6 0
main/internal/feeds/repository/feed_repository.go:118.2,118.17 1 0
main/internal/feeds/repository/feed_repository.go:132.2,132.18 1 0
main/internal/feeds/repository/feed_repository.go:113.16,116.3 2 0
main/internal/feeds/repository/feed_repository.go:118.17,125.17 5 0
main/internal/feeds/repository/feed_repository.go:129.3,129.29 1 0
main/internal/feeds/repository/feed_repository.go:125.17,127.4 1 0
main/internal/feeds/repository/feed_repository.go:136.126,145.16 6 0
main/internal/feeds/repository/feed_repository.go:150.2,150.17 1 0
main/internal/feeds/repository/feed_repository.go:173.2,173.18 1 0
main/internal/feeds/repository/feed_repository.go:145.16,148.3 2 0
main/internal/feeds/repository/feed_repository.go:150.17,158.17 6 0
main/internal/feeds/repository/feed_repository.go:162.3,164.19 2 0
main/internal/feeds/repository/feed_repository.go:170.3,170.29 1 0
main/internal/feeds/repository/feed_repository.go:158.17,160.4 1 0
main/internal/feeds/repository/feed_repository.go:164.19,166.4 1 0
main/internal/feeds/repository/feed_repository.go:166.9,168.4 1 0
main/internal/feeds/repository/feed_repository.go:177.105,181.30 2 0
main/internal/feeds/repository/feed_repository.go:191.2,193.16 3 0
main/internal/feeds/repository/feed_repository.go:198.2,205.16 6 0
main/internal/feeds/repository/feed_repository.go:210.2,215.16 4 0
main/internal/feeds/repository/feed_repository.go:222.2,223.28 2 0
main/internal/feeds/repository/feed_repository.go:181.30,186.21 3 0
main/internal/feeds/repository/feed_repository.go:186.21,188.4 1 0
main/internal/feeds/repository/feed_repository.go:193.16,196.3 2 0
main/internal/feeds/repository/feed_repository.go:205.16,208.3 2 0
main/internal/feeds/repository/feed_repository.go:215.16,220.3 3 0
main/internal/friends/usecase/friends_usecase.go:13.103,19.2 2 0
main/internal/friends/usecase/friends_usecase.go:21.87,25.16 2 0
main/internal/friends/usecase/friends_usecase.go:29.2,31.16 2 0
main/internal/friends/usecase/friends_usecase.go:35.2,35.12 1 0
main/internal/friends/usecase/friends_usecase.go:25.16,27.3 1 0
main/internal/friends/usecase/friends_usecase.go:31.16,33.3 1 0
main/internal/friends/usecase/friends_usecase.go:38.90,42.16 2 0
main/internal/friends/usecase/friends_usecase.go:46.2,48.16 2 0
main/internal/friends/usecase/friends_usecase.go:52.2,52.12 1 0
main/internal/friends/usecase/friends_usecase.go:42.16,44.3 1 0
main/internal/friends/usecase/friends_usecase.go:48.16,50.3 1 0
main/internal/friends/usecase/friends_usecase.go:55.84,57.2 1 0
main/internal/friends/usecase/friends_usecase.go:59.91,63.2 1 0
main/internal/friends/delivery/friends_handler.go:17.81,25.16 4 0
main/internal/friends/delivery/friends_handler.go:36.2,41.50 2 0
main/internal/friends/delivery/friends_handler.go:25.16,34.3 2 0
main/internal/friends/delivery/friends_handler.go:45.89,51.18 3 0
main/internal/friends/delivery/friends_handler.go:59.2,62.16 3 0
main/internal/friends/delivery/friends_handler.go:73.2,78.50 2 0
main/internal/friends/delivery/friends_handler.go:51.18,57.3 2 0
main/internal/friends/delivery/friends_handler.go:62.16,71.3 2 0
main/internal/friends/delivery/friends_handler.go:82.80,88.18 3 0
main/internal/friends/delivery/friends_handler.go:98.2,101.16 3 0
main/internal/friends/delivery/friends_handler.go:111.2,116.43 2 0
main/internal/friends/delivery/friends_handler.go:88.18,96.3 2 0
main/internal/friends/delivery/friends_handler.go:101.16,109.3 2 0
main/internal/friends/delivery/friends_handler.go:119.83,126.18 4 0
main/internal/friends/delivery/friends_handler.go:136.2,138.16 2 0
main/internal/friends/delivery/friends_handler.go:148.2,153.43 2 0
main/internal/friends/delivery/friends_handler.go:126.18,134.3 2 0
main/internal/friends/delivery/friends_handler.go:138.16,146.3 2 0
main/internal/friends/delivery/friends_handler.go:156.115,158.2 1 0
main/internal/friends/delivery/friends_handler.go:160.72,167.2 4 0
main/internal/csrf/csrf.go:16.13,18.2 1 1
main/internal/csrf/csrf.go:24.58,26.2 1 1
main/internal/csrf/csrf.go:28.81,34.2 5 0
main/internal/csrf/csrf.go:36.76,38.25 2 0
main/internal/csrf/csrf.go:42.2,43.16 2 0
main/internal/csrf/csrf.go:47.2,47.34 1 0
main/internal/csrf/csrf.go:51.2,56.16 6 0
main/internal/csrf/csrf.go:61.2,61.49 1 0
main/internal/csrf/csrf.go:38.25,40.3 1 0
main/internal/csrf/csrf.go:43.16,45.3 1 0
main/internal/csrf/csrf.go:47.34,49.3 1 0
main/internal/csrf/csrf.go:56.16,59.3 2 0
main/internal/users/delivery/user_handler.go:20.76,30.18 6 0
main/internal/users/delivery/user_handler.go:37.2,37.16 1 0
main/internal/users/delivery/user_handler.go:48.2,53.48 2 0
main/internal/users/delivery/user_handler.go:30.18,33.3 2 0
main/internal/users/delivery/user_handler.go:33.8,35.3 1 0
main/internal/users/delivery/user_handler.go:37.16,46.3 2 0
main/internal/users/delivery/user_handler.go:56.76,61.18 3 0
main/internal/users/delivery/user_handler.go:70.2,72.16 2 0
main/internal/users/delivery/user_handler.go:83.2,88.51 2 0
main/internal/users/delivery/user_handler.go:61.18,68.3 2 0
main/internal/users/delivery/user_handler.go:72.16,81.3 2 0
main/internal/users/delivery/user_handler.go:91.80,97.18 3 0
main/internal/users/delivery/user_handler.go:107.2,109.16 2 0
main/internal/users/delivery/user_handler.go:119.2,124.52 2 0
main/internal/users/delivery/user_handler.go:97.18,105.3 2 0
main/internal/users/delivery/user_handler.go:109.16,117.3 2 0
main/internal/users/delivery/user_handler.go:127.83,140.18 3 0
main/internal/users/delivery/user_handler.go:151.2,155.16 3 0
main/internal/users/delivery/user_handler.go:166.2,170.13 3 0
main/internal/users/delivery/user_handler.go:177.2,177.16 1 0
main/internal/users/delivery/user_handler.go:187.2,192.52 2 0
main/internal/users/delivery/user_handler.go:140.18,149.3 2 0
main/internal/users/delivery/user_handler.go:155.16,164.3 2 0
main/internal/users/delivery/user_handler.go:171.29,172.47 1 0
main/internal/users/delivery/user_handler.go:173.27,174.36 1 0
main/internal/users/delivery/user_handler.go:177.16,185.3 2 0
main/internal/users/delivery/user_handler.go:196.74,204.16 4 0
main/internal/users/delivery/user_handler.go:214.2,220.16 5 0
main/internal/users/delivery/user_handler.go:229.2,241.43 4 0
main/internal/users/delivery/user_handler.go:204.16,212.3 2 0
main/internal/users/delivery/user_handler.go:220.16,227.3 2 0
main/internal/users/delivery/user_handler.go:244.75,250.16 3 0
main/internal/users/delivery/user_handler.go:260.2,262.16 2 0
main/internal/users/delivery/user_handler.go:272.2,275.43 3 0
main/internal/users/delivery/user_handler.go:250.16,258.3 2 0
main/internal/users/delivery/user_handler.go:262.16,270.3 2 0
main/internal/users/delivery/user_handler.go:278.77,286.16 4 0
main/internal/users/delivery/user_handler.go:296.2,304.13 6 0
main/internal/users/delivery/user_handler.go:311.2,311.16 1 0
main/internal/users/delivery/user_handler.go:321.2,333.43 4 0
main/internal/users/delivery/user_handler.go:286.16,294.3 2 0
main/internal/users/delivery/user_handler.go:305.27,306.37 1 0
main/internal/users/delivery/user_handler.go:307.29,308.48 1 0
main/internal/users/delivery/user_handler.go:311.16,319.3 2 0
main/internal/users/delivery/user_handler.go:337.76,340.16 2 0
main/internal/users/delivery/user_handler.go:343.2,346.69 4 0
main/internal/users/delivery/user_handler.go:340.16,342.3 1 0
main/internal/users/delivery/user_handler.go:350.105,352.2 1 0
main/internal/users/delivery/user_handler.go:354.70,366.2 8 0
main/internal/users/usecase/user_ucase.go:18.53,21.2 2 0
main/internal/users/usecase/user_ucase.go:23.60,27.2 3 0
main/internal/users/usecase/user_ucase.go:36.121,43.16 4 0
main/internal/users/usecase/user_ucase.go:47.2,50.23 3 0
main/internal/users/usecase/user_ucase.go:43.16,45.3 1 0
main/internal/users/usecase/user_ucase.go:54.142,61.16 4 0
main/internal/users/usecase/user_ucase.go:65.2,68.23 3 0
main/internal/users/usecase/user_ucase.go:61.16,63.3 1 0
main/internal/users/usecase/user_ucase.go:72.104,82.2 6 0
main/internal/users/usecase/user_ucase.go:84.86,88.16 2 0
main/internal/users/usecase/user_ucase.go:92.2,92.22 1 0
main/internal/users/usecase/user_ucase.go:88.16,90.3 1 0
main/internal/users/usecase/user_ucase.go:96.122,102.26 3 0
main/internal/users/usecase/user_ucase.go:106.2,106.29 1 0
main/internal/users/usecase/user_ucase.go:113.2,113.25 1 0
main/internal/users/usecase/user_ucase.go:117.2,117.28 1 0
main/internal/users/usecase/user_ucase.go:121.2,121.25 1 0
main/internal/users/usecase/user_ucase.go:125.2,125.26 1 0
main/internal/users/usecase/user_ucase.go:132.2,132.30 1 0
main/internal/users/usecase/user_ucase.go:136.2,136.26 1 0
main/internal/users/usecase/user_ucase.go:140.2,144.16 3 0
main/internal/users/usecase/user_ucase.go:148.2,150.22 2 0
main/internal/users/usecase/user_ucase.go:102.26,104.3 1 0
main/internal/users/usecase/user_ucase.go:106.29,111.3 3 0
main/internal/users/usecase/user_ucase.go:113.25,115.3 1 0
main/internal/users/usecase/user_ucase.go:117.28,119.3 1 0
main/internal/users/usecase/user_ucase.go:121.25,123.3 1 0
main/internal/users/usecase/user_ucase.go:125.26,130.3 2 0
main/internal/users/usecase/user_ucase.go:132.30,134.3 1 0
main/internal/users/usecase/user_ucase.go:136.26,138.3 1 0
main/internal/users/usecase/user_ucase.go:144.16,146.3 1 0
main/internal/users/usecase/user_ucase.go:153.103,157.16 2 0
main/internal/users/usecase/user_ucase.go:161.2,163.16 2 0
main/internal/users/usecase/user_ucase.go:167.2,167.30 1 0
main/internal/users/usecase/user_ucase.go:157.16,159.3 1 0
main/internal/users/usecase/user_ucase.go:163.16,165.3 1 0
main/internal/users/usecase/user_ucase.go:170.115,178.21 4 0
main/internal/users/usecase/user_ucase.go:182.2,182.42 1 0
main/internal/users/usecase/user_ucase.go:186.2,188.21 2 0
main/internal/users/usecase/user_ucase.go:192.2,193.16 2 0
main/internal/users/usecase/user_ucase.go:197.2,197.13 1 0
main/internal/users/usecase/user_ucase.go:178.21,180.3 1 0
main/internal/users/usecase/user_ucase.go:182.42,184.3 1 0
main/internal/users/usecase/user_ucase.go:188.21,190.3 1 0
main/internal/users/usecase/user_ucase.go:193.16,195.3 1 0
main/internal/users/usecase/user_ucase.go:202.122,206.62 2 0
main/internal/users/usecase/user_ucase.go:210.2,233.16 9 0
main/internal/users/usecase/user_ucase.go:237.2,239.12 2 0
main/internal/users/usecase/user_ucase.go:206.62,208.3 1 0
main/internal/users/usecase/user_ucase.go:233.16,235.3 1 0
main/internal/users/usecase/user_ucase.go:243.65,248.2 2 0
main/internal/users/usecase/user_ucase.go:250.86,252.2 1 0
main/internal/users/usecase/user_ucase.go:254.181,261.2 1 0
main/internal/friends/repository/friends_repository.go:14.77,17.2 1 0
main/internal/friends/repository/friends_repository.go:19.86,26.2 4 0
main/internal/friends/repository/friends_repository.go:28.118,33.15 3 0
main/internal/friends/repository/friends_repository.go:39.2,39.16 1 0
main/internal/friends/repository/friends_repository.go:42.2,42.17 1 0
main/internal/friends/repository/friends_repository.go:55.2,55.25 1 0
main/internal/friends/repository/friends_repository.go:33.15,34.17 1 0
main/internal/friends/repository/friends_repository.go:34.17,36.4 1 0
main/internal/friends/repository/friends_repository.go:39.16,41.3 1 0
main/internal/friends/repository/friends_repository.go:42.17,47.17 3 0
main/internal/friends/repository/friends_repository.go:51.3,51.48 1 0
main/internal/friends/repository/friends_repository.go:47.17,49.4 1 0
main/internal/friends/repository/friends_repository.go:58.112,63.16 3 0
main/internal/friends/repository/friends_repository.go:67.2,69.15 2 0
main/internal/friends/repository/friends_repository.go:74.2,74.16 1 0
main/internal/friends/repository/friends_repository.go:78.2,78.17 1 0
main/internal/friends/repository/friends_repository.go:92.2,92.25 1 0
main/internal/friends/repository/friends_repository.go:63.16,65.3 1 0
main/internal/friends/repository/friends_repository.go:69.15,70.17 1 0
main/internal/friends/repository/friends_repository.go:70.17,72.4 1 0
main/internal/friends/repository/friends_repository.go:74.16,76.3 1 0
main/internal/friends/repository/friends_repository.go:78.17,84.17 3 0
main/internal/friends/repository/friends_repository.go:88.3,88.48 1 0
main/internal/friends/repository/friends_repository.go:84.17,86.4 1 0
main/internal/friends/repository/friends_repository.go:95.131,99.16 2 0
main/internal/friends/repository/friends_repository.go:103.2,103.50 1 0
main/internal/friends/repository/friends_repository.go:99.16,101.3 1 0
main/internal/friends/repository/friends_repository.go:106.88,109.33 2 0
main/internal/friends/repository/friends_repository.go:114.2,114.12 1 0
main/internal/friends/repository/friends_repository.go:109.33,111.3 1 0
main/internal/friends/repository/friends_repository.go:111.8,113.3 1 0
main/internal/friends/repository/friends_repository.go:117.91,120.2 2 0
main/internal/friends/repository/friends_repository.go:122.87,130.2 4 0
main/internal/friends/repository/friends_repository.go:132.81,139.16 4 0
main/internal/friends/repository/friends_repository.go:143.2,143.16 1 0
main/internal/friends/repository/friends_repository.go:139.16,141.3 1 0
main/internal/friends/repository/friends_repository.go:146.85,153.30 4 0
main/internal/friends/repository/friends_repository.go:157.2,157.20 1 0
main/internal/friends/repository/friends_repository.go:161.2,161.18 1 0
main/internal/friends/repository/friends_repository.go:153.30,155.3 1 0
main/internal/friends/repository/friends_repository.go:157.20,159.3 1 0
main/internal/users/repository/user_repository.go:14.73,17.2 1 0
main/internal/users/repository/user_repository.go:19.84,26.2 4 0
main/internal/users/repository/user_repository.go:28.79,35.16 4 0
main/internal/users/repository/user_repository.go:39.2,39.17 1 0
main/internal/users/repository/user_repository.go:35.16,37.3 1 0
main/internal/users/repository/user_repository.go:42.84,48.20 4 0
main/internal/users/repository/user_repository.go:52.2,52.18 1 0
main/internal/users/repository/user_repository.go:48.20,50.3 1 0
main/internal/users/repository/user_repository.go:55.93,61.20 4 0
main/internal/users/repository/user_repository.go:64.2,64.18 1 0
main/internal/users/repository/user_repository.go:61.20,63.3 1 0
main/internal/users/repository/user_repository.go:67.97,69.16 2 0
main/internal/users/repository/user_repository.go:72.2,72.12 1 0
main/internal/users/repository/user_repository.go:69.16,71.3 1 0
main/internal/users/repository/user_repository.go:75.88,82.2 4 0
main/internal/users/repository/user_repository.go:84.108,90.2 4 0
main/internal/users/repository/user_repository.go:92.99,99.2 4 0
main/internal/users/repository/user_repository.go:101.79,105.20 4 0
main/internal/users/repository/user_repository.go:108.2,108.18 1 0
main/internal/users/repository/user_repository.go:105.20,107.3 1 0
main/internal/users/repository/user_repository.go:111.81,115.20 4 0
main/internal/users/repository/user_repository.go:118.2,118.22 1 0
main/internal/users/repository/user_repository.go:115.20,117.3 1 0
main/internal/users/repository/user_repository.go:121.79,128.2 4 0
main/internal/users/repository/user_repository.go:130.78,132.16 2 0
main/internal/users/repository/user_repository.go:135.2,135.12 1 0
main/internal/users/repository/user_repository.go:132.16,134.3 1 0
main/internal/users/repository/user_repository.go:138.79,142.20 4 0
main/internal/users/repository/user_repository.go:145.2,145.18 1 0
main/internal/users/repository/user_repository.go:142.20,144.3 1 0
main/internal/albums/repository/album_repository.go:15.75,18.2 1 0
main/internal/albums/repository/album_repository.go:20.95,23.16 2 0
main/internal/albums/repository/album_repository.go:28.2,28.12 1 0
main/internal/albums/repository/album_repository.go:23.16,26.3 2 0
main/internal/albums/repository/album_repository.go:32.82,37.15 3 0
main/internal/albums/repository/album_repository.go:44.2,44.16 1 0
main/internal/albums/repository/album_repository.go:48.2,48.18 1 0
main/internal/albums/repository/album_repository.go:63.2,63.20 1 0
main/internal/albums/repository/album_repository.go:37.15,38.18 1 0
main/internal/albums/repository/album_repository.go:38.18,41.4 1 0
main/internal/albums/repository/album_repository.go:44.16,46.3 1 0
main/internal/albums/repository/album_repository.go:48.18,52.28 3 0
main/internal/albums/repository/album_repository.go:56.3,56.17 1 0
main/internal/albums/repository/album_repository.go:60.3,60.33 1 0
main/internal/albums/repository/album_repository.go:52.28,55.4 2 0
main/internal/albums/repository/album_repository.go:56.17,58.4 1 0
main/internal/like/repository/like_repository.go:12.73,14.2 1 0
main/internal/like/repository/like_repository.go:16.76,26.2 5 0
main/internal/like/repository/like_repository.go:28.79,38.2 5 0
main/internal/like/repository/like_repository.go:40.74,50.2 5 0
main/internal/like/repository/like_repository.go:52.77,61.2 5 0
main/internal/photos/delivery/photo_handler.go:19.89,25.18 3 0
main/internal/photos/delivery/photo_handler.go:34.2,38.16 3 0
main/internal/photos/delivery/photo_handler.go:48.2,53.27 2 0
main/internal/photos/delivery/photo_handler.go:57.2,57.46 1 0
main/internal/photos/delivery/photo_handler.go:25.18,32.3 2 0
main/internal/photos/delivery/photo_handler.go:38.16,46.3 2 0
main/internal/photos/delivery/photo_handler.go:53.27,55.3 1 0
main/internal/photos/delivery/photo_handler.go:60.89,65.18 3 0
main/internal/photos/delivery/photo_handler.go:73.2,77.16 3 0
main/internal/photos/delivery/photo_handler.go:87.2,89.16 2 0
main/internal/photos/delivery/photo_handler.go:99.2,104.43 2 0
main/internal/photos/delivery/photo_handler.go:65.18,72.3 2 0
main/internal/photos/delivery/photo_handler.go:77.16,85.3 2 0
main/internal/photos/delivery/photo_handler.go:89.16,97.3 2 0
main/internal/photos/delivery/photo_handler.go:108.122,110.2 1 0
main/internal/photos/delivery/photo_handler.go:112.72,118.2 2 0
main/internal/albums/delivery/album_handler.go:17.80,22.18 3 1
main/internal/albums/delivery/album_handler.go:32.2,34.16 2 1
main/internal/albums/delivery/album_handler.go:44.2,48.46 2 1
main/internal/albums/delivery/album_handler.go:22.18,30.3 2 1
main/internal/albums/delivery/album_handler.go:34.16,42.3 2 1
main/internal/albums/delivery/album_handler.go:51.82,56.18 3 1
main/internal/albums/delivery/album_handler.go:64.2,69.16 3 1
main/internal/albums/delivery/album_handler.go:79.2,81.16 2 1
main/internal/albums/delivery/album_handler.go:91.2,96.43 2 1
main/internal/albums/delivery/album_handler.go:56.18,63.3 2 1
main/internal/albums/delivery/album_handler.go:69.16,77.3 2 1
main/internal/albums/delivery/album_handler.go:81.16,89.3 2 1
main/internal/albums/delivery/album_handler.go:99.110,101.2 1 1
main/internal/albums/delivery/album_handler.go:103.72,109.2 2 0
main/internal/feeds/usecase/feed_ucase.go:13.77,17.16 2 0
main/internal/feeds/usecase/feed_ucase.go:21.2,21.18 1 0
main/internal/feeds/usecase/feed_ucase.go:17.16,19.3 1 0
main/internal/feeds/usecase/feed_ucase.go:24.106,27.2 1 0
main/internal/feeds/usecase/feed_ucase.go:29.84,33.2 1 0
main/internal/like/delivery/like_handler.go:18.93,20.2 1 0
main/internal/like/delivery/like_handler.go:22.66,28.18 4 0
main/internal/like/delivery/like_handler.go:37.2,39.16 2 0
main/internal/like/delivery/like_handler.go:48.2,53.43 2 0
main/internal/like/delivery/like_handler.go:28.18,35.3 2 0
main/internal/like/delivery/like_handler.go:39.16,46.3 2 0
main/internal/like/delivery/like_handler.go:57.69,63.18 4 0
main/internal/like/delivery/like_handler.go:72.2,74.16 2 0
main/internal/like/delivery/like_handler.go:83.2,88.43 2 0
main/internal/like/delivery/like_handler.go:63.18,70.3 2 0
main/internal/like/delivery/like_handler.go:74.16,81.3 2 0
main/internal/like/delivery/like_handler.go:92.65,98.18 4 0
main/internal/like/delivery/like_handler.go:107.2,109.16 2 0
main/internal/like/delivery/like_handler.go:118.2,123.43 2 0
main/internal/like/delivery/like_handler.go:98.18,105.3 2 0
main/internal/like/delivery/like_handler.go:109.16,116.3 2 0
main/internal/like/delivery/like_handler.go:127.68,133.18 4 0
main/internal/like/delivery/like_handler.go:142.2,144.16 2 0
main/internal/like/delivery/like_handler.go:153.2,158.43 2 0
main/internal/like/delivery/like_handler.go:133.18,140.3 2 0
main/internal/like/delivery/like_handler.go:144.16,151.3 2 0
main/internal/like/delivery/like_handler.go:162.58,168.2 4 0
main/internal/photos/usecase/photo_ucase.go:14.94,19.2 2 0
main/internal/photos/usecase/photo_ucase.go:21.95,25.16 2 0
main/internal/photos/usecase/photo_ucase.go:29.2,29.12 1 0
main/internal/photos/usecase/photo_ucase.go:25.16,27.3 1 0
main/internal/photos/usecase/photo_ucase.go:32.102,36.2 1 0
main/internal/middleware/middleware.go:20.116,22.2 1 0
main/internal/middleware/middleware.go:24.62,35.2 8 0
main/internal/middleware/middleware.go:37.87,38.36 1 0
main/internal/middleware/middleware.go:38.36,46.47 6 0
main/internal/middleware/middleware.go:50.3,50.17 1 0
main/internal/middleware/middleware.go:46.47,48.4 1 0
main/internal/middleware/middleware.go:55.85,57.36 1 0
main/internal/middleware/middleware.go:57.36,59.22 1 0
main/internal/middleware/middleware.go:66.3,66.17 1 0
main/internal/middleware/middleware.go:59.22,60.36 1 0
main/internal/middleware/middleware.go:63.4,63.14 1 0
main/internal/middleware/middleware.go:60.36,62.5 1 0
main/internal/middleware/middleware.go:70.61,72.54 1 0
main/internal/middleware/middleware.go:72.54,74.45 1 0
main/internal/middleware/middleware.go:74.45,95.4 7 0
main/internal/middleware/middleware.go:99.71,100.54 1 0
main/internal/middleware/middleware.go:100.54,102.45 1 0
main/internal/middleware/middleware.go:102.45,108.18 3 0
main/internal/middleware/middleware.go:112.4,112.18 1 0
main/internal/middleware/middleware.go:117.4,119.26 2 0
main/internal/middleware/middleware.go:108.18,110.5 1 0
main/internal/middleware/middleware.go:112.18,115.5 2 0
main/internal/middleware/middleware.go:125.56,126.53 1 0
main/internal/middleware/middleware.go:126.53,127.45 1 0
main/internal/middleware/middleware.go:127.45,128.99 1 0
main/internal/middleware/middleware.go:151.4,151.26 1 0
main/internal/middleware/middleware.go:128.99,130.19 2 0
main/internal/middleware/middleware.go:139.5,143.19 3 0
main/internal/middleware/middleware.go:147.5,147.29 1 0
main/internal/middleware/middleware.go:130.19,137.6 2 0
main/internal/middleware/middleware.go:143.19,145.6 1 0
main/internal/middleware/middleware.go:147.29,149.6 1 0
main/internal/cookies/repository/cookie_repository.go:13.84,21.2 2 0
main/internal/cookies/repository/cookie_repository.go:23.110,28.2 2 0
main/internal/cookies/repository/cookie_repository.go:30.81,35.2 2 0
main/internal/cookies/repository/cookie_repository.go:37.93,43.2 3 0
main/internal/feeds/delivery/feed_handler.go:18.73,24.18 3 0
main/internal/feeds/delivery/feed_handler.go:35.2,37.16 2 0
main/internal/feeds/delivery/feed_handler.go:48.2,53.50 2 0
main/internal/feeds/delivery/feed_handler.go:24.18,33.3 2 0
main/internal/feeds/delivery/feed_handler.go:37.16,46.3 2 0
main/internal/feeds/delivery/feed_handler.go:56.79,63.18 4 0
main/internal/feeds/delivery/feed_handler.go:74.2,78.16 3 0
main/internal/feeds/delivery/feed_handler.go:89.2,91.16 2 0
main/internal/feeds/delivery/feed_handler.go:102.2,107.43 2 0
main/internal/feeds/delivery/feed_handler.go:63.18,72.3 2 0
main/internal/feeds/delivery/feed_handler.go:78.16,87.3 2 0
main/internal/feeds/delivery/feed_handler.go:91.16,100.3 2 0
main/internal/feeds/delivery/feed_handler.go:110.118,112.2 1 0
main/internal/feeds/delivery/feed_handler.go:114.70,118.2 2 0
main/internal/albums/usecase/album_ucase.go:13.85,19.2 2 0
main/internal/albums/usecase/album_ucase.go:21.96,24.16 2 0
main/internal/albums/usecase/album_ucase.go:28.2,28.12 1 0
main/internal/albums/usecase/album_ucase.go:24.16,26.3 1 0
main/internal/albums/usecase/album_ucase.go:31.88,35.2 1 0
main/internal/feeds/delivery/feed_handler.go:18.73,24.18 3 0
main/internal/feeds/delivery/feed_handler.go:35.2,37.16 2 0
main/internal/feeds/delivery/feed_handler.go:48.2,53.50 2 0
main/internal/feeds/delivery/feed_handler.go:24.18,33.3 2 0
main/internal/feeds/delivery/feed_handler.go:37.16,46.3 2 0
main/internal/feeds/delivery/feed_handler.go:56.79,63.18 4 0
main/internal/feeds/delivery/feed_handler.go:74.2,78.16 3 0
main/internal/feeds/delivery/feed_handler.go:89.2,91.16 2 0
main/internal/feeds/delivery/feed_handler.go:102.2,107.43 2 0
main/internal/feeds/delivery/feed_handler.go:63.18,72.3 2 0
main/internal/feeds/delivery/feed_handler.go:78.16,87.3 2 0
main/internal/feeds/delivery/feed_handler.go:91.16,100.3 2 0
main/internal/feeds/delivery/feed_handler.go:110.118,112.2 1 0
main/internal/feeds/delivery/feed_handler.go:114.70,118.2 2 0
main/internal/users/delivery/user_handler.go:20.76,30.18 6 0
main/internal/users/delivery/user_handler.go:37.2,37.16 1 0
main/internal/users/delivery/user_handler.go:48.2,53.48 2 0
main/internal/users/delivery/user_handler.go:30.18,33.3 2 0
main/internal/users/delivery/user_handler.go:33.8,35.3 1 0
main/internal/users/delivery/user_handler.go:37.16,46.3 2 0
main/internal/users/delivery/user_handler.go:56.76,61.18 3 0
main/internal/users/delivery/user_handler.go:70.2,72.16 2 0
main/internal/users/delivery/user_handler.go:83.2,88.51 2 0
main/internal/users/delivery/user_handler.go:61.18,68.3 2 0
main/internal/users/delivery/user_handler.go:72.16,81.3 2 0
main/internal/users/delivery/user_handler.go:91.80,97.18 3 0
main/internal/users/delivery/user_handler.go:107.2,109.16 2 0
main/internal/users/delivery/user_handler.go:119.2,124.52 2 0
main/internal/users/delivery/user_handler.go:97.18,105.3 2 0
main/internal/users/delivery/user_handler.go:109.16,117.3 2 0
main/internal/users/delivery/user_handler.go:127.83,140.18 3 0
main/internal/users/delivery/user_handler.go:151.2,155.16 3 0
main/internal/users/delivery/user_handler.go:166.2,170.13 3 0
main/internal/users/delivery/user_handler.go:177.2,177.16 1 0
main/internal/users/delivery/user_handler.go:187.2,192.52 2 0
main/internal/users/delivery/user_handler.go:140.18,149.3 2 0
main/internal/users/delivery/user_handler.go:155.16,164.3 2 0
main/internal/users/delivery/user_handler.go:171.29,172.47 1 0
main/internal/users/delivery/user_handler.go:173.27,174.36 1 0
main/internal/users/delivery/user_handler.go:177.16,185.3 2 0
main/internal/users/delivery/user_handler.go:196.74,204.16 4 0
main/internal/users/delivery/user_handler.go:214.2,220.16 5 0
main/internal/users/delivery/user_handler.go:229.2,241.43 4 0
main/internal/users/delivery/user_handler.go:204.16,212.3 2 0
main/internal/users/delivery/user_handler.go:220.16,227.3 2 0
main/internal/users/delivery/user_handler.go:244.75,250.16 3 0
main/internal/users/delivery/user_handler.go:260.2,262.16 2 0
main/internal/users/delivery/user_handler.go:272.2,275.43 3 0
main/internal/users/delivery/user_handler.go:250.16,258.3 2 0
main/internal/users/delivery/user_handler.go:262.16,270.3 2 0
main/internal/users/delivery/user_handler.go:278.77,286.16 4 0
main/internal/users/delivery/user_handler.go:296.2,304.13 6 0
main/internal/users/delivery/user_handler.go:311.2,311.16 1 0
main/internal/users/delivery/user_handler.go:321.2,333.43 4 0
main/internal/users/delivery/user_handler.go:286.16,294.3 2 0
main/internal/users/delivery/user_handler.go:305.27,306.37 1 0
main/internal/users/delivery/user_handler.go:307.29,308.48 1 0
main/internal/users/delivery/user_handler.go:311.16,319.3 2 0
main/internal/users/delivery/user_handler.go:337.76,340.16 2 0
main/internal/users/delivery/user_handler.go:343.2,346.69 4 0
main/internal/users/delivery/user_handler.go:340.16,342.3 1 0
main/internal/users/delivery/user_handler.go:350.105,352.2 1 0
main/internal/users/delivery/user_handler.go:354.70,366.2 8 0
main/internal/friends/delivery/friends_handler.go:17.81,25.16 4 1
main/internal/friends/delivery/friends_handler.go:36.2,41.50 2 1
main/internal/friends/delivery/friends_handler.go:25.16,34.3 2 1
main/internal/friends/delivery/friends_handler.go:45.89,51.18 3 1
main/internal/friends/delivery/friends_handler.go:59.2,62.16 3 1
main/internal/friends/delivery/friends_handler.go:73.2,78.50 2 1
main/internal/friends/delivery/friends_handler.go:51.18,57.3 2 1
main/internal/friends/delivery/friends_handler.go:62.16,71.3 2 1
main/internal/friends/delivery/friends_handler.go:82.80,88.18 3 1
main/internal/friends/delivery/friends_handler.go:98.2,101.16 3 1
main/internal/friends/delivery/friends_handler.go:111.2,116.43 2 1
main/internal/friends/delivery/friends_handler.go:88.18,96.3 2 1
main/internal/friends/delivery/friends_handler.go:101.16,109.3 2 1
main/internal/friends/delivery/friends_handler.go:119.83,126.18 4 1
main/internal/friends/delivery/friends_handler.go:136.2,138.16 2 1
main/internal/friends/delivery/friends_handler.go:148.2,153.43 2 1
main/internal/friends/delivery/friends_handler.go:126.18,134.3 2 1
main/internal/friends/delivery/friends_handler.go:138.16,146.3 2 1
main/internal/friends/delivery/friends_handler.go:156.115,158.2 1 1
main/internal/friends/delivery/friends_handler.go:160.72,167.2 4 0
main/internal/feeds/usecase/feed_ucase.go:13.77,17.16 2 0
main/internal/feeds/usecase/feed_ucase.go:21.2,21.18 1 0
main/internal/feeds/usecase/feed_ucase.go:17.16,19.3 1 0
main/internal/feeds/usecase/feed_ucase.go:24.106,27.2 1 0
main/internal/feeds/usecase/feed_ucase.go:29.84,33.2 1 0
main/internal/friends/repository/friends_repository.go:14.77,17.2 1 0
main/internal/friends/repository/friends_repository.go:19.86,26.2 4 0
main/internal/friends/repository/friends_repository.go:28.118,33.15 3 0
main/internal/friends/repository/friends_repository.go:39.2,39.16 1 0
main/internal/friends/repository/friends_repository.go:42.2,42.17 1 0
main/internal/friends/repository/friends_repository.go:55.2,55.25 1 0
main/internal/friends/repository/friends_repository.go:33.15,34.17 1 0
main/internal/friends/repository/friends_repository.go:34.17,36.4 1 0
main/internal/friends/repository/friends_repository.go:39.16,41.3 1 0
main/internal/friends/repository/friends_repository.go:42.17,47.17 3 0
main/internal/friends/repository/friends_repository.go:51.3,51.48 1 0
main/internal/friends/repository/friends_repository.go:47.17,49.4 1 0
main/internal/friends/repository/friends_repository.go:58.112,63.16 3 0
main/internal/friends/repository/friends_repository.go:67.2,69.15 2 0
main/internal/friends/repository/friends_repository.go:74.2,74.16 1 0
main/internal/friends/repository/friends_repository.go:78.2,78.17 1 0
main/internal/friends/repository/friends_repository.go:92.2,92.25 1 0
main/internal/friends/repository/friends_repository.go:63.16,65.3 1 0
main/internal/friends/repository/friends_repository.go:69.15,70.17 1 0
main/internal/friends/repository/friends_repository.go:70.17,72.4 1 0
main/internal/friends/repository/friends_repository.go:74.16,76.3 1 0
main/internal/friends/repository/friends_repository.go:78.17,84.17 3 0
main/internal/friends/repository/friends_repository.go:88.3,88.48 1 0
main/internal/friends/repository/friends_repository.go:84.17,86.4 1 0
main/internal/friends/repository/friends_repository.go:95.131,99.16 2 0
main/internal/friends/repository/friends_repository.go:103.2,103.50 1 0
main/internal/friends/repository/friends_repository.go:99.16,101.3 1 0
main/internal/friends/repository/friends_repository.go:106.88,109.33 2 0
main/internal/friends/repository/friends_repository.go:114.2,114.12 1 0
main/internal/friends/repository/friends_repository.go:109.33,111.3 1 0
main/internal/friends/repository/friends_repository.go:111.8,113.3 1 0
main/internal/friends/repository/friends_repository.go:117.91,120.2 2 0
main/internal/friends/repository/friends_repository.go:122.87,130.2 4 0
main/internal/friends/repository/friends_repository.go:132.81,139.16 4 0
main/internal/friends/repository/friends_repository.go:143.2,143.16 1 0
main/internal/friends/repository/friends_repository.go:139.16,141.3 1 0
main/internal/friends/repository/friends_repository.go:146.85,153.30 4 0
main/internal/friends/repository/friends_repository.go:157.2,157.20 1 0
main/internal/friends/repository/friends_repository.go:161.2,161.18 1 0
main/internal/friends/repository/friends_repository.go:153.30,155.3 1 0
main/internal/friends/repository/friends_repository.go:157.20,159.3 1 0
main/internal/like/delivery/like_handler.go:18.93,20.2 1 0
main/internal/like/delivery/like_handler.go:22.66,28.18 4 0
main/internal/like/delivery/like_handler.go:37.2,39.16 2 0
main/internal/like/delivery/like_handler.go:48.2,53.43 2 0
main/internal/like/delivery/like_handler.go:28.18,35.3 2 0
main/internal/like/delivery/like_handler.go:39.16,46.3 2 0
main/internal/like/delivery/like_handler.go:57.69,63.18 4 0
main/internal/like/delivery/like_handler.go:72.2,74.16 2 0
main/internal/like/delivery/like_handler.go:83.2,88.43 2 0
main/internal/like/delivery/like_handler.go:63.18,70.3 2 0
main/internal/like/delivery/like_handler.go:74.16,81.3 2 0
main/internal/like/delivery/like_handler.go:92.65,98.18 4 0
main/internal/like/delivery/like_handler.go:107.2,109.16 2 0
main/internal/like/delivery/like_handler.go:118.2,123.43 2 0
main/internal/like/delivery/like_handler.go:98.18,105.3 2 0
main/internal/like/delivery/like_handler.go:109.16,116.3 2 0
main/internal/like/delivery/like_handler.go:127.68,133.18 4 0
main/internal/like/delivery/like_handler.go:142.2,144.16 2 0
main/internal/like/delivery/like_handler.go:153.2,158.43 2 0
main/internal/like/delivery/like_handler.go:133.18,140.3 2 0
main/internal/like/delivery/like_handler.go:144.16,151.3 2 0
main/internal/like/delivery/like_handler.go:162.58,168.2 4 0
main/internal/users/usecase/user_ucase.go:18.53,21.2 2 0
main/internal/users/usecase/user_ucase.go:23.60,27.2 3 0
main/internal/users/usecase/user_ucase.go:36.121,43.16 4 0
main/internal/users/usecase/user_ucase.go:47.2,50.23 3 0
main/internal/users/usecase/user_ucase.go:43.16,45.3 1 0
main/internal/users/usecase/user_ucase.go:54.142,61.16 4 0
main/internal/users/usecase/user_ucase.go:65.2,68.23 3 0
main/internal/users/usecase/user_ucase.go:61.16,63.3 1 0
main/internal/users/usecase/user_ucase.go:72.104,82.2 6 0
main/internal/users/usecase/user_ucase.go:84.86,88.16 2 0
main/internal/users/usecase/user_ucase.go:92.2,92.22 1 0
main/internal/users/usecase/user_ucase.go:88.16,90.3 1 0
main/internal/users/usecase/user_ucase.go:96.122,102.26 3 0
main/internal/users/usecase/user_ucase.go:106.2,106.29 1 0
main/internal/users/usecase/user_ucase.go:113.2,113.25 1 0
main/internal/users/usecase/user_ucase.go:117.2,117.28 1 0
main/internal/users/usecase/user_ucase.go:121.2,121.25 1 0
main/internal/users/usecase/user_ucase.go:125.2,125.26 1 0
main/internal/users/usecase/user_ucase.go:132.2,132.30 1 0
main/internal/users/usecase/user_ucase.go:136.2,136.26 1 0
main/internal/users/usecase/user_ucase.go:140.2,144.16 3 0
main/internal/users/usecase/user_ucase.go:148.2,150.22 2 0
main/internal/users/usecase/user_ucase.go:102.26,104.3 1 0
main/internal/users/usecase/user_ucase.go:106.29,111.3 3 0
main/internal/users/usecase/user_ucase.go:113.25,115.3 1 0
main/internal/users/usecase/user_ucase.go:117.28,119.3 1 0
main/internal/users/usecase/user_ucase.go:121.25,123.3 1 0
main/internal/users/usecase/user_ucase.go:125.26,130.3 2 0
main/internal/users/usecase/user_ucase.go:132.30,134.3 1 0
main/internal/users/usecase/user_ucase.go:136.26,138.3 1 0
main/internal/users/usecase/user_ucase.go:144.16,146.3 1 0
main/internal/users/usecase/user_ucase.go:153.103,157.16 2 0
main/internal/users/usecase/user_ucase.go:161.2,163.16 2 0
main/internal/users/usecase/user_ucase.go:167.2,167.30 1 0
main/internal/users/usecase/user_ucase.go:157.16,159.3 1 0
main/internal/users/usecase/user_ucase.go:163.16,165.3 1 0
main/internal/users/usecase/user_ucase.go:170.115,178.21 4 0
main/internal/users/usecase/user_ucase.go:182.2,182.42 1 0
main/internal/users/usecase/user_ucase.go:186.2,188.21 2 0
main/internal/users/usecase/user_ucase.go:192.2,193.16 2 0
main/internal/users/usecase/user_ucase.go:197.2,197.13 1 0
main/internal/users/usecase/user_ucase.go:178.21,180.3 1 0
main/internal/users/usecase/user_ucase.go:182.42,184.3 1 0
main/internal/users/usecase/user_ucase.go:188.21,190.3 1 0
main/internal/users/usecase/user_ucase.go:193.16,195.3 1 0
main/internal/users/usecase/user_ucase.go:202.122,206.62 2 0
main/internal/users/usecase/user_ucase.go:210.2,233.16 9 0
main/internal/users/usecase/user_ucase.go:237.2,239.12 2 0
main/internal/users/usecase/user_ucase.go:206.62,208.3 1 0
main/internal/users/usecase/user_ucase.go:233.16,235.3 1 0
main/internal/users/usecase/user_ucase.go:243.65,248.2 2 0
main/internal/users/usecase/user_ucase.go:250.86,252.2 1 0
main/internal/users/usecase/user_ucase.go:254.181,261.2 1 0
main/internal/friends/usecase/friends_usecase.go:13.103,19.2 2 0
main/internal/friends/usecase/friends_usecase.go:21.87,25.16 2 0
main/internal/friends/usecase/friends_usecase.go:29.2,31.16 2 0
main/internal/friends/usecase/friends_usecase.go:35.2,35.12 1 0
main/internal/friends/usecase/friends_usecase.go:25.16,27.3 1 0
main/internal/friends/usecase/friends_usecase.go:31.16,33.3 1 0
main/internal/friends/usecase/friends_usecase.go:38.90,42.16 2 0
main/internal/friends/usecase/friends_usecase.go:46.2,48.16 2 0
main/internal/friends/usecase/friends_usecase.go:52.2,52.12 1 0
main/internal/friends/usecase/friends_usecase.go:42.16,44.3 1 0
main/internal/friends/usecase/friends_usecase.go:48.16,50.3 1 0
main/internal/friends/usecase/friends_usecase.go:55.84,57.2 1 0
main/internal/friends/usecase/friends_usecase.go:59.91,63.2 1 0
main/internal/like/repository/like_repository.go:12.73,14.2 1 0
main/internal/like/repository/like_repository.go:16.76,26.2 5 0
main/internal/like/repository/like_repository.go:28.79,38.2 5 0
main/internal/like/repository/like_repository.go:40.74,50.2 5 0
main/internal/like/repository/like_repository.go:52.77,61.2 5 0
main/internal/albums/repository/album_repository.go:15.75,18.2 1 0
main/internal/albums/repository/album_repository.go:20.95,23.16 2 0
main/internal/albums/repository/album_repository.go:28.2,28.12 1 0
main/internal/albums/repository/album_repository.go:23.16,26.3 2 0
main/internal/albums/repository/album_repository.go:32.82,37.15 3 0
main/internal/albums/repository/album_repository.go:44.2,44.16 1 0
main/internal/albums/repository/album_repository.go:48.2,48.18 1 0
main/internal/albums/repository/album_repository.go:63.2,63.20 1 0
main/internal/albums/repository/album_repository.go:37.15,38.18 1 0
main/internal/albums/repository/album_repository.go:38.18,41.4 1 0
main/internal/albums/repository/album_repository.go:44.16,46.3 1 0
main/internal/albums/repository/album_repository.go:48.18,52.28 3 0
main/internal/albums/repository/album_repository.go:56.3,56.17 1 0
main/internal/albums/repository/album_repository.go:60.3,60.33 1 0
main/internal/albums/repository/album_repository.go:52.28,55.4 2 0
main/internal/albums/repository/album_repository.go:56.17,58.4 1 0
main/internal/csrf/csrf.go:16.13,18.2 1 1
main/internal/csrf/csrf.go:24.58,26.2 1 1
main/internal/csrf/csrf.go:28.81,34.2 5 0
main/internal/csrf/csrf.go:36.76,38.25 2 0
main/internal/csrf/csrf.go:42.2,43.16 2 0
main/internal/csrf/csrf.go:47.2,47.34 1 0
main/internal/csrf/csrf.go:51.2,56.16 6 0
main/internal/csrf/csrf.go:61.2,61.49 1 0
main/internal/csrf/csrf.go:38.25,40.3 1 0
main/internal/csrf/csrf.go:43.16,45.3 1 0
main/internal/csrf/csrf.go:47.34,49.3 1 0
main/internal/csrf/csrf.go:56.16,59.3 2 0
main/internal/photos/repository/photo_repository.go:15.75,18.2 1 0
main/internal/photos/repository/photo_repository.go:20.96,26.21 5 0
main/internal/photos/repository/photo_repository.go:30.2,31.16 2 0
main/internal/photos/repository/photo_repository.go:35.2,38.16 4 0
main/internal/photos/repository/photo_repository.go:42.2,43.16 2 0
main/internal/photos/repository/photo_repository.go:46.2,46.12 1 0
main/internal/photos/repository/photo_repository.go:26.21,28.3 1 0
main/internal/photos/repository/photo_repository.go:31.16,34.3 1 0
main/internal/photos/repository/photo_repository.go:38.16,40.3 1 0
main/internal/photos/repository/photo_repository.go:43.16,45.3 1 0
main/internal/photos/repository/photo_repository.go:49.95,54.15 4 0
main/internal/photos/repository/photo_repository.go:59.2,59.16 1 0
main/internal/photos/repository/photo_repository.go:64.2,64.18 1 0
main/internal/photos/repository/photo_repository.go:75.2,78.16 4 0
main/internal/photos/repository/photo_repository.go:82.2,82.23 1 0
main/internal/photos/repository/photo_repository.go:54.15,55.18 1 0
main/internal/photos/repository/photo_repository.go:55.18,57.4 1 0
main/internal/photos/repository/photo_repository.go:59.16,62.3 2 0
main/internal/photos/repository/photo_repository.go:64.18,69.17 3 0
main/internal/photos/repository/photo_repository.go:73.3,73.33 1 0
main/internal/photos/repository/photo_repository.go:69.17,71.4 1 0
main/internal/photos/repository/photo_repository.go:78.16,80.3 1 0
main/internal/photos/delivery/photo_handler.go:19.89,25.18 3 0
main/internal/photos/delivery/photo_handler.go:34.2,38.16 3 0
main/internal/photos/delivery/photo_handler.go:48.2,53.27 2 0
main/internal/photos/delivery/photo_handler.go:57.2,57.46 1 0
main/internal/photos/delivery/photo_handler.go:25.18,32.3 2 0
main/internal/photos/delivery/photo_handler.go:38.16,46.3 2 0
main/internal/photos/delivery/photo_handler.go:53.27,55.3 1 0
main/internal/photos/delivery/photo_handler.go:60.89,65.18 3 0
main/internal/photos/delivery/photo_handler.go:73.2,77.16 3 0
main/internal/photos/delivery/photo_handler.go:87.2,89.16 2 0
main/internal/photos/delivery/photo_handler.go:99.2,104.43 2 0
main/internal/photos/delivery/photo_handler.go:65.18,72.3 2 0
main/internal/photos/delivery/photo_handler.go:77.16,85.3 2 0
main/internal/photos/delivery/photo_handler.go:89.16,97.3 2 0
main/internal/photos/delivery/photo_handler.go:108.122,110.2 1 0
main/internal/photos/delivery/photo_handler.go:112.72,118.2 2 0
main/internal/like/usecase/like_usecase.go:11.75,13.2 1 0
main/internal/like/usecase/like_usecase.go:15.74,17.2 1 0
main/internal/like/usecase/like_usecase.go:19.77,21.2 1 0
main/internal/like/usecase/like_usecase.go:23.72,25.2 1 0
main/internal/like/usecase/like_usecase.go:27.75,29.2 1 0
main/internal/cookies/repository/cookie_repository.go:13.84,21.2 2 0
main/internal/cookies/repository/cookie_repository.go:23.110,28.2 2 0
main/internal/cookies/repository/cookie_repository.go:30.81,35.2 2 0
main/internal/cookies/repository/cookie_repository.go:37.93,43.2 3 0
main/internal/albums/delivery/album_handler.go:17.80,22.18 3 0
main/internal/albums/delivery/album_handler.go:32.2,34.16 2 0
main/internal/albums/delivery/album_handler.go:44.2,48.46 2 0
main/internal/albums/delivery/album_handler.go:22.18,30.3 2 0
main/internal/albums/delivery/album_handler.go:34.16,42.3 2 0
main/internal/albums/delivery/album_handler.go:51.82,56.18 3 0
main/internal/albums/delivery/album_handler.go:64.2,69.16 3 0
main/internal/albums/delivery/album_handler.go:79.2,81.16 2 0
main/internal/albums/delivery/album_handler.go:91.2,96.43 2 0
main/internal/albums/delivery/album_handler.go:56.18,63.3 2 0
main/internal/albums/delivery/album_handler.go:69.16,77.3 2 0
main/internal/albums/delivery/album_handler.go:81.16,89.3 2 0
main/internal/albums/delivery/album_handler.go:99.110,101.2 1 0
main/internal/albums/delivery/album_handler.go:103.72,109.2 2 0
main/internal/feeds/repository/feed_repository.go:16.73,19.2 1 0
main/internal/feeds/repository/feed_repository.go:21.97,24.16 2 0
main/internal/feeds/repository/feed_repository.go:27.2,29.18 3 0
main/internal/feeds/repository/feed_repository.go:64.2,64.19 1 0
main/internal/feeds/repository/feed_repository.go:24.16,26.3 1 0
main/internal/feeds/repository/feed_repository.go:29.18,30.16 1 0
main/internal/feeds/repository/feed_repository.go:33.3,45.23 9 0
main/internal/feeds/repository/feed_repository.go:50.3,50.24 1 0
main/internal/feeds/repository/feed_repository.go:55.3,55.17 1 0
main/internal/feeds/repository/feed_repository.go:60.3,61.6 2 0
main/internal/feeds/repository/feed_repository.go:30.16,31.9 1 0
main/internal/feeds/repository/feed_repository.go:45.23,47.4 1 0
main/internal/feeds/repository/feed_repository.go:47.9,49.4 1 0
main/internal/feeds/repository/feed_repository.go:50.24,52.4 1 0
main/internal/feeds/repository/feed_repository.go:52.9,54.4 1 0
main/internal/feeds/repository/feed_repository.go:55.17,58.4 2 0
main/internal/feeds/repository/feed_repository.go:68.87,72.16 3 0
main/internal/feeds/repository/feed_repository.go:77.2,77.17 1 0
main/internal/feeds/repository/feed_repository.go:100.2,100.18 1 0
main/internal/feeds/repository/feed_repository.go:72.16,75.3 2 0
main/internal/feeds/repository/feed_repository.go:77.17,85.17 6 0
main/internal/feeds/repository/feed_repository.go:89.3,91.19 2 0
main/internal/feeds/repository/feed_repository.go:97.3,97.29 1 0
main/internal/feeds/repository/feed_repository.go:85.17,87.4 1 0
main/internal/feeds/repository/feed_repository.go:91.19,93.4 1 0
main/internal/feeds/repository/feed_repository.go:93.9,95.4 1 0
main/internal/feeds/repository/feed_repository.go:104.96,113.16 6 0
main/internal/feeds/repository/feed_repository.go:118.2,118.17 1 0
main/internal/feeds/repository/feed_repository.go:132.2,132.18 1 0
main/internal/feeds/repository/feed_repository.go:113.16,116.3 2 0
main/internal/feeds/repository/feed_repository.go:118.17,125.17 5 0
main/internal/feeds/repository/feed_repository.go:129.3,129.29 1 0
main/internal/feeds/repository/feed_repository.go:125.17,127.4 1 0
main/internal/feeds/repository/feed_repository.go:136.126,145.16 6 0
main/internal/feeds/repository/feed_repository.go:150.2,150.17 1 0
main/internal/feeds/repository/feed_repository.go:173.2,173.18 1 0
main/internal/feeds/repository/feed_repository.go:145.16,148.3 2 0
main/internal/feeds/repository/feed_repository.go:150.17,158.17 6 0
main/internal/feeds/repository/feed_repository.go:162.3,164.19 2 0
main/internal/feeds/repository/feed_repository.go:170.3,170.29 1 0
main/internal/feeds/repository/feed_repository.go:158.17,160.4 1 0
main/internal/feeds/repository/feed_repository.go:164.19,166.4 1 0
main/internal/feeds/repository/feed_repository.go:166.9,168.4 1 0
main/internal/feeds/repository/feed_repository.go:177.105,181.30 2 0
main/internal/feeds/repository/feed_repository.go:191.2,193.16 3 0
main/internal/feeds/repository/feed_repository.go:198.2,205.16 6 0
main/internal/feeds/repository/feed_repository.go:210.2,215.16 4 0
main/internal/feeds/repository/feed_repository.go:222.2,223.28 2 0
main/internal/feeds/repository/feed_repository.go:181.30,186.21 3 0
main/internal/feeds/repository/feed_repository.go:186.21,188.4 1 0
main/internal/feeds/repository/feed_repository.go:193.16,196.3 2 0
main/internal/feeds/repository/feed_repository.go:205.16,208.3 2 0
main/internal/feeds/repository/feed_repository.go:215.16,220.3 3 0
main/internal/photos/usecase/photo_ucase.go:14.94,19.2 2 0
main/internal/photos/usecase/photo_ucase.go:21.95,25.16 2 0
main/internal/photos/usecase/photo_ucase.go:29.2,29.12 1 0
main/internal/photos/usecase/photo_ucase.go:25.16,27.3 1 0
main/internal/photos/usecase/photo_ucase.go:32.102,36.2 1 0
main/internal/users/repository/user_repository.go:14.73,17.2 1 0
main/internal/users/repository/user_repository.go:19.84,26.2 4 0
main/internal/users/repository/user_repository.go:28.79,35.16 4 0
main/internal/users/repository/user_repository.go:39.2,39.17 1 0
main/internal/users/repository/user_repository.go:35.16,37.3 1 0
main/internal/users/repository/user_repository.go:42.84,48.20 4 0
main/internal/users/repository/user_repository.go:52.2,52.18 1 0
main/internal/users/repository/user_repository.go:48.20,50.3 1 0
main/internal/users/repository/user_repository.go:55.93,61.20 4 0
main/internal/users/repository/user_repository.go:64.2,64.18 1 0
main/internal/users/repository/user_repository.go:61.20,63.3 1 0
main/internal/users/repository/user_repository.go:67.97,69.16 2 0
main/internal/users/repository/user_repository.go:72.2,72.12 1 0
main/internal/users/repository/user_repository.go:69.16,71.3 1 0
main/internal/users/repository/user_repository.go:75.88,82.2 4 0
main/internal/users/repository/user_repository.go:84.108,90.2 4 0
main/internal/users/repository/user_repository.go:92.99,99.2 4 0
main/internal/users/repository/user_repository.go:101.79,105.20 4 0
main/internal/users/repository/user_repository.go:108.2,108.18 1 0
main/internal/users/repository/user_repository.go:105.20,107.3 1 0
main/internal/users/repository/user_repository.go:111.81,115.20 4 0
main/internal/users/repository/user_repository.go:118.2,118.22 1 0
main/internal/users/repository/user_repository.go:115.20,117.3 1 0
main/internal/users/repository/user_repository.go:121.79,128.2 4 0
main/internal/users/repository/user_repository.go:130.78,132.16 2 0
[...]
main/internal/like/usecase/like_usecase.go:11.75,13.2 1 0
main/internal/like/usecase/like_usecase.go:15.74,17.2 1 0
main/internal/like/usecase/like_usecase.go:19.77,21.2 1 0
main/internal/like/usecase/like_usecase.go:23.72,25.2 1 0
main/internal/like/usecase/like_usecase.go:27.75,29.2 1 0
main/internal/users/delivery/user_handler.go:20.76,30.18 6 0
main/internal/users/delivery/user_handler.go:37.2,37.16 1 0
main/internal/users/delivery/user_handler.go:48.2,53.48 2 0
main/internal/users/delivery/user_handler.go:30.18,33.3 2 0
main/internal/users/delivery/user_handler.go:33.8,35.3 1 0
main/internal/users/delivery/user_handler.go:37.16,46.3 2 0
main/internal/users/delivery/user_handler.go:56.76,61.18 3 0
main/internal/users/delivery/user_handler.go:70.2,72.16 2 0
main/internal/users/delivery/user_handler.go:83.2,88.51 2 0
main/internal/users/delivery/user_handler.go:61.18,68.3 2 0
main/internal/users/delivery/user_handler.go:72.16,81.3 2 0
main/internal/users/delivery/user_handler.go:91.80,97.18 3 0
main/internal/users/delivery/user_handler.go:107.2,109.16 2 0
main/internal/users/delivery/user_handler.go:119.2,124.52 2 0
main/internal/users/delivery/user_handler.go:97.18,105.3 2 0
main/internal/users/delivery/user_handler.go:109.16,117.3 2 0
main/internal/users/delivery/user_handler.go:127.83,140.18 3 0
main/internal/users/delivery/user_handler.go:151.2,155.16 3 0
main/internal/users/delivery/user_handler.go:166.2,170.13 3 0
main/internal/users/delivery/user_handler.go:177.2,177.16 1 0
main/internal/users/delivery/user_handler.go:187.2,192.52 2 0
main/internal/users/delivery/user_handler.go:140.18,149.3 2 0
main/internal/users/delivery/user_handler.go:155.16,164.3 2 0
main/internal/users/delivery/user_handler.go:171.29,172.47 1 0
main/internal/users/delivery/user_handler.go:173.27,174.36 1 0
main/internal/users/delivery/user_handler.go:177.16,185.3 2 0
main/internal/users/delivery/user_handler.go:196.74,204.16 4 0
main/internal/users/delivery/user_handler.go:214.2,220.16 5 0
main/internal/users/delivery/user_handler.go:229.2,241.43 4 0
main/internal/users/delivery/user_handler.go:204.16,212.3 2 0
main/internal/users/delivery/user_handler.go:220.16,227.3 2 0
main/internal/users/delivery/user_handler.go:244.75,250.16 3 0
main/internal/users/delivery/user_handler.go:260.2,262.16 2 0
main/internal/users/delivery/user_handler.go:272.2,275.43 3 0
main/internal/users/delivery/user_handler.go:250.16,258.3 2 0
main/internal/users/delivery/user_handler.go:262.16,270.3 2 0
main/internal/users/delivery/user_handler.go:278.77,286.16 4 0
main/internal/users/delivery/user_handler.go:296.2,304.13 6 0
main/internal/users/delivery/user_handler.go:311.2,311.16 1 0
main/internal/users/delivery/user_handler.go:321.2,333.43 4 0
main/internal/users/delivery/user_handler.go:286.16,294.3 2 0
main/internal/users/delivery/user_handler.go:305.27,306.37 1 0
main/internal/users/delivery/user_handler.go:307.29,308.48 1 0
main/internal/users/delivery/user_handler.go:311.16,319.3 2 0
main/internal/users/delivery/user_handler.go:337.76,340.16 2 0
main/internal/users/delivery/user_handler.go:343.2,346.69 4 0
main/internal/users/delivery/user_handler.go:340.16,342.3 1 0
main/internal/users/delivery/user_handler.go:350.105,352.2 1 0
main/internal/users/delivery/user_handler.go:354.70,366.2 8 0
main/internal/users/repository/user_repository.go:14.73,17.2 1 0
main/internal/users/repository/user_repository.go:19.84,26.2 4 0
main/internal/users/repository/user_repository.go:28.79,35.16 4 0
main/internal/users/repository/user_repository.go:39.2,39.17 1 0
main/internal/users/repository/user_repository.go:35.16,37.3 1 0
main/internal/users/repository/user_repository.go:42.84,48.20 4 0
main/internal/users/repository/user_repository.go:52.2,52.18 1 0
main/internal/users/repository/user_repository.go:48.20,50.3 1 0
main/internal/users/repository/user_repository.go:55.93,61.20 4 0
main/internal/users/repository/user_repository.go:64.2,64.18 1 0
main/internal/users/repository/user_repository.go:61.20,63.3 1 0
main/internal/users/repository/user_repository.go:67.97,69.16 2 0
main/internal/users/repository/user_repository.go:72.2,72.12 1 0
main/internal/users/repository/user_repository.go:69.16,71.3 1 0
main/internal/users/repository/user_repository.go:75.88,82.2 4 0
main/internal/users/repository/user_repository.go:84.108,90.2 4 0
main/internal/users/repository/user_repository.go:92.99,99.2 4 0
main/internal/users/repository/user_repository.go:101.79,105.20 4 0
main/internal/users/repository/user_repository.go:108.2,108.18 1 0
main/internal/users/repository/user_repository.go:105.20,107.3 1 0
main/internal/users/repository/user_repository.go:111.81,115.20 4 0
main/internal/users/repository/user_repository.go:118.2,118.22 1 0
main/internal/users/repository/user_repository.go:115.20,117.3 1 0
main/internal/users/repository/user_repository.go:121.79,128.2 4 0
main/internal/users/repository/user_repository.go:130.78,132.16 2 0
main/internal/users/repository/user_repository.go:135.2,135.12 1 0
main/internal/users/repository/user_repository.go:132.16,134.3 1 0
main/internal/users/repository/user_repository.go:138.79,142.20 4 0
main/internal/users/repository/user_repository.go:145.2,145.18 1 0
main/internal/users/repository/user_repository.go:142.20,144.3 1 0
main/internal/albums/delivery/album_handler.go:17.80,22.18 3 0
main/internal/albums/delivery/album_handler.go:32.2,34.16 2 0
main/internal/albums/delivery/album_handler.go:44.2,48.46 2 0
main/internal/albums/delivery/album_handler.go:22.18,30.3 2 0
main/internal/albums/delivery/album_handler.go:34.16,42.3 2 0
main/internal/albums/delivery/album_handler.go:51.82,56.18 3 0
main/internal/albums/delivery/album_handler.go:64.2,69.16 3 0
main/internal/albums/delivery/album_handler.go:79.2,81.16 2 0
main/internal/albums/delivery/album_handler.go:91.2,96.43 2 0
main/internal/albums/delivery/album_handler.go:56.18,63.3 2 0
main/internal/albums/delivery/album_handler.go:69.16,77.3 2 0
main/internal/albums/delivery/album_handler.go:81.16,89.3 2 0
main/internal/albums/delivery/album_handler.go:99.110,101.2 1 0
main/internal/albums/delivery/album_handler.go:103.72,109.2 2 0
main/internal/feeds/usecase/feed_ucase.go:13.77,17.16 2 0
main/internal/feeds/usecase/feed_ucase.go:21.2,21.18 1 0
main/internal/feeds/usecase/feed_ucase.go:17.16,19.3 1 0
main/internal/feeds/usecase/feed_ucase.go:24.106,27.2 1 0
main/internal/feeds/usecase/feed_ucase.go:29.84,33.2 1 0
main/internal/friends/usecase/friends_usecase.go:13.103,19.2 2 0
main/internal/friends/usecase/friends_usecase.go:21.87,25.16 2 0
main/internal/friends/usecase/friends_usecase.go:29.2,31.16 2 0
main/internal/friends/usecase/friends_usecase.go:35.2,35.12 1 0
main/internal/friends/usecase/friends_usecase.go:25.16,27.3 1 0
main/internal/friends/usecase/friends_usecase.go:31.16,33.3 1 0
main/internal/friends/usecase/friends_usecase.go:38.90,42.16 2 0
main/internal/friends/usecase/friends_usecase.go:46.2,48.16 2 0
main/internal/friends/usecase/friends_usecase.go:52.2,52.12 1 0
main/internal/friends/usecase/friends_usecase.go:42.16,44.3 1 0
main/internal/friends/usecase/friends_usecase.go:48.16,50.3 1 0
main/internal/friends/usecase/friends_usecase.go:55.84,57.2 1 0
main/internal/friends/usecase/friends_usecase.go:59.91,63.2 1 0
main/internal/like/delivery/like_handler.go:18.93,20.2 1 0
main/internal/like/delivery/like_handler.go:22.66,28.18 4 0
main/internal/like/delivery/like_handler.go:37.2,39.16 2 0
main/internal/like/delivery/like_handler.go:48.2,53.43 2 0
main/internal/like/delivery/like_handler.go:28.18,35.3 2 0
main/internal/like/delivery/like_handler.go:39.16,46.3 2 0
main/internal/like/delivery/like_handler.go:57.69,63.18 4 0
main/internal/like/delivery/like_handler.go:72.2,74.16 2 0
main/internal/like/delivery/like_handler.go:83.2,88.43 2 0
main/internal/like/delivery/like_handler.go:63.18,70.3 2 0
main/internal/like/delivery/like_handler.go:74.16,81.3 2 0
main/internal/like/delivery/like_handler.go:92.65,98.18 4 0
main/internal/like/delivery/like_handler.go:107.2,109.16 2 0
main/internal/like/delivery/like_handler.go:118.2,123.43 2 0
main/internal/like/delivery/like_handler.go:98.18,105.3 2 0
main/internal/like/delivery/like_handler.go:109.16,116.3 2 0
main/internal/like/delivery/like_handler.go:127.68,133.18 4 0
main/internal/like/delivery/like_handler.go:142.2,144.16 2 0
main/internal/like/delivery/like_handler.go:153.2,158.43 2 0
main/internal/like/delivery/like_handler.go:133.18,140.3 2 0
main/internal/like/delivery/like_handler.go:144.16,151.3 2 0
main/internal/like/delivery/like_handler.go:162.58,168.2 4 0
main/internal/photos/delivery/photo_handler.go:19.89,25.18 3 0
main/internal/photos/delivery/photo_handler.go:34.2,38.16 3 0
main/internal/photos/delivery/photo_handler.go:48.2,53.27 2 0
main/internal/photos/delivery/photo_handler.go:57.2,57.46 1 0
main/internal/photos/delivery/photo_handler.go:25.18,32.3 2 0
main/internal/photos/delivery/photo_handler.go:38.16,46.3 2 0
main/internal/photos/delivery/photo_handler.go:53.27,55.3 1 0
main/internal/photos/delivery/photo_handler.go:60.89,65.18 3 0
main/internal/photos/delivery/photo_handler.go:73.2,77.16 3 0
main/internal/photos/delivery/photo_handler.go:87.2,89.16 2 0
main/internal/photos/delivery/photo_handler.go:99.2,104.43 2 0
main/internal/photos/delivery/photo_handler.go:65.18,72.3 2 0
main/internal/photos/delivery/photo_handler.go:77.16,85.3 2 0
main/internal/photos/delivery/photo_handler.go:89.16,97.3 2 0
main/internal/photos/delivery/photo_handler.go:108.122,110.2 1 0
main/internal/photos/delivery/photo_handler.go:112.72,118.2 2 0
main/internal/middleware/middleware.go:20.116,22.2 1 0
main/internal/middleware/middleware.go:24.62,35.2 8 0
main/internal/middleware/middleware.go:37.87,38.36 1 0
main/internal/middleware/middleware.go:38.36,46.47 6 0
main/internal/middleware/middleware.go:50.3,50.17 1 0
main/internal/middleware/middleware.go:46.47,48.4 1 0
main/internal/middleware/middleware.go:55.85,57.36 1 0
main/internal/middleware/middleware.go:57.36,59.22 1 0
main/internal/middleware/middleware.go:66.3,66.17 1 0
main/internal/middleware/middleware.go:59.22,60.36 1 0
main/internal/middleware/middleware.go:63.4,63.14 1 0
main/internal/middleware/middleware.go:60.36,62.5 1 0
main/internal/middleware/middleware.go:70.61,72.54 1 0
main/internal/middleware/middleware.go:72.54,74.45 1 0
main/internal/middleware/middleware.go:74.45,95.4 7 0
main/internal/middleware/middleware.go:99.71,100.54 1 0
main/internal/middleware/middleware.go:100.54,102.45 1 0
main/internal/middleware/middleware.go:102.45,108.18 3 0
main/internal/middleware/middleware.go:112.4,112.18 1 0
main/internal/middleware/middleware.go:117.4,119.26 2 0
main/internal/middleware/middleware.go:108.18,110.5 1 0
main/internal/middleware/middleware.go:112.18,115.5 2 0
main/internal/middleware/middleware.go:125.56,126.53 1 0
main/internal/middleware/middleware.go:126.53,127.45 1 0
main/internal/middleware/middleware.go:127.45,128.99 1 0
main/internal/middleware/middleware.go:151.4,151.26 1 0
main/internal/middleware/middleware.go:128.99,130.19 2 0
main/internal/middleware/middleware.go:139.5,143.19 3 0
main/internal/middleware/middleware.go:147.5,147.29 1 0
main/internal/middleware/middleware.go:130.19,137.6 2 0
main/internal/middleware/middleware.go:143.19,145.6 1 0
main/internal/middleware/middleware.go:147.29,149.6 1 0
main/internal/users/usecase/user_ucase.go:18.53,21.2 2 1
main/internal/users/usecase/user_ucase.go:23.60,27.2 3 1
main/internal/users/usecase/user_ucase.go:36.121,43.16 4 0
main/internal/users/usecase/user_ucase.go:47.2,50.23 3 0
main/internal/users/usecase/user_ucase.go:43.16,45.3 1 0
main/internal/users/usecase/user_ucase.go:54.142,61.16 4 0
main/internal/users/usecase/user_ucase.go:65.2,68.23 3 0
main/internal/users/usecase/user_ucase.go:61.16,63.3 1 0
main/internal/users/usecase/user_ucase.go:72.104,82.2 6 0
main/internal/users/usecase/user_ucase.go:84.86,88.16 2 1
main/internal/users/usecase/user_ucase.go:92.2,92.22 1 1
main/internal/users/usecase/user_ucase.go:88.16,90.3 1 1
main/internal/users/usecase/user_ucase.go:96.122,102.26 3 1
main/internal/users/usecase/user_ucase.go:106.2,106.29 1 1
main/internal/users/usecase/user_ucase.go:113.2,113.25 1 1
main/internal/users/usecase/user_ucase.go:117.2,117.28 1 1
main/internal/users/usecase/user_ucase.go:121.2,121.25 1 1
main/internal/users/usecase/user_ucase.go:125.2,125.26 1 1
main/internal/users/usecase/user_ucase.go:132.2,132.30 1 1
main/internal/users/usecase/user_ucase.go:136.2,136.26 1 1
main/internal/users/usecase/user_ucase.go:140.2,144.16 3 1
main/internal/users/usecase/user_ucase.go:148.2,150.22 2 1
main/internal/users/usecase/user_ucase.go:102.26,104.3 1 1
main/internal/users/usecase/user_ucase.go:106.29,111.3 3 0
main/internal/users/usecase/user_ucase.go:113.25,115.3 1 0
main/internal/users/usecase/user_ucase.go:117.28,119.3 1 0
main/internal/users/usecase/user_ucase.go:121.25,123.3 1 0
main/internal/users/usecase/user_ucase.go:125.26,130.3 2 1
main/internal/users/usecase/user_ucase.go:132.30,134.3 1 0
main/internal/users/usecase/user_ucase.go:136.26,138.3 1 0
main/internal/users/usecase/user_ucase.go:144.16,146.3 1 1
main/internal/users/usecase/user_ucase.go:153.103,157.16 2 0
main/internal/users/usecase/user_ucase.go:161.2,163.16 2 0
main/internal/users/usecase/user_ucase.go:167.2,167.30 1 0
main/internal/users/usecase/user_ucase.go:157.16,159.3 1 0
main/internal/users/usecase/user_ucase.go:163.16,165.3 1 0
main/internal/users/usecase/user_ucase.go:170.115,178.21 4 0
main/internal/users/usecase/user_ucase.go:182.2,182.42 1 0
main/internal/users/usecase/user_ucase.go:186.2,188.21 2 0
main/internal/users/usecase/user_ucase.go:192.2,193.16 2 0
main/internal/users/usecase/user_ucase.go:197.2,197.13 1 0
main/internal/users/usecase/user_ucase.go:178.21,180.3 1 0
main/internal/users/usecase/user_ucase.go:182.42,184.3 1 0
main/internal/users/usecase/user_ucase.go:188.21,190.3 1 0
main/internal/users/usecase/user_ucase.go:193.16,195.3 1 0
main/internal/users/usecase/user_ucase.go:202.122,206.62 2 0
main/internal/users/usecase/user_ucase.go:210.2,233.16 9 0
main/internal/users/usecase/user_ucase.go:237.2,239.12 2 0
main/internal/users/usecase/user_ucase.go:206.62,208.3 1 0
main/internal/users/usecase/user_ucase.go:233.16,235.3 1 0
main/internal/users/usecase/user_ucase.go:243.65,248.2 2 0
main/internal/users/usecase/user_ucase.go:250.86,252.2 1 1
main/internal/users/usecase/user_ucase.go:254.181,261.2 1 1
main/internal/albums/usecase/album_ucase.go:13.85,19.2 2 0
main/internal/albums/usecase/album_ucase.go:21.96,24.16 2 0
main/internal/albums/usecase/album_ucase.go:28.2,28.12 1 0
main/internal/albums/usecase/album_ucase.go:24.16,26.3 1 0
main/internal/albums/usecase/album_ucase.go:31.88,35.2 1 0
main/internal/friends/delivery/friends_handler.go:17.81,25.16 4 0
main/internal/friends/delivery/friends_handler.go:36.2,41.50 2 0
main/internal/friends/delivery/friends_handler.go:25.16,34.3 2 0
main/internal/friends/delivery/friends_handler.go:45.89,51.18 3 0
main/internal/friends/delivery/friends_handler.go:59.2,62.16 3 0
main/internal/friends/delivery/friends_handler.go:73.2,78.50 2 0
main/internal/friends/delivery/friends_handler.go:51.18,57.3 2 0
main/internal/friends/delivery/friends_handler.go:62.16,71.3 2 0
main/internal/friends/delivery/friends_handler.go:82.80,88.18 3 0
main/internal/friends/delivery/friends_handler.go:98.2,101.16 3 0
main/internal/friends/delivery/friends_handler.go:111.2,116.43 2 0
main/internal/friends/delivery/friends_handler.go:88.18,96.3 2 0
main/internal/friends/delivery/friends_handler.go:101.16,109.3 2 0
main/internal/friends/delivery/friends_handler.go:119.83,126.18 4 0
main/internal/friends/delivery/friends_handler.go:136.2,138.16 2 0
main/internal/friends/delivery/friends_handler.go:148.2,153.43 2 0
main/internal/friends/delivery/friends_handler.go:126.18,134.3 2 0
main/internal/friends/delivery/friends_handler.go:138.16,146.3 2 0
main/internal/friends/delivery/friends_handler.go:156.115,158.2 1 0
main/internal/friends/delivery/friends_handler.go:160.72,167.2 4 0
main/internal/friends/repository/friends_repository.go:14.77,17.2 1 0
main/internal/friends/repository/friends_repository.go:19.86,26.2 4 0
main/internal/friends/repository/friends_repository.go:28.118,33.15 3 0
main/internal/friends/repository/friends_repository.go:39.2,39.16 1 0
main/internal/friends/repository/friends_repository.go:42.2,42.17 1 0
main/internal/friends/repository/friends_repository.go:55.2,55.25 1 0
main/internal/friends/repository/friends_repository.go:33.15,34.17 1 0
main/internal/friends/repository/friends_repository.go:34.17,36.4 1 0
main/internal/friends/repository/friends_repository.go:39.16,41.3 1 0
main/internal/friends/repository/friends_repository.go:42.17,47.17 3 0
main/internal/friends/repository/friends_repository.go:51.3,51.48 1 0
main/internal/friends/repository/friends_repository.go:47.17,49.4 1 0
main/internal/friends/repository/friends_repository.go:58.112,63.16 3 0
main/internal/friends/repository/friends_repository.go:67.2,69.15 2 0
main/internal/friends/repository/friends_repository.go:74.2,74.16 1 0
main/internal/friends/repository/friends_repository.go:78.2,78.17 1 0
main/internal/friends/repository/friends_repository.go:92.2,92.25 1 0
main/internal/friends/repository/friends_repository.go:63.16,65.3 1 0
main/internal/friends/repository/friends_repository.go:69.15,70.17 1 0
main/internal/friends/repository/friends_repository.go:70.17,72.4 1 0
main/internal/friends/repository/friends_repository.go:74.16,76.3 1 0
main/internal/friends/repository/friends_repository.go:78.17,84.17 3 0
main/internal/friends/repository/friends_repository.go:88.3,88.48 1 0
main/internal/friends/repository/friends_repository.go:84.17,86.4 1 0
main/internal/friends/repository/friends_repository.go:95.131,99.16 2 0
main/internal/friends/repository/friends_repository.go:103.2,103.50 1 0
main/internal/friends/repository/friends_repository.go:99.16,101.3 1 0
main/internal/friends/repository/friends_repository.go:106.88,109.33 2 0
main/internal/friends/repository/friends_repository.go:114.2,114.12 1 0
main/internal/friends/repository/friends_repository.go:109.33,111.3 1 0
main/internal/friends/repository/friends_repository.go:111.8,113.3 1 0
main/internal/friends/repository/friends_repository.go:117.91,120.2 2 0
main/internal/friends/repository/friends_repository.go:122.87,130.2 4 0
main/internal/friends/repository/friends_repository.go:132.81,139.16 4 0
main/internal/friends/repository/friends_repository.go:143.2,143.16 1 0
main/internal/friends/repository/friends_repository.go:139.16,141.3 1 0
main/internal/friends/repository/friends_repository.go:146.85,153.30 4 0
main/internal/friends/repository/friends_repository.go:157.2,157.20 1 0
main/internal/friends/repository/friends_repository.go:161.2,161.18 1 0
main/internal/friends/repository/friends_repository.go:153.30,155.3 1 0
main/internal/friends/repository/friends_repository.go:157.20,159.3 1 0
main/internal/like/repository/like_repository.go:12.73,14.2 1 0
main/internal/like/repository/like_repository.go:16.76,26.2 5 0
main/internal/like/repository/like_repository.go:28.79,38.2 5 0
main/internal/like/repository/like_repository.go:40.74,50.2 5 0
main/internal/like/repository/like_repository.go:52.77,61.2 5 0
main/internal/cookies/repository/cookie_repository.go:13.84,21.2 2 0
main/internal/cookies/repository/cookie_repository.go:23.110,28.2 2 0
main/internal/cookies/repository/cookie_repository.go:30.81,35.2 2 0
main/internal/cookies/repository/cookie_repository.go:37.93,43.2 3 0
main/internal/photos/usecase/photo_ucase.go:14.94,19.2 2 0
main/internal/photos/usecase/photo_ucase.go:21.95,25.16 2 0
main/internal/photos/usecase/photo_ucase.go:29.2,29.12 1 0
main/internal/photos/usecase/photo_ucase.go:25.16,27.3 1 0
main/internal/photos/usecase/photo_ucase.go:32.102,36.2 1 0
