mode: set
main/internal/like/usecase/like_usecase.go:14.107,16.2 1 0
main/internal/like/usecase/like_usecase.go:18.82,21.16 2 0
main/internal/like/usecase/like_usecase.go:25.2,25.49 1 0
main/internal/like/usecase/like_usecase.go:21.16,23.3 1 0
main/internal/like/usecase/like_usecase.go:28.85,32.16 2 0
main/internal/like/usecase/like_usecase.go:36.2,36.52 1 0
main/internal/like/usecase/like_usecase.go:32.16,34.3 1 0
main/internal/like/usecase/like_usecase.go:39.80,42.16 2 0
main/internal/like/usecase/like_usecase.go:46.2,46.47 1 0
main/internal/like/usecase/like_usecase.go:42.16,44.3 1 0
main/internal/like/usecase/like_usecase.go:49.83,53.16 2 0
main/internal/like/usecase/like_usecase.go:57.2,57.50 1 0
main/internal/like/usecase/like_usecase.go:53.16,55.3 1 0
main/internal/friends/repository/friends_repository.go:15.77,18.2 1 0
main/internal/friends/repository/friends_repository.go:20.86,27.2 4 0
main/internal/friends/repository/friends_repository.go:29.118,36.16 4 0
main/internal/friends/repository/friends_repository.go:40.2,40.17 1 0
main/internal/friends/repository/friends_repository.go:55.2,55.25 1 0
main/internal/friends/repository/friends_repository.go:36.16,38.3 1 0
main/internal/friends/repository/friends_repository.go:40.17,46.17 3 0
main/internal/friends/repository/friends_repository.go:51.3,51.48 1 0
main/internal/friends/repository/friends_repository.go:46.17,49.4 2 0
main/internal/friends/repository/friends_repository.go:58.112,63.16 3 0
main/internal/friends/repository/friends_repository.go:67.2,71.16 3 0
main/internal/friends/repository/friends_repository.go:75.2,75.17 1 0
main/internal/friends/repository/friends_repository.go:90.2,92.25 2 0
main/internal/friends/repository/friends_repository.go:63.16,65.3 1 0
main/internal/friends/repository/friends_repository.go:71.16,73.3 1 0
main/internal/friends/repository/friends_repository.go:75.17,81.17 3 0
main/internal/friends/repository/friends_repository.go:86.3,86.48 1 0
main/internal/friends/repository/friends_repository.go:81.17,84.4 2 0
main/internal/friends/repository/friends_repository.go:95.131,99.16 2 0
main/internal/friends/repository/friends_repository.go:103.2,103.50 1 0
main/internal/friends/repository/friends_repository.go:99.16,101.3 1 0
main/internal/friends/repository/friends_repository.go:106.88,109.2 2 0
main/internal/friends/repository/friends_repository.go:111.91,114.2 2 0
main/internal/friends/repository/friends_repository.go:116.87,124.2 4 0
main/internal/friends/repository/friends_repository.go:126.81,133.16 4 0
main/internal/friends/repository/friends_repository.go:139.2,139.16 1 0
main/internal/friends/repository/friends_repository.go:133.16,137.3 2 0
main/internal/friends/repository/friends_repository.go:142.85,149.30 4 0
main/internal/friends/repository/friends_repository.go:153.2,153.20 1 0
main/internal/friends/repository/friends_repository.go:157.2,157.18 1 0
main/internal/friends/repository/friends_repository.go:149.30,151.3 1 0
main/internal/friends/repository/friends_repository.go:153.20,155.3 1 0
main/internal/friends/usecase/mock/cookie_repo_mock.go:25.77,29.2 3 0
main/internal/friends/usecase/mock/cookie_repo_mock.go:32.75,34.2 1 0
main/internal/friends/usecase/mock/cookie_repo_mock.go:37.91,42.2 4 0
main/internal/friends/usecase/mock/cookie_repo_mock.go:45.98,48.2 2 0
main/internal/friends/usecase/mock/cookie_repo_mock.go:51.64,56.2 4 0
main/internal/friends/usecase/mock/cookie_repo_mock.go:59.89,62.2 2 0
main/internal/friends/usecase/mock/cookie_repo_mock.go:65.76,71.2 5 0
main/internal/friends/usecase/mock/cookie_repo_mock.go:74.94,77.2 2 0
main/internal/cookies/repository/cookie_repository.go:13.84,21.2 2 0
main/internal/cookies/repository/cookie_repository.go:23.110,28.2 2 0
main/internal/cookies/repository/cookie_repository.go:30.81,36.2 2 0
main/internal/cookies/repository/cookie_repository.go:38.93,44.2 3 0
main/internal/feeds/delivery/feed_handler.go:19.73,25.16 3 0
main/internal/feeds/delivery/feed_handler.go:36.2,40.13 3 0
main/internal/feeds/delivery/feed_handler.go:51.2,51.16 1 0
main/internal/feeds/delivery/feed_handler.go:62.2,67.75 2 0
main/internal/feeds/delivery/feed_handler.go:25.16,34.3 2 0
main/internal/feeds/delivery/feed_handler.go:41.28,46.42 3 0
main/internal/feeds/delivery/feed_handler.go:47.29,48.49 1 0
main/internal/feeds/delivery/feed_handler.go:51.16,60.3 2 0
main/internal/feeds/delivery/feed_handler.go:70.79,76.16 3 0
main/internal/feeds/delivery/feed_handler.go:87.2,91.16 3 0
main/internal/feeds/delivery/feed_handler.go:103.2,107.13 3 0
main/internal/feeds/delivery/feed_handler.go:116.2,116.16 1 0
main/internal/feeds/delivery/feed_handler.go:127.2,132.43 2 0
main/internal/feeds/delivery/feed_handler.go:76.16,85.3 2 0
main/internal/feeds/delivery/feed_handler.go:91.16,100.3 2 0
main/internal/feeds/delivery/feed_handler.go:108.28,111.42 3 0
main/internal/feeds/delivery/feed_handler.go:112.27,113.49 1 0
main/internal/feeds/delivery/feed_handler.go:116.16,125.3 2 0
main/internal/feeds/delivery/feed_handler.go:135.118,137.2 1 0
main/internal/feeds/delivery/feed_handler.go:139.70,143.2 2 0
main/internal/like/usecase/mock/cookie_repo_mock.go:25.77,29.2 3 0
main/internal/like/usecase/mock/cookie_repo_mock.go:32.75,34.2 1 0
main/internal/like/usecase/mock/cookie_repo_mock.go:37.91,42.2 4 0
main/internal/like/usecase/mock/cookie_repo_mock.go:45.98,48.2 2 0
main/internal/like/usecase/mock/cookie_repo_mock.go:51.64,56.2 4 0
main/internal/like/usecase/mock/cookie_repo_mock.go:59.89,62.2 2 0
main/internal/like/usecase/mock/cookie_repo_mock.go:65.76,71.2 5 0
main/internal/like/usecase/mock/cookie_repo_mock.go:74.94,77.2 2 0
main/internal/users/delivery/user_handler.go:21.76,30.16 5 0
main/internal/users/delivery/user_handler.go:39.2,39.16 1 0
main/internal/users/delivery/user_handler.go:50.2,55.73 2 0
main/internal/users/delivery/user_handler.go:30.16,34.3 2 0
main/internal/users/delivery/user_handler.go:34.8,37.3 1 0
main/internal/users/delivery/user_handler.go:39.16,48.3 2 0
main/internal/users/delivery/user_handler.go:61.76,66.16 3 0
main/internal/users/delivery/user_handler.go:75.2,77.16 2 0
main/internal/users/delivery/user_handler.go:91.2,96.76 2 0
main/internal/users/delivery/user_handler.go:66.16,73.3 2 0
main/internal/users/delivery/user_handler.go:77.16,89.3 4 0
main/internal/users/delivery/user_handler.go:99.80,104.16 3 0
main/internal/users/delivery/user_handler.go:114.2,118.13 3 0
main/internal/users/delivery/user_handler.go:129.2,129.16 1 0
main/internal/users/delivery/user_handler.go:139.2,144.77 2 0
main/internal/users/delivery/user_handler.go:104.16,112.3 2 0
main/internal/users/delivery/user_handler.go:119.28,124.40 3 0
main/internal/users/delivery/user_handler.go:125.29,126.47 1 0
main/internal/users/delivery/user_handler.go:129.16,137.3 2 0
main/internal/users/delivery/user_handler.go:147.83,153.16 3 0
main/internal/users/delivery/user_handler.go:163.2,167.16 3 0
main/internal/users/delivery/user_handler.go:178.2,182.13 3 0
main/internal/users/delivery/user_handler.go:194.2,194.16 1 0
main/internal/users/delivery/user_handler.go:204.2,209.77 2 0
main/internal/users/delivery/user_handler.go:153.16,161.3 2 0
main/internal/users/delivery/user_handler.go:167.16,176.3 2 0
main/internal/users/delivery/user_handler.go:183.28,187.40 3 0
main/internal/users/delivery/user_handler.go:188.29,189.47 1 0
main/internal/users/delivery/user_handler.go:190.27,191.36 1 0
main/internal/users/delivery/user_handler.go:194.16,202.3 2 0
main/internal/users/delivery/user_handler.go:213.74,221.16 4 0
main/internal/users/delivery/user_handler.go:231.2,237.16 5 0
main/internal/users/delivery/user_handler.go:246.2,258.43 4 0
main/internal/users/delivery/user_handler.go:221.16,229.3 2 0
main/internal/users/delivery/user_handler.go:237.16,244.3 2 0
main/internal/users/delivery/user_handler.go:261.75,267.16 3 0
main/internal/users/delivery/user_handler.go:277.2,279.16 2 0
main/internal/users/delivery/user_handler.go:289.2,292.43 3 0
main/internal/users/delivery/user_handler.go:267.16,275.3 2 0
main/internal/users/delivery/user_handler.go:279.16,287.3 2 0
main/internal/users/delivery/user_handler.go:295.77,303.16 4 0
main/internal/users/delivery/user_handler.go:313.2,321.13 6 0
main/internal/users/delivery/user_handler.go:328.2,328.16 1 0
main/internal/users/delivery/user_handler.go:338.2,350.43 4 0
main/internal/users/delivery/user_handler.go:303.16,311.3 2 0
main/internal/users/delivery/user_handler.go:322.27,323.37 1 0
main/internal/users/delivery/user_handler.go:324.29,325.48 1 0
main/internal/users/delivery/user_handler.go:328.16,336.3 2 0
main/internal/users/delivery/user_handler.go:355.78,360.16 3 0
main/internal/users/delivery/user_handler.go:370.2,373.13 3 0
main/internal/users/delivery/user_handler.go:383.2,383.16 1 0
main/internal/users/delivery/user_handler.go:393.2,397.71 2 0
main/internal/users/delivery/user_handler.go:360.16,368.3 2 0
main/internal/users/delivery/user_handler.go:374.28,378.40 3 0
main/internal/users/delivery/user_handler.go:379.29,380.47 1 0
main/internal/users/delivery/user_handler.go:383.16,391.3 2 0
main/internal/users/delivery/user_handler.go:400.87,406.16 3 0
main/internal/users/delivery/user_handler.go:415.2,421.13 4 0
main/internal/users/delivery/user_handler.go:430.2,430.16 1 0
main/internal/users/delivery/user_handler.go:440.2,445.27 2 0
main/internal/users/delivery/user_handler.go:449.2,449.71 1 0
main/internal/users/delivery/user_handler.go:406.16,413.3 2 0
main/internal/users/delivery/user_handler.go:422.28,425.42 3 0
main/internal/users/delivery/user_handler.go:426.29,427.49 1 0
main/internal/users/delivery/user_handler.go:430.16,438.3 2 0
main/internal/users/delivery/user_handler.go:445.27,447.3 1 0
main/internal/users/delivery/user_handler.go:452.80,457.16 3 0
main/internal/users/delivery/user_handler.go:465.2,469.16 3 0
main/internal/users/delivery/user_handler.go:479.2,483.13 3 0
main/internal/users/delivery/user_handler.go:492.2,492.16 1 0
main/internal/users/delivery/user_handler.go:502.2,507.43 2 0
main/internal/users/delivery/user_handler.go:457.16,464.3 2 0
main/internal/users/delivery/user_handler.go:469.16,477.3 2 0
main/internal/users/delivery/user_handler.go:484.28,487.42 3 0
main/internal/users/delivery/user_handler.go:488.29,489.49 1 0
main/internal/users/delivery/user_handler.go:492.16,500.3 2 0
main/internal/users/delivery/user_handler.go:510.87,515.16 3 0
main/internal/users/delivery/user_handler.go:523.2,527.16 3 0
main/internal/users/delivery/user_handler.go:537.2,541.13 3 0
main/internal/users/delivery/user_handler.go:550.2,550.16 1 0
main/internal/users/delivery/user_handler.go:560.2,565.43 2 0
main/internal/users/delivery/user_handler.go:515.16,522.3 2 0
main/internal/users/delivery/user_handler.go:527.16,535.3 2 0
main/internal/users/delivery/user_handler.go:542.28,545.42 3 0
main/internal/users/delivery/user_handler.go:546.29,547.49 1 0
main/internal/users/delivery/user_handler.go:550.16,558.3 2 0
main/internal/users/delivery/user_handler.go:569.118,571.2 1 0
main/internal/users/delivery/user_handler.go:573.70,589.2 11 0
main/internal/feeds/usecase/mock/feed_repo_mock.go:25.73,29.2 3 1
main/internal/feeds/usecase/mock/feed_repo_mock.go:32.71,34.2 1 1
main/internal/feeds/usecase/mock/feed_repo_mock.go:37.85,43.2 5 1
main/internal/feeds/usecase/mock/feed_repo_mock.go:46.96,49.2 2 1
main/internal/feeds/usecase/mock/feed_repo_mock.go:52.80,58.2 5 0
main/internal/feeds/usecase/mock/feed_repo_mock.go:61.91,64.2 2 0
main/internal/feeds/usecase/mock/feed_repo_mock.go:67.86,73.2 5 0
main/internal/feeds/usecase/mock/feed_repo_mock.go:76.94,79.2 2 0
main/internal/feeds/usecase/mock/feed_repo_mock.go:82.75,87.2 4 1
main/internal/feeds/usecase/mock/feed_repo_mock.go:90.91,93.2 2 1
main/internal/feeds/usecase/mock/feed_repo_mock.go:96.107,102.2 5 0
main/internal/feeds/usecase/mock/feed_repo_mock.go:105.111,108.2 2 0
main/internal/friends/usecase/mock/friend_repo_mock.go:25.77,29.2 3 0
main/internal/friends/usecase/mock/friend_repo_mock.go:32.75,34.2 1 0
main/internal/friends/usecase/mock/friend_repo_mock.go:37.71,43.2 5 0
main/internal/friends/usecase/mock/friend_repo_mock.go:46.89,49.2 2 0
main/internal/friends/usecase/mock/friend_repo_mock.go:52.64,57.2 4 0
main/internal/friends/usecase/mock/friend_repo_mock.go:60.92,63.2 2 0
main/internal/friends/usecase/mock/friend_repo_mock.go:66.67,71.2 4 0
main/internal/friends/usecase/mock/friend_repo_mock.go:74.95,77.2 2 0
main/internal/friends/usecase/mock/friend_repo_mock.go:80.102,86.2 5 0
main/internal/friends/usecase/mock/friend_repo_mock.go:89.97,92.2 2 0
main/internal/friends/usecase/mock/friend_repo_mock.go:95.77,101.2 5 0
main/internal/friends/usecase/mock/friend_repo_mock.go:104.95,107.2 2 0
main/internal/friends/usecase/mock/friend_repo_mock.go:110.103,116.2 5 0
main/internal/friends/usecase/mock/friend_repo_mock.go:119.101,122.2 2 0
main/internal/friends/usecase/mock/friend_repo_mock.go:125.113,131.2 5 0
main/internal/friends/usecase/mock/friend_repo_mock.go:134.104,137.2 2 0
main/internal/friends/usecase/mock/friend_repo_mock.go:140.75,146.2 5 0
main/internal/friends/usecase/mock/friend_repo_mock.go:149.93,152.2 2 0
main/internal/friends/usecase/mock/friend_repo_mock.go:155.78,161.2 5 0
main/internal/friends/usecase/mock/friend_repo_mock.go:164.98,167.2 2 0
main/internal/users/usecase/user_ucase.go:22.53,25.2 2 0
main/internal/users/usecase/user_ucase.go:27.60,33.2 4 0
main/internal/users/usecase/user_ucase.go:42.86,45.16 2 0
main/internal/users/usecase/user_ucase.go:49.2,53.20 3 0
main/internal/users/usecase/user_ucase.go:45.16,47.3 1 0
main/internal/users/usecase/user_ucase.go:57.107,60.16 2 0
main/internal/users/usecase/user_ucase.go:64.2,66.20 2 0
main/internal/users/usecase/user_ucase.go:60.16,62.3 1 0
main/internal/users/usecase/user_ucase.go:69.97,72.16 2 0
main/internal/users/usecase/user_ucase.go:76.2,78.16 2 0
main/internal/users/usecase/user_ucase.go:82.2,82.12 1 0
main/internal/users/usecase/user_ucase.go:72.16,74.3 1 0
main/internal/users/usecase/user_ucase.go:78.16,80.3 1 0
main/internal/users/usecase/user_ucase.go:85.108,88.16 2 0
main/internal/users/usecase/user_ucase.go:92.2,94.16 2 0
main/internal/users/usecase/user_ucase.go:98.2,98.12 1 0
main/internal/users/usecase/user_ucase.go:88.16,90.3 1 0
main/internal/users/usecase/user_ucase.go:94.16,96.3 1 0
main/internal/users/usecase/user_ucase.go:101.95,105.16 2 0
main/internal/users/usecase/user_ucase.go:109.2,115.22 5 0
main/internal/users/usecase/user_ucase.go:105.16,107.3 1 0
main/internal/users/usecase/user_ucase.go:119.137,124.16 3 0
main/internal/users/usecase/user_ucase.go:128.2,134.22 5 0
main/internal/users/usecase/user_ucase.go:124.16,126.3 1 0
main/internal/users/usecase/user_ucase.go:138.92,142.16 2 0
main/internal/users/usecase/user_ucase.go:146.2,151.22 5 0
main/internal/users/usecase/user_ucase.go:142.16,144.3 1 0
main/internal/users/usecase/user_ucase.go:154.96,158.16 2 0
main/internal/users/usecase/user_ucase.go:162.2,166.16 3 0
main/internal/users/usecase/user_ucase.go:170.2,170.22 1 0
main/internal/users/usecase/user_ucase.go:158.16,160.3 1 0
main/internal/users/usecase/user_ucase.go:166.16,168.3 1 0
main/internal/users/usecase/user_ucase.go:174.132,178.16 2 0
main/internal/users/usecase/user_ucase.go:182.2,195.26 4 0
main/internal/users/usecase/user_ucase.go:199.2,199.29 1 0
main/internal/users/usecase/user_ucase.go:206.2,206.25 1 0
main/internal/users/usecase/user_ucase.go:210.2,210.28 1 0
main/internal/users/usecase/user_ucase.go:214.2,214.25 1 0
main/internal/users/usecase/user_ucase.go:218.2,218.26 1 0
main/internal/users/usecase/user_ucase.go:227.2,227.30 1 0
main/internal/users/usecase/user_ucase.go:231.2,231.26 1 0
main/internal/users/usecase/user_ucase.go:235.2,239.16 3 0
main/internal/users/usecase/user_ucase.go:243.2,247.22 3 0
main/internal/users/usecase/user_ucase.go:178.16,180.3 1 0
main/internal/users/usecase/user_ucase.go:195.26,197.3 1 0
main/internal/users/usecase/user_ucase.go:199.29,204.3 3 0
main/internal/users/usecase/user_ucase.go:206.25,208.3 1 0
main/internal/users/usecase/user_ucase.go:210.28,212.3 1 0
main/internal/users/usecase/user_ucase.go:214.25,216.3 1 0
main/internal/users/usecase/user_ucase.go:218.26,225.3 3 0
main/internal/users/usecase/user_ucase.go:227.30,229.3 1 0
main/internal/users/usecase/user_ucase.go:231.26,233.3 1 0
main/internal/users/usecase/user_ucase.go:239.16,241.3 1 0
main/internal/users/usecase/user_ucase.go:250.144,254.16 2 0
main/internal/users/usecase/user_ucase.go:258.2,260.16 2 0
main/internal/users/usecase/user_ucase.go:264.2,266.16 2 0
main/internal/users/usecase/user_ucase.go:270.2,270.20 1 0
main/internal/users/usecase/user_ucase.go:254.16,256.3 1 0
main/internal/users/usecase/user_ucase.go:260.16,262.3 1 0
main/internal/users/usecase/user_ucase.go:266.16,268.3 1 0
main/internal/users/usecase/user_ucase.go:273.115,279.21 4 0
main/internal/users/usecase/user_ucase.go:283.2,283.43 1 0
main/internal/users/usecase/user_ucase.go:287.2,289.21 2 0
main/internal/users/usecase/user_ucase.go:293.2,295.12 2 0
main/internal/users/usecase/user_ucase.go:279.21,281.3 1 0
main/internal/users/usecase/user_ucase.go:283.43,285.3 1 0
main/internal/users/usecase/user_ucase.go:289.21,291.3 1 0
main/internal/users/usecase/user_ucase.go:299.122,303.62 2 0
main/internal/users/usecase/user_ucase.go:307.2,330.16 9 0
main/internal/users/usecase/user_ucase.go:334.2,336.12 2 0
main/internal/users/usecase/user_ucase.go:303.62,305.3 1 0
main/internal/users/usecase/user_ucase.go:330.16,332.3 1 0
main/internal/users/usecase/user_ucase.go:340.65,345.2 2 0
main/internal/users/usecase/user_ucase.go:347.94,351.2 2 0
main/internal/users/usecase/user_ucase.go:353.222,360.2 1 0
main/internal/feeds/repository/feed_repository.go:16.73,19.2 1 0
main/internal/feeds/repository/feed_repository.go:21.97,24.16 2 0
main/internal/feeds/repository/feed_repository.go:27.2,29.18 3 0
main/internal/feeds/repository/feed_repository.go:61.2,61.19 1 0
main/internal/feeds/repository/feed_repository.go:24.16,26.3 1 0
main/internal/feeds/repository/feed_repository.go:29.18,30.16 1 0
main/internal/feeds/repository/feed_repository.go:33.3,42.23 7 0
main/internal/feeds/repository/feed_repository.go:47.3,47.24 1 0
main/internal/feeds/repository/feed_repository.go:52.3,52.17 1 0
main/internal/feeds/repository/feed_repository.go:57.3,58.6 2 0
main/internal/feeds/repository/feed_repository.go:30.16,31.9 1 0
main/internal/feeds/repository/feed_repository.go:42.23,44.4 1 0
main/internal/feeds/repository/feed_repository.go:44.9,46.4 1 0
main/internal/feeds/repository/feed_repository.go:47.24,49.4 1 0
main/internal/feeds/repository/feed_repository.go:49.9,51.4 1 0
main/internal/feeds/repository/feed_repository.go:52.17,55.4 2 0
main/internal/feeds/repository/feed_repository.go:65.87,69.16 3 0
main/internal/feeds/repository/feed_repository.go:74.2,74.17 1 0
main/internal/feeds/repository/feed_repository.go:97.2,97.18 1 0
main/internal/feeds/repository/feed_repository.go:69.16,72.3 2 0
main/internal/feeds/repository/feed_repository.go:74.17,82.17 6 0
main/internal/feeds/repository/feed_repository.go:86.3,88.19 2 0
main/internal/feeds/repository/feed_repository.go:94.3,94.30 1 0
main/internal/feeds/repository/feed_repository.go:82.17,84.4 1 0
main/internal/feeds/repository/feed_repository.go:88.19,90.4 1 0
main/internal/feeds/repository/feed_repository.go:90.9,92.4 1 0
main/internal/feeds/repository/feed_repository.go:101.96,111.16 6 0
main/internal/feeds/repository/feed_repository.go:116.2,116.17 1 0
main/internal/feeds/repository/feed_repository.go:130.2,130.18 1 0
main/internal/feeds/repository/feed_repository.go:111.16,114.3 2 0
main/internal/feeds/repository/feed_repository.go:116.17,123.17 5 0
main/internal/feeds/repository/feed_repository.go:127.3,127.30 1 0
main/internal/feeds/repository/feed_repository.go:123.17,125.4 1 0
main/internal/feeds/repository/feed_repository.go:134.126,144.16 6 0
main/internal/feeds/repository/feed_repository.go:149.2,149.17 1 0
main/internal/feeds/repository/feed_repository.go:172.2,172.18 1 0
main/internal/feeds/repository/feed_repository.go:144.16,147.3 2 0
main/internal/feeds/repository/feed_repository.go:149.17,157.17 6 0
main/internal/feeds/repository/feed_repository.go:161.3,163.19 2 0
main/internal/feeds/repository/feed_repository.go:169.3,169.30 1 0
main/internal/feeds/repository/feed_repository.go:157.17,159.4 1 0
main/internal/feeds/repository/feed_repository.go:163.19,165.4 1 0
main/internal/feeds/repository/feed_repository.go:165.9,167.4 1 0
main/internal/feeds/repository/feed_repository.go:176.85,180.30 2 0
main/internal/feeds/repository/feed_repository.go:190.2,192.16 2 0
main/internal/feeds/repository/feed_repository.go:197.2,201.16 4 0
main/internal/feeds/repository/feed_repository.go:209.2,210.28 2 0
main/internal/feeds/repository/feed_repository.go:180.30,185.21 3 0
main/internal/feeds/repository/feed_repository.go:185.21,187.4 1 0
main/internal/feeds/repository/feed_repository.go:192.16,195.3 2 0
main/internal/feeds/repository/feed_repository.go:201.16,206.3 3 0
main/internal/feeds/usecase/mock/cookie_repo_mock.go:25.77,29.2 3 1
main/internal/feeds/usecase/mock/cookie_repo_mock.go:32.75,34.2 1 1
main/internal/feeds/usecase/mock/cookie_repo_mock.go:37.91,42.2 4 0
main/internal/feeds/usecase/mock/cookie_repo_mock.go:45.98,48.2 2 0
main/internal/feeds/usecase/mock/cookie_repo_mock.go:51.64,56.2 4 0
main/internal/feeds/usecase/mock/cookie_repo_mock.go:59.89,62.2 2 0
main/internal/feeds/usecase/mock/cookie_repo_mock.go:65.76,71.2 5 1
main/internal/feeds/usecase/mock/cookie_repo_mock.go:74.94,77.2 2 1
main/internal/like/usecase/mock/like_repo_mock.go:24.73,28.2 3 0
main/internal/like/usecase/mock/like_repo_mock.go:31.71,33.2 1 0
main/internal/like/usecase/mock/like_repo_mock.go:36.62,41.2 4 0
main/internal/like/usecase/mock/like_repo_mock.go:44.90,47.2 2 0
main/internal/like/usecase/mock/like_repo_mock.go:50.65,55.2 4 0
main/internal/like/usecase/mock/like_repo_mock.go:58.93,61.2 2 0
main/internal/like/usecase/mock/like_repo_mock.go:64.61,69.2 4 0
main/internal/like/usecase/mock/like_repo_mock.go:72.89,75.2 2 0
main/internal/like/usecase/mock/like_repo_mock.go:78.64,83.2 4 0
main/internal/like/usecase/mock/like_repo_mock.go:86.92,89.2 2 0
main/internal/feeds/usecase/feed_ucase.go:15.80,19.16 2 1
main/internal/feeds/usecase/feed_ucase.go:23.2,25.16 2 1
main/internal/feeds/usecase/feed_ucase.go:29.2,29.19 1 1
main/internal/feeds/usecase/feed_ucase.go:19.16,21.3 1 1
main/internal/feeds/usecase/feed_ucase.go:25.16,27.3 1 1
main/internal/feeds/usecase/feed_ucase.go:32.90,36.16 2 1
main/internal/feeds/usecase/feed_ucase.go:40.2,40.45 1 1
main/internal/feeds/usecase/feed_ucase.go:36.16,38.3 1 1
main/internal/feeds/usecase/feed_ucase.go:43.116,48.2 1 1
main/internal/friends/delivery/friends_delivery.go:19.81,27.16 4 0
main/internal/friends/delivery/friends_delivery.go:38.2,43.75 2 0
main/internal/friends/delivery/friends_delivery.go:27.16,36.3 2 0
main/internal/friends/delivery/friends_delivery.go:47.89,53.16 3 0
main/internal/friends/delivery/friends_delivery.go:62.2,65.16 3 0
main/internal/friends/delivery/friends_delivery.go:76.2,81.75 2 0
main/internal/friends/delivery/friends_delivery.go:53.16,60.3 2 0
main/internal/friends/delivery/friends_delivery.go:65.16,74.3 2 0
main/internal/friends/delivery/friends_delivery.go:85.80,91.16 3 0
main/internal/friends/delivery/friends_delivery.go:101.2,106.13 4 0
main/internal/friends/delivery/friends_delivery.go:118.2,118.16 1 0
main/internal/friends/delivery/friends_delivery.go:128.2,133.43 2 0
main/internal/friends/delivery/friends_delivery.go:91.16,99.3 2 0
main/internal/friends/delivery/friends_delivery.go:107.28,112.42 3 0
main/internal/friends/delivery/friends_delivery.go:114.28,115.49 1 0
main/internal/friends/delivery/friends_delivery.go:118.16,126.3 2 0
main/internal/friends/delivery/friends_delivery.go:136.83,142.16 3 0
main/internal/friends/delivery/friends_delivery.go:152.2,157.13 4 0
main/internal/friends/delivery/friends_delivery.go:169.2,169.16 1 0
main/internal/friends/delivery/friends_delivery.go:179.2,184.43 2 0
main/internal/friends/delivery/friends_delivery.go:142.16,150.3 2 0
main/internal/friends/delivery/friends_delivery.go:158.28,163.42 3 0
main/internal/friends/delivery/friends_delivery.go:165.31,166.49 1 0
main/internal/friends/delivery/friends_delivery.go:169.16,177.3 2 0
main/internal/friends/delivery/friends_delivery.go:187.113,189.2 1 0
main/internal/friends/delivery/friends_delivery.go:191.72,198.2 4 0
main/internal/like/repository/like_repository.go:12.73,14.2 1 0
main/internal/like/repository/like_repository.go:18.76,28.2 5 0
main/internal/like/repository/like_repository.go:30.79,40.2 5 0
main/internal/like/repository/like_repository.go:42.74,52.2 5 0
main/internal/like/repository/like_repository.go:54.77,64.2 5 0
main/internal/middleware/middleware.go:12.64,14.36 1 0
main/internal/middleware/middleware.go:14.36,26.47 6 0
main/internal/middleware/middleware.go:30.3,30.17 1 0
main/internal/middleware/middleware.go:26.47,28.4 1 0
main/internal/middleware/middleware.go:35.62,37.36 1 0
main/internal/middleware/middleware.go:37.36,39.22 1 0
main/internal/middleware/middleware.go:46.3,46.17 1 0
main/internal/middleware/middleware.go:39.22,40.36 1 0
main/internal/middleware/middleware.go:43.4,43.14 1 0
main/internal/middleware/middleware.go:40.36,42.5 1 0
main/internal/middleware/middleware.go:50.61,52.54 1 0
main/internal/middleware/middleware.go:52.54,55.45 2 0
main/internal/middleware/middleware.go:55.45,76.4 7 0
main/internal/friends/usecase/friends_usecase.go:14.99,22.2 4 0
main/internal/friends/usecase/friends_usecase.go:24.83,28.16 2 0
main/internal/friends/usecase/friends_usecase.go:32.2,36.16 3 0
main/internal/friends/usecase/friends_usecase.go:40.2,40.12 1 0
main/internal/friends/usecase/friends_usecase.go:28.16,30.3 1 0
main/internal/friends/usecase/friends_usecase.go:36.16,38.3 1 0
main/internal/friends/usecase/friends_usecase.go:43.86,47.16 2 0
main/internal/friends/usecase/friends_usecase.go:51.2,55.16 3 0
main/internal/friends/usecase/friends_usecase.go:59.2,59.12 1 0
main/internal/friends/usecase/friends_usecase.go:47.16,49.3 1 0
main/internal/friends/usecase/friends_usecase.go:55.16,57.3 1 0
main/internal/friends/usecase/friends_usecase.go:62.96,66.2 2 0
main/internal/friends/usecase/friends_usecase.go:68.120,73.2 1 0
main/internal/like/delivery/like_handler.go:21.104,23.2 1 0
main/internal/like/delivery/like_handler.go:25.66,31.16 4 0
main/internal/like/delivery/like_handler.go:40.2,42.32 2 0
main/internal/like/delivery/like_handler.go:55.2,55.16 1 0
main/internal/like/delivery/like_handler.go:64.2,69.43 2 0
main/internal/like/delivery/like_handler.go:31.16,38.3 2 0
main/internal/like/delivery/like_handler.go:42.32,53.3 4 0
main/internal/like/delivery/like_handler.go:55.16,62.3 2 0
main/internal/like/delivery/like_handler.go:73.69,79.16 4 0
main/internal/like/delivery/like_handler.go:88.2,90.32 2 0
main/internal/like/delivery/like_handler.go:103.2,103.16 1 0
main/internal/like/delivery/like_handler.go:112.2,117.43 2 0
main/internal/like/delivery/like_handler.go:79.16,86.3 2 0
main/internal/like/delivery/like_handler.go:90.32,101.3 4 0
main/internal/like/delivery/like_handler.go:103.16,110.3 2 0
main/internal/like/delivery/like_handler.go:121.65,129.16 5 0
main/internal/like/delivery/like_handler.go:138.2,140.32 2 0
main/internal/like/delivery/like_handler.go:153.2,153.16 1 0
main/internal/like/delivery/like_handler.go:162.2,167.43 2 0
main/internal/like/delivery/like_handler.go:129.16,136.3 2 0
main/internal/like/delivery/like_handler.go:140.32,151.3 4 0
main/internal/like/delivery/like_handler.go:153.16,160.3 2 0
main/internal/like/delivery/like_handler.go:171.68,177.16 4 0
main/internal/like/delivery/like_handler.go:186.2,188.32 2 0
main/internal/like/delivery/like_handler.go:201.2,201.16 1 0
main/internal/like/delivery/like_handler.go:210.2,215.43 2 0
main/internal/like/delivery/like_handler.go:177.16,184.3 2 0
main/internal/like/delivery/like_handler.go:188.32,199.3 4 0
main/internal/like/delivery/like_handler.go:201.16,208.3 2 0
main/internal/like/delivery/like_handler.go:220.59,226.2 4 0
main/internal/users/repository/user_repository.go:16.73,19.2 1 0
main/internal/users/repository/user_repository.go:22.96,28.21 5 0
main/internal/users/repository/user_repository.go:32.2,33.16 2 0
main/internal/users/repository/user_repository.go:36.2,39.16 4 0
main/internal/users/repository/user_repository.go:43.2,44.16 2 0
main/internal/users/repository/user_repository.go:47.2,47.12 1 0
main/internal/users/repository/user_repository.go:28.21,30.3 1 0
main/internal/users/repository/user_repository.go:33.16,35.3 1 0
main/internal/users/repository/user_repository.go:39.16,41.3 1 0
main/internal/users/repository/user_repository.go:44.16,46.3 1 0
main/internal/users/repository/user_repository.go:50.95,53.15 2 0
main/internal/users/repository/user_repository.go:57.2,57.12 1 0
main/internal/users/repository/user_repository.go:53.15,55.3 1 0
main/internal/users/repository/user_repository.go:61.95,67.16 5 0
main/internal/users/repository/user_repository.go:71.2,71.18 1 0
main/internal/users/repository/user_repository.go:82.2,85.16 4 0
main/internal/users/repository/user_repository.go:89.2,89.23 1 0
main/internal/users/repository/user_repository.go:67.16,69.3 1 0
main/internal/users/repository/user_repository.go:71.18,76.17 3 0
main/internal/users/repository/user_repository.go:80.3,80.33 1 0
main/internal/users/repository/user_repository.go:76.17,78.4 1 0
main/internal/users/repository/user_repository.go:85.16,87.3 1 0
main/internal/users/repository/user_repository.go:92.81,97.16 4 0
main/internal/users/repository/user_repository.go:101.2,101.18 1 0
main/internal/users/repository/user_repository.go:116.2,116.20 1 0
main/internal/users/repository/user_repository.go:97.16,99.3 1 0
main/internal/users/repository/user_repository.go:101.18,105.28 3 0
main/internal/users/repository/user_repository.go:109.3,109.17 1 0
main/internal/users/repository/user_repository.go:113.3,113.33 1 0
main/internal/users/repository/user_repository.go:105.28,108.4 2 0
main/internal/users/repository/user_repository.go:109.17,111.4 1 0
main/internal/users/repository/user_repository.go:119.77,121.16 2 0
main/internal/users/repository/user_repository.go:124.2,124.12 1 0
main/internal/users/repository/user_repository.go:121.16,123.3 1 0
main/internal/users/repository/user_repository.go:127.84,134.2 4 0
main/internal/users/repository/user_repository.go:136.79,143.16 4 0
main/internal/users/repository/user_repository.go:149.2,149.16 1 0
main/internal/users/repository/user_repository.go:143.16,147.3 2 0
main/internal/users/repository/user_repository.go:152.84,158.20 4 0
main/internal/users/repository/user_repository.go:163.2,163.18 1 0
main/internal/users/repository/user_repository.go:158.20,161.3 2 0
main/internal/users/repository/user_repository.go:166.93,172.20 4 0
main/internal/users/repository/user_repository.go:175.2,175.18 1 0
main/internal/users/repository/user_repository.go:172.20,174.3 1 0
main/internal/users/repository/user_repository.go:178.97,180.16 2 0
main/internal/users/repository/user_repository.go:183.2,183.12 1 0
main/internal/users/repository/user_repository.go:180.16,182.3 1 0
main/internal/users/repository/user_repository.go:186.81,194.2 4 0
main/internal/users/repository/user_repository.go:196.108,203.2 4 0
main/internal/users/repository/user_repository.go:205.99,214.2 6 0
main/internal/users/repository/user_repository.go:216.79,220.20 4 0
main/internal/users/repository/user_repository.go:223.2,223.18 1 0
main/internal/users/repository/user_repository.go:220.20,222.3 1 0
main/internal/users/repository/user_repository.go:226.81,230.20 4 0
main/internal/users/repository/user_repository.go:233.2,233.22 1 0
main/internal/users/repository/user_repository.go:230.20,232.3 1 0
main/internal/users/repository/user_repository.go:236.79,243.2 4 0
main/internal/users/repository/user_repository.go:245.78,248.16 2 0
main/internal/users/repository/user_repository.go:252.2,252.12 1 0
main/internal/users/repository/user_repository.go:248.16,250.3 1 0
main/internal/users/repository/user_repository.go:255.79,259.20 4 0
main/internal/users/repository/user_repository.go:262.2,262.18 1 0
main/internal/users/repository/user_repository.go:259.20,261.3 1 0
main/internal/like/usecase/like_usecase.go:14.107,16.2 1 0
main/internal/like/usecase/like_usecase.go:18.82,21.16 2 0
main/internal/like/usecase/like_usecase.go:25.2,25.49 1 0
main/internal/like/usecase/like_usecase.go:21.16,23.3 1 0
main/internal/like/usecase/like_usecase.go:28.85,32.16 2 0
main/internal/like/usecase/like_usecase.go:36.2,36.52 1 0
main/internal/like/usecase/like_usecase.go:32.16,34.3 1 0
main/internal/like/usecase/like_usecase.go:39.80,42.16 2 0
main/internal/like/usecase/like_usecase.go:46.2,46.47 1 0
main/internal/like/usecase/like_usecase.go:42.16,44.3 1 0
main/internal/like/usecase/like_usecase.go:49.83,53.16 2 0
main/internal/like/usecase/like_usecase.go:57.2,57.50 1 0
main/internal/like/usecase/like_usecase.go:53.16,55.3 1 0
main/internal/like/repository/like_repository.go:12.73,14.2 1 0
main/internal/like/repository/like_repository.go:18.76,28.2 5 0
main/internal/like/repository/like_repository.go:30.79,40.2 5 0
main/internal/like/repository/like_repository.go:42.74,52.2 5 0
main/internal/like/repository/like_repository.go:54.77,64.2 5 0
main/internal/users/usecase/user_ucase.go:22.53,25.2 2 0
main/internal/users/usecase/user_ucase.go:27.60,33.2 4 0
main/internal/users/usecase/user_ucase.go:42.86,45.16 2 0
main/internal/users/usecase/user_ucase.go:49.2,53.20 3 0
main/internal/users/usecase/user_ucase.go:45.16,47.3 1 0
main/internal/users/usecase/user_ucase.go:57.107,60.16 2 0
main/internal/users/usecase/user_ucase.go:64.2,66.20 2 0
main/internal/users/usecase/user_ucase.go:60.16,62.3 1 0
main/internal/users/usecase/user_ucase.go:69.97,72.16 2 0
main/internal/users/usecase/user_ucase.go:76.2,78.16 2 0
main/internal/users/usecase/user_ucase.go:82.2,82.12 1 0
main/internal/users/usecase/user_ucase.go:72.16,74.3 1 0
main/internal/users/usecase/user_ucase.go:78.16,80.3 1 0
main/internal/users/usecase/user_ucase.go:85.108,88.16 2 0
main/internal/users/usecase/user_ucase.go:92.2,94.16 2 0
main/internal/users/usecase/user_ucase.go:98.2,98.12 1 0
main/internal/users/usecase/user_ucase.go:88.16,90.3 1 0
main/internal/users/usecase/user_ucase.go:94.16,96.3 1 0
main/internal/users/usecase/user_ucase.go:101.95,105.16 2 0
main/internal/users/usecase/user_ucase.go:109.2,115.22 5 0
main/internal/users/usecase/user_ucase.go:105.16,107.3 1 0
main/internal/users/usecase/user_ucase.go:119.137,124.16 3 0
main/internal/users/usecase/user_ucase.go:128.2,134.22 5 0
main/internal/users/usecase/user_ucase.go:124.16,126.3 1 0
main/internal/users/usecase/user_ucase.go:138.92,142.16 2 0
main/internal/users/usecase/user_ucase.go:146.2,151.22 5 0
main/internal/users/usecase/user_ucase.go:142.16,144.3 1 0
main/internal/users/usecase/user_ucase.go:154.96,158.16 2 0
main/internal/users/usecase/user_ucase.go:162.2,166.16 3 0
main/internal/users/usecase/user_ucase.go:170.2,170.22 1 0
main/internal/users/usecase/user_ucase.go:158.16,160.3 1 0
main/internal/users/usecase/user_ucase.go:166.16,168.3 1 0
main/internal/users/usecase/user_ucase.go:174.132,178.16 2 0
main/internal/users/usecase/user_ucase.go:182.2,195.26 4 0
main/internal/users/usecase/user_ucase.go:199.2,199.29 1 0
main/internal/users/usecase/user_ucase.go:206.2,206.25 1 0
main/internal/users/usecase/user_ucase.go:210.2,210.28 1 0
main/internal/users/usecase/user_ucase.go:214.2,214.25 1 0
main/internal/users/usecase/user_ucase.go:218.2,218.26 1 0
main/internal/users/usecase/user_ucase.go:227.2,227.30 1 0
main/internal/users/usecase/user_ucase.go:231.2,231.26 1 0
main/internal/users/usecase/user_ucase.go:235.2,239.16 3 0
main/internal/users/usecase/user_ucase.go:243.2,247.22 3 0
main/internal/users/usecase/user_ucase.go:178.16,180.3 1 0
main/internal/users/usecase/user_ucase.go:195.26,197.3 1 0
main/internal/users/usecase/user_ucase.go:199.29,204.3 3 0
main/internal/users/usecase/user_ucase.go:206.25,208.3 1 0
main/internal/users/usecase/user_ucase.go:210.28,212.3 1 0
main/internal/users/usecase/user_ucase.go:214.25,216.3 1 0
main/internal/users/usecase/user_ucase.go:218.26,225.3 3 0
main/internal/users/usecase/user_ucase.go:227.30,229.3 1 0
main/internal/users/usecase/user_ucase.go:231.26,233.3 1 0
main/internal/users/usecase/user_ucase.go:239.16,241.3 1 0
main/internal/users/usecase/user_ucase.go:250.144,254.16 2 0
main/internal/users/usecase/user_ucase.go:258.2,260.16 2 0
main/internal/users/usecase/user_ucase.go:264.2,266.16 2 0
main/internal/users/usecase/user_ucase.go:270.2,270.20 1 0
main/internal/users/usecase/user_ucase.go:254.16,256.3 1 0
main/internal/users/usecase/user_ucase.go:260.16,262.3 1 0
main/internal/users/usecase/user_ucase.go:266.16,268.3 1 0
main/internal/users/usecase/user_ucase.go:273.115,279.21 4 0
main/internal/users/usecase/user_ucase.go:283.2,283.43 1 0
main/internal/users/usecase/user_ucase.go:287.2,289.21 2 0
main/internal/users/usecase/user_ucase.go:293.2,295.12 2 0
main/internal/users/usecase/user_ucase.go:279.21,281.3 1 0
main/internal/users/usecase/user_ucase.go:283.43,285.3 1 0
main/internal/users/usecase/user_ucase.go:289.21,291.3 1 0
main/internal/users/usecase/user_ucase.go:299.122,303.62 2 0
main/internal/users/usecase/user_ucase.go:307.2,330.16 9 0
main/internal/users/usecase/user_ucase.go:334.2,336.12 2 0
main/internal/users/usecase/user_ucase.go:303.62,305.3 1 0
main/internal/users/usecase/user_ucase.go:330.16,332.3 1 0
main/internal/users/usecase/user_ucase.go:340.65,345.2 2 0
main/internal/users/usecase/user_ucase.go:347.94,351.2 2 0
main/internal/users/usecase/user_ucase.go:353.222,360.2 1 0
main/internal/feeds/repository/feed_repository.go:16.73,19.2 1 0
main/internal/feeds/repository/feed_repository.go:21.97,24.16 2 0
main/internal/feeds/repository/feed_repository.go:27.2,29.18 3 0
main/internal/feeds/repository/feed_repository.go:61.2,61.19 1 0
main/internal/feeds/repository/feed_repository.go:24.16,26.3 1 0
main/internal/feeds/repository/feed_repository.go:29.18,30.16 1 0
main/internal/feeds/repository/feed_repository.go:33.3,42.23 7 0
main/internal/feeds/repository/feed_repository.go:47.3,47.24 1 0
main/internal/feeds/repository/feed_repository.go:52.3,52.17 1 0
main/internal/feeds/repository/feed_repository.go:57.3,58.6 2 0
main/internal/feeds/repository/feed_repository.go:30.16,31.9 1 0
main/internal/feeds/repository/feed_repository.go:42.23,44.4 1 0
main/internal/feeds/repository/feed_repository.go:44.9,46.4 1 0
main/internal/feeds/repository/feed_repository.go:47.24,49.4 1 0
main/internal/feeds/repository/feed_repository.go:49.9,51.4 1 0
main/internal/feeds/repository/feed_repository.go:52.17,55.4 2 0
main/internal/feeds/repository/feed_repository.go:65.87,69.16 3 0
main/internal/feeds/repository/feed_repository.go:74.2,74.17 1 0
main/internal/feeds/repository/feed_repository.go:97.2,97.18 1 0
main/internal/feeds/repository/feed_repository.go:69.16,72.3 2 0
main/internal/feeds/repository/feed_repository.go:74.17,82.17 6 0
main/internal/feeds/repository/feed_repository.go:86.3,88.19 2 0
main/internal/feeds/repository/feed_repository.go:94.3,94.30 1 0
main/internal/feeds/repository/feed_repository.go:82.17,84.4 1 0
main/internal/feeds/repository/feed_repository.go:88.19,90.4 1 0
main/internal/feeds/repository/feed_repository.go:90.9,92.4 1 0
main/internal/feeds/repository/feed_repository.go:101.96,111.16 6 0
main/internal/feeds/repository/feed_repository.go:116.2,116.17 1 0
main/internal/feeds/repository/feed_repository.go:130.2,130.18 1 0
main/internal/feeds/repository/feed_repository.go:111.16,114.3 2 0
main/internal/feeds/repository/feed_repository.go:116.17,123.17 5 0
main/internal/feeds/repository/feed_repository.go:127.3,127.30 1 0
main/internal/feeds/repository/feed_repository.go:123.17,125.4 1 0
main/internal/feeds/repository/feed_repository.go:134.126,144.16 6 0
main/internal/feeds/repository/feed_repository.go:149.2,149.17 1 0
main/internal/feeds/repository/feed_repository.go:172.2,172.18 1 0
main/internal/feeds/repository/feed_repository.go:144.16,147.3 2 0
main/internal/feeds/repository/feed_repository.go:149.17,157.17 6 0
main/internal/feeds/repository/feed_repository.go:161.3,163.19 2 0
main/internal/feeds/repository/feed_repository.go:169.3,169.30 1 0
main/internal/feeds/repository/feed_repository.go:157.17,159.4 1 0
main/internal/feeds/repository/feed_repository.go:163.19,165.4 1 0
main/internal/feeds/repository/feed_repository.go:165.9,167.4 1 0
main/internal/feeds/repository/feed_repository.go:176.85,180.30 2 0
main/internal/feeds/repository/feed_repository.go:190.2,192.16 2 0
main/internal/feeds/repository/feed_repository.go:197.2,201.16 4 0
main/internal/feeds/repository/feed_repository.go:209.2,210.28 2 0
main/internal/feeds/repository/feed_repository.go:180.30,185.21 3 0
main/internal/feeds/repository/feed_repository.go:185.21,187.4 1 0
main/internal/feeds/repository/feed_repository.go:192.16,195.3 2 0
main/internal/feeds/repository/feed_repository.go:201.16,206.3 3 0
main/internal/friends/usecase/mock/friend_repo_mock.go:25.77,29.2 3 1
main/internal/friends/usecase/mock/friend_repo_mock.go:32.75,34.2 1 1
main/internal/friends/usecase/mock/friend_repo_mock.go:37.71,43.2 5 0
main/internal/friends/usecase/mock/friend_repo_mock.go:46.89,49.2 2 0
main/internal/friends/usecase/mock/friend_repo_mock.go:52.64,57.2 4 1
main/internal/friends/usecase/mock/friend_repo_mock.go:60.92,63.2 2 1
main/internal/friends/usecase/mock/friend_repo_mock.go:66.67,71.2 4 1
main/internal/friends/usecase/mock/friend_repo_mock.go:74.95,77.2 2 1
main/internal/friends/usecase/mock/friend_repo_mock.go:80.102,86.2 5 1
main/internal/friends/usecase/mock/friend_repo_mock.go:89.97,92.2 2 1
main/internal/friends/usecase/mock/friend_repo_mock.go:95.77,101.2 5 1
main/internal/friends/usecase/mock/friend_repo_mock.go:104.95,107.2 2 1
main/internal/friends/usecase/mock/friend_repo_mock.go:110.103,116.2 5 0
main/internal/friends/usecase/mock/friend_repo_mock.go:119.101,122.2 2 0
main/internal/friends/usecase/mock/friend_repo_mock.go:125.113,131.2 5 0
main/internal/friends/usecase/mock/friend_repo_mock.go:134.104,137.2 2 0
main/internal/friends/usecase/mock/friend_repo_mock.go:140.75,146.2 5 1
main/internal/friends/usecase/mock/friend_repo_mock.go:149.93,152.2 2 1
main/internal/friends/usecase/mock/friend_repo_mock.go:155.78,161.2 5 0
main/internal/friends/usecase/mock/friend_repo_mock.go:164.98,167.2 2 0
main/internal/like/usecase/mock/cookie_repo_mock.go:25.77,29.2 3 0
main/internal/like/usecase/mock/cookie_repo_mock.go:32.75,34.2 1 0
main/internal/like/usecase/mock/cookie_repo_mock.go:37.91,42.2 4 0
main/internal/like/usecase/mock/cookie_repo_mock.go:45.98,48.2 2 0
main/internal/like/usecase/mock/cookie_repo_mock.go:51.64,56.2 4 0
main/internal/like/usecase/mock/cookie_repo_mock.go:59.89,62.2 2 0
main/internal/like/usecase/mock/cookie_repo_mock.go:65.76,71.2 5 0
main/internal/like/usecase/mock/cookie_repo_mock.go:74.94,77.2 2 0
main/internal/feeds/usecase/feed_ucase.go:15.80,19.16 2 0
main/internal/feeds/usecase/feed_ucase.go:23.2,25.16 2 0
main/internal/feeds/usecase/feed_ucase.go:29.2,29.19 1 0
main/internal/feeds/usecase/feed_ucase.go:19.16,21.3 1 0
main/internal/feeds/usecase/feed_ucase.go:25.16,27.3 1 0
main/internal/feeds/usecase/feed_ucase.go:32.90,36.16 2 0
main/internal/feeds/usecase/feed_ucase.go:40.2,40.45 1 0
main/internal/feeds/usecase/feed_ucase.go:36.16,38.3 1 0
main/internal/feeds/usecase/feed_ucase.go:43.116,48.2 1 0
main/internal/middleware/middleware.go:12.64,14.36 1 0
main/internal/middleware/middleware.go:14.36,26.47 6 0
main/internal/middleware/middleware.go:30.3,30.17 1 0
main/internal/middleware/middleware.go:26.47,28.4 1 0
main/internal/middleware/middleware.go:35.62,37.36 1 0
main/internal/middleware/middleware.go:37.36,39.22 1 0
main/internal/middleware/middleware.go:46.3,46.17 1 0
main/internal/middleware/middleware.go:39.22,40.36 1 0
main/internal/middleware/middleware.go:43.4,43.14 1 0
main/internal/middleware/middleware.go:40.36,42.5 1 0
main/internal/middleware/middleware.go:50.61,52.54 1 0
main/internal/middleware/middleware.go:52.54,55.45 2 0
main/internal/middleware/middleware.go:55.45,76.4 7 0
main/internal/users/repository/user_repository.go:16.73,19.2 1 0
main/internal/users/repository/user_repository.go:22.96,28.21 5 0
main/internal/users/repository/user_repository.go:32.2,33.16 2 0
main/internal/users/repository/user_repository.go:36.2,39.16 4 0
main/internal/users/repository/user_repository.go:43.2,44.16 2 0
main/internal/users/repository/user_repository.go:47.2,47.12 1 0
main/internal/users/repository/user_repository.go:28.21,30.3 1 0
main/internal/users/repository/user_repository.go:33.16,35.3 1 0
main/internal/users/repository/user_repository.go:39.16,41.3 1 0
main/internal/users/repository/user_repository.go:44.16,46.3 1 0
main/internal/users/repository/user_repository.go:50.95,53.15 2 0
main/internal/users/repository/user_repository.go:57.2,57.12 1 0
main/internal/users/repository/user_repository.go:53.15,55.3 1 0
main/internal/users/repository/user_repository.go:61.95,67.16 5 0
main/internal/users/repository/user_repository.go:71.2,71.18 1 0
main/internal/users/repository/user_repository.go:82.2,85.16 4 0
main/internal/users/repository/user_repository.go:89.2,89.23 1 0
main/internal/users/repository/user_repository.go:67.16,69.3 1 0
main/internal/users/repository/user_repository.go:71.18,76.17 3 0
main/internal/users/repository/user_repository.go:80.3,80.33 1 0
main/internal/users/repository/user_repository.go:76.17,78.4 1 0
main/internal/users/repository/user_repository.go:85.16,87.3 1 0
main/internal/users/repository/user_repository.go:92.81,97.16 4 0
main/internal/users/repository/user_repository.go:101.2,101.18 1 0
main/internal/users/repository/user_repository.go:116.2,116.20 1 0
main/internal/users/repository/user_repository.go:97.16,99.3 1 0
main/internal/users/repository/user_repository.go:101.18,105.28 3 0
main/internal/users/repository/user_repository.go:109.3,109.17 1 0
main/internal/users/repository/user_repository.go:113.3,113.33 1 0
main/internal/users/repository/user_repository.go:105.28,108.4 2 0
main/internal/users/repository/user_repository.go:109.17,111.4 1 0
main/internal/users/repository/user_repository.go:119.77,121.16 2 0
main/internal/users/repository/user_repository.go:124.2,124.12 1 0
main/internal/users/repository/user_repository.go:121.16,123.3 1 0
main/internal/users/repository/user_repository.go:127.84,134.2 4 0
main/internal/users/repository/user_repository.go:136.79,143.16 4 0
main/internal/users/repository/user_repository.go:149.2,149.16 1 0
main/internal/users/repository/user_repository.go:143.16,147.3 2 0
main/internal/users/repository/user_repository.go:152.84,158.20 4 0
main/internal/users/repository/user_repository.go:163.2,163.18 1 0
main/internal/users/repository/user_repository.go:158.20,161.3 2 0
main/internal/users/repository/user_repository.go:166.93,172.20 4 0
main/internal/users/repository/user_repository.go:175.2,175.18 1 0
main/internal/users/repository/user_repository.go:172.20,174.3 1 0
main/internal/users/repository/user_repository.go:178.97,180.16 2 0
main/internal/users/repository/user_repository.go:183.2,183.12 1 0
main/internal/users/repository/user_repository.go:180.16,182.3 1 0
main/internal/users/repository/user_repository.go:186.81,194.2 4 0
main/internal/users/repository/user_repository.go:196.108,203.2 4 0
main/internal/users/repository/user_repository.go:205.99,214.2 6 0
main/internal/users/repository/user_repository.go:216.79,220.20 4 0
main/internal/users/repository/user_repository.go:223.2,223.18 1 0
main/internal/users/repository/user_repository.go:220.20,222.3 1 0
main/internal/users/repository/user_repository.go:226.81,230.20 4 0
main/internal/users/repository/user_repository.go:233.2,233.22 1 0
main/internal/users/repository/user_repository.go:230.20,232.3 1 0
main/internal/users/repository/user_repository.go:236.79,243.2 4 0
main/internal/users/repository/user_repository.go:245.78,248.16 2 0
main/internal/users/repository/user_repository.go:252.2,252.12 1 0
main/internal/users/repository/user_repository.go:248.16,250.3 1 0
main/internal/users/repository/user_repository.go:255.79,259.20 4 0
main/internal/users/repository/user_repository.go:262.2,262.18 1 0
main/internal/users/repository/user_repository.go:259.20,261.3 1 0
main/internal/feeds/delivery/feed_handler.go:19.73,25.16 3 0
main/internal/feeds/delivery/feed_handler.go:36.2,40.13 3 0
main/internal/feeds/delivery/feed_handler.go:51.2,51.16 1 0
main/internal/feeds/delivery/feed_handler.go:62.2,67.75 2 0
main/internal/feeds/delivery/feed_handler.go:25.16,34.3 2 0
main/internal/feeds/delivery/feed_handler.go:41.28,46.42 3 0
main/internal/feeds/delivery/feed_handler.go:47.29,48.49 1 0
main/internal/feeds/delivery/feed_handler.go:51.16,60.3 2 0
main/internal/feeds/delivery/feed_handler.go:70.79,76.16 3 0
main/internal/feeds/delivery/feed_handler.go:87.2,91.16 3 0
main/internal/feeds/delivery/feed_handler.go:103.2,107.13 3 0
main/internal/feeds/delivery/feed_handler.go:116.2,116.16 1 0
main/internal/feeds/delivery/feed_handler.go:127.2,132.43 2 0
main/internal/feeds/delivery/feed_handler.go:76.16,85.3 2 0
main/internal/feeds/delivery/feed_handler.go:91.16,100.3 2 0
main/internal/feeds/delivery/feed_handler.go:108.28,111.42 3 0
main/internal/feeds/delivery/feed_handler.go:112.27,113.49 1 0
main/internal/feeds/delivery/feed_handler.go:116.16,125.3 2 0
main/internal/feeds/delivery/feed_handler.go:135.118,137.2 1 0
main/internal/feeds/delivery/feed_handler.go:139.70,143.2 2 0
main/internal/feeds/usecase/mock/cookie_repo_mock.go:25.77,29.2 3 0
main/internal/feeds/usecase/mock/cookie_repo_mock.go:32.75,34.2 1 0
main/internal/feeds/usecase/mock/cookie_repo_mock.go:37.91,42.2 4 0
main/internal/feeds/usecase/mock/cookie_repo_mock.go:45.98,48.2 2 0
main/internal/feeds/usecase/mock/cookie_repo_mock.go:51.64,56.2 4 0
main/internal/feeds/usecase/mock/cookie_repo_mock.go:59.89,62.2 2 0
main/internal/feeds/usecase/mock/cookie_repo_mock.go:65.76,71.2 5 0
main/internal/feeds/usecase/mock/cookie_repo_mock.go:74.94,77.2 2 0
main/internal/friends/usecase/mock/cookie_repo_mock.go:25.77,29.2 3 1
main/internal/friends/usecase/mock/cookie_repo_mock.go:32.75,34.2 1 1
main/internal/friends/usecase/mock/cookie_repo_mock.go:37.91,42.2 4 0
main/internal/friends/usecase/mock/cookie_repo_mock.go:45.98,48.2 2 0
main/internal/friends/usecase/mock/cookie_repo_mock.go:51.64,56.2 4 0
main/internal/friends/usecase/mock/cookie_repo_mock.go:59.89,62.2 2 0
main/internal/friends/usecase/mock/cookie_repo_mock.go:65.76,71.2 5 1
main/internal/friends/usecase/mock/cookie_repo_mock.go:74.94,77.2 2 1
main/internal/cookies/repository/cookie_repository.go:13.84,21.2 2 0
main/internal/cookies/repository/cookie_repository.go:23.110,28.2 2 0
main/internal/cookies/repository/cookie_repository.go:30.81,36.2 2 0
main/internal/cookies/repository/cookie_repository.go:38.93,44.2 3 0
main/internal/like/usecase/mock/like_repo_mock.go:24.73,28.2 3 0
main/internal/like/usecase/mock/like_repo_mock.go:31.71,33.2 1 0
main/internal/like/usecase/mock/like_repo_mock.go:36.62,41.2 4 0
main/internal/like/usecase/mock/like_repo_mock.go:44.90,47.2 2 0
main/internal/like/usecase/mock/like_repo_mock.go:50.65,55.2 4 0
main/internal/like/usecase/mock/like_repo_mock.go:58.93,61.2 2 0
main/internal/like/usecase/mock/like_repo_mock.go:64.61,69.2 4 0
main/internal/like/usecase/mock/like_repo_mock.go:72.89,75.2 2 0
main/internal/like/usecase/mock/like_repo_mock.go:78.64,83.2 4 0
main/internal/like/usecase/mock/like_repo_mock.go:86.92,89.2 2 0
main/internal/like/delivery/like_handler.go:21.104,23.2 1 0
main/internal/like/delivery/like_handler.go:25.66,31.16 4 0
main/internal/like/delivery/like_handler.go:40.2,42.32 2 0
main/internal/like/delivery/like_handler.go:55.2,55.16 1 0
main/internal/like/delivery/like_handler.go:64.2,69.43 2 0
main/internal/like/delivery/like_handler.go:31.16,38.3 2 0
main/internal/like/delivery/like_handler.go:42.32,53.3 4 0
main/internal/like/delivery/like_handler.go:55.16,62.3 2 0
main/internal/like/delivery/like_handler.go:73.69,79.16 4 0
main/internal/like/delivery/like_handler.go:88.2,90.32 2 0
main/internal/like/delivery/like_handler.go:103.2,103.16 1 0
main/internal/like/delivery/like_handler.go:112.2,117.43 2 0
main/internal/like/delivery/like_handler.go:79.16,86.3 2 0
main/internal/like/delivery/like_handler.go:90.32,101.3 4 0
main/internal/like/delivery/like_handler.go:103.16,110.3 2 0
main/internal/like/delivery/like_handler.go:121.65,129.16 5 0
main/internal/like/delivery/like_handler.go:138.2,140.32 2 0
main/internal/like/delivery/like_handler.go:153.2,153.16 1 0
main/internal/like/delivery/like_handler.go:162.2,167.43 2 0
main/internal/like/delivery/like_handler.go:129.16,136.3 2 0
main/internal/like/delivery/like_handler.go:140.32,151.3 4 0
main/internal/like/delivery/like_handler.go:153.16,160.3 2 0
main/internal/like/delivery/like_handler.go:171.68,177.16 4 0
main/internal/like/delivery/like_handler.go:186.2,188.32 2 0
main/internal/like/delivery/like_handler.go:201.2,201.16 1 0
main/internal/like/delivery/like_handler.go:210.2,215.43 2 0
main/internal/like/delivery/like_handler.go:177.16,184.3 2 0
main/internal/like/delivery/like_handler.go:188.32,199.3 4 0
main/internal/like/delivery/like_handler.go:201.16,208.3 2 0
main/internal/like/delivery/like_handler.go:220.59,226.2 4 0
main/internal/feeds/usecase/mock/feed_repo_mock.go:25.73,29.2 3 0
main/internal/feeds/usecase/mock/feed_repo_mock.go:32.71,34.2 1 0
main/internal/feeds/usecase/mock/feed_repo_mock.go:37.85,43.2 5 0
main/internal/feeds/usecase/mock/feed_repo_mock.go:46.96,49.2 2 0
main/internal/feeds/usecase/mock/feed_repo_mock.go:52.80,58.2 5 0
main/internal/feeds/usecase/mock/feed_repo_mock.go:61.91,64.2 2 0
main/internal/feeds/usecase/mock/feed_repo_mock.go:67.86,73.2 5 0
main/internal/feeds/usecase/mock/feed_repo_mock.go:76.94,79.2 2 0
main/internal/feeds/usecase/mock/feed_repo_mock.go:82.75,87.2 4 0
main/internal/feeds/usecase/mock/feed_repo_mock.go:90.91,93.2 2 0
main/internal/feeds/usecase/mock/feed_repo_mock.go:96.107,102.2 5 0
main/internal/feeds/usecase/mock/feed_repo_mock.go:105.111,108.2 2 0
main/internal/friends/delivery/friends_delivery.go:19.81,27.16 4 0
main/internal/friends/delivery/friends_delivery.go:38.2,43.75 2 0
main/internal/friends/delivery/friends_delivery.go:27.16,36.3 2 0
main/internal/friends/delivery/friends_delivery.go:47.89,53.16 3 0
main/internal/friends/delivery/friends_delivery.go:62.2,65.16 3 0
main/internal/friends/delivery/friends_delivery.go:76.2,81.75 2 0
main/internal/friends/delivery/friends_delivery.go:53.16,60.3 2 0
main/internal/friends/delivery/friends_delivery.go:65.16,74.3 2 0
main/internal/friends/delivery/friends_delivery.go:85.80,91.16 3 0
main/internal/friends/delivery/friends_delivery.go:101.2,106.13 4 0
main/internal/friends/delivery/friends_delivery.go:118.2,118.16 1 0
main/internal/friends/delivery/friends_delivery.go:128.2,133.43 2 0
main/internal/friends/delivery/friends_delivery.go:91.16,99.3 2 0
main/internal/friends/delivery/friends_delivery.go:107.28,112.42 3 0
main/internal/friends/delivery/friends_delivery.go:114.28,115.49 1 0
main/internal/friends/delivery/friends_delivery.go:118.16,126.3 2 0
main/internal/friends/delivery/friends_delivery.go:136.83,142.16 3 0
main/internal/friends/delivery/friends_delivery.go:152.2,157.13 4 0
main/internal/friends/delivery/friends_delivery.go:169.2,169.16 1 0
main/internal/friends/delivery/friends_delivery.go:179.2,184.43 2 0
main/internal/friends/delivery/friends_delivery.go:142.16,150.3 2 0
main/internal/friends/delivery/friends_delivery.go:158.28,163.42 3 0
main/internal/friends/delivery/friends_delivery.go:165.31,166.49 1 0
main/internal/friends/delivery/friends_delivery.go:169.16,177.3 2 0
main/internal/friends/delivery/friends_delivery.go:187.113,189.2 1 0
main/internal/friends/delivery/friends_delivery.go:191.72,198.2 4 0
main/internal/friends/repository/friends_repository.go:15.77,18.2 1 0
main/internal/friends/repository/friends_repository.go:20.86,27.2 4 0
main/internal/friends/repository/friends_repository.go:29.118,36.16 4 0
main/internal/friends/repository/friends_repository.go:40.2,40.17 1 0
main/internal/friends/repository/friends_repository.go:55.2,55.25 1 0
main/internal/friends/repository/friends_repository.go:36.16,38.3 1 0
main/internal/friends/repository/friends_repository.go:40.17,46.17 3 0
main/internal/friends/repository/friends_repository.go:51.3,51.48 1 0
main/internal/friends/repository/friends_repository.go:46.17,49.4 2 0
main/internal/friends/repository/friends_repository.go:58.112,63.16 3 0
main/internal/friends/repository/friends_repository.go:67.2,71.16 3 0
main/internal/friends/repository/friends_repository.go:75.2,75.17 1 0
main/internal/friends/repository/friends_repository.go:90.2,92.25 2 0
main/internal/friends/repository/friends_repository.go:63.16,65.3 1 0
main/internal/friends/repository/friends_repository.go:71.16,73.3 1 0
main/internal/friends/repository/friends_repository.go:75.17,81.17 3 0
main/internal/friends/repository/friends_repository.go:86.3,86.48 1 0
main/internal/friends/repository/friends_repository.go:81.17,84.4 2 0
main/internal/friends/repository/friends_repository.go:95.131,99.16 2 0
main/internal/friends/repository/friends_repository.go:103.2,103.50 1 0
main/internal/friends/repository/friends_repository.go:99.16,101.3 1 0
main/internal/friends/repository/friends_repository.go:106.88,109.2 2 0
main/internal/friends/repository/friends_repository.go:111.91,114.2 2 0
main/internal/friends/repository/friends_repository.go:116.87,124.2 4 0
main/internal/friends/repository/friends_repository.go:126.81,133.16 4 0
main/internal/friends/repository/friends_repository.go:139.2,139.16 1 0
main/internal/friends/repository/friends_repository.go:133.16,137.3 2 0
main/internal/friends/repository/friends_repository.go:142.85,149.30 4 0
main/internal/friends/repository/friends_repository.go:153.2,153.20 1 0
main/internal/friends/repository/friends_repository.go:157.2,157.18 1 0
main/internal/friends/repository/friends_repository.go:149.30,151.3 1 0
main/internal/friends/repository/friends_repository.go:153.20,155.3 1 0
main/internal/friends/usecase/friends_usecase.go:14.99,22.2 4 1
main/internal/friends/usecase/friends_usecase.go:24.83,28.16 2 1
main/internal/friends/usecase/friends_usecase.go:32.2,36.16 3 1
main/internal/friends/usecase/friends_usecase.go:40.2,40.12 1 1
main/internal/friends/usecase/friends_usecase.go:28.16,30.3 1 1
main/internal/friends/usecase/friends_usecase.go:36.16,38.3 1 1
main/internal/friends/usecase/friends_usecase.go:43.86,47.16 2 1
main/internal/friends/usecase/friends_usecase.go:51.2,55.16 3 1
main/internal/friends/usecase/friends_usecase.go:59.2,59.12 1 1
main/internal/friends/usecase/friends_usecase.go:47.16,49.3 1 1
main/internal/friends/usecase/friends_usecase.go:55.16,57.3 1 1
main/internal/friends/usecase/friends_usecase.go:62.96,66.2 2 1
main/internal/friends/usecase/friends_usecase.go:68.120,73.2 1 1
main/internal/users/delivery/user_handler.go:21.76,30.16 5 0
main/internal/users/delivery/user_handler.go:39.2,39.16 1 0
main/internal/users/delivery/user_handler.go:50.2,55.73 2 0
main/internal/users/delivery/user_handler.go:30.16,34.3 2 0
main/internal/users/delivery/user_handler.go:34.8,37.3 1 0
main/internal/users/delivery/user_handler.go:39.16,48.3 2 0
main/internal/users/delivery/user_handler.go:61.76,66.16 3 0
main/internal/users/delivery/user_handler.go:75.2,77.16 2 0
main/internal/users/delivery/user_handler.go:91.2,96.76 2 0
main/internal/users/delivery/user_handler.go:66.16,73.3 2 0
main/internal/users/delivery/user_handler.go:77.16,89.3 4 0
main/internal/users/delivery/user_handler.go:99.80,104.16 3 0
main/internal/users/delivery/user_handler.go:114.2,118.13 3 0
main/internal/users/delivery/user_handler.go:129.2,129.16 1 0
main/internal/users/delivery/user_handler.go:139.2,144.77 2 0
main/internal/users/delivery/user_handler.go:104.16,112.3 2 0
main/internal/users/delivery/user_handler.go:119.28,124.40 3 0
main/internal/users/delivery/user_handler.go:125.29,126.47 1 0
main/internal/users/delivery/user_handler.go:129.16,137.3 2 0
main/internal/users/delivery/user_handler.go:147.83,153.16 3 0
main/internal/users/delivery/user_handler.go:163.2,167.16 3 0
main/internal/users/delivery/user_handler.go:178.2,182.13 3 0
main/internal/users/delivery/user_handler.go:194.2,194.16 1 0
main/internal/users/delivery/user_handler.go:204.2,209.77 2 0
main/internal/users/delivery/user_handler.go:153.16,161.3 2 0
main/internal/users/delivery/user_handler.go:167.16,176.3 2 0
main/internal/users/delivery/user_handler.go:183.28,187.40 3 0
main/internal/users/delivery/user_handler.go:188.29,189.47 1 0
main/internal/users/delivery/user_handler.go:190.27,191.36 1 0
main/internal/users/delivery/user_handler.go:194.16,202.3 2 0
main/internal/users/delivery/user_handler.go:213.74,221.16 4 0
main/internal/users/delivery/user_handler.go:231.2,237.16 5 0
main/internal/users/delivery/user_handler.go:246.2,258.43 4 0
main/internal/users/delivery/user_handler.go:221.16,229.3 2 0
main/internal/users/delivery/user_handler.go:237.16,244.3 2 0
main/internal/users/delivery/user_handler.go:261.75,267.16 3 0
main/internal/users/delivery/user_handler.go:277.2,279.16 2 0
main/internal/users/delivery/user_handler.go:289.2,292.43 3 0
main/internal/users/delivery/user_handler.go:267.16,275.3 2 0
main/internal/users/delivery/user_handler.go:279.16,287.3 2 0
main/internal/users/delivery/user_handler.go:295.77,303.16 4 0
main/internal/users/delivery/user_handler.go:313.2,321.13 6 0
main/internal/users/delivery/user_handler.go:328.2,328.16 1 0
main/internal/users/delivery/user_handler.go:338.2,350.43 4 0
main/internal/users/delivery/user_handler.go:303.16,311.3 2 0
main/internal/users/delivery/user_handler.go:322.27,323.37 1 0
main/internal/users/delivery/user_handler.go:324.29,325.48 1 0
main/internal/users/delivery/user_handler.go:328.16,336.3 2 0
main/internal/users/delivery/user_handler.go:355.78,360.16 3 0
main/internal/users/delivery/user_handler.go:370.2,373.13 3 0
main/internal/users/delivery/user_handler.go:383.2,383.16 1 0
main/internal/users/delivery/user_handler.go:393.2,397.71 2 0
main/internal/users/delivery/user_handler.go:360.16,368.3 2 0
main/internal/users/delivery/user_handler.go:374.28,378.40 3 0
main/internal/users/delivery/user_handler.go:379.29,380.47 1 0
main/internal/users/delivery/user_handler.go:383.16,391.3 2 0
main/internal/users/delivery/user_handler.go:400.87,406.16 3 0
main/internal/users/delivery/user_handler.go:415.2,421.13 4 0
main/internal/users/delivery/user_handler.go:430.2,430.16 1 0
main/internal/users/delivery/user_handler.go:440.2,445.27 2 0
main/internal/users/delivery/user_handler.go:449.2,449.71 1 0
main/internal/users/delivery/user_handler.go:406.16,413.3 2 0
main/internal/users/delivery/user_handler.go:422.28,425.42 3 0
main/internal/users/delivery/user_handler.go:426.29,427.49 1 0
main/internal/users/delivery/user_handler.go:430.16,438.3 2 0
main/internal/users/delivery/user_handler.go:445.27,447.3 1 0
main/internal/users/delivery/user_handler.go:452.80,457.16 3 0
main/internal/users/delivery/user_handler.go:465.2,469.16 3 0
main/internal/users/delivery/user_handler.go:479.2,483.13 3 0
main/internal/users/delivery/user_handler.go:492.2,492.16 1 0
main/internal/users/delivery/user_handler.go:502.2,507.43 2 0
main/internal/users/delivery/user_handler.go:457.16,464.3 2 0
main/internal/users/delivery/user_handler.go:469.16,477.3 2 0
main/internal/users/delivery/user_handler.go:484.28,487.42 3 0
main/internal/users/delivery/user_handler.go:488.29,489.49 1 0
main/internal/users/delivery/user_handler.go:492.16,500.3 2 0
main/internal/users/delivery/user_handler.go:510.87,515.16 3 0
main/internal/users/delivery/user_handler.go:523.2,527.16 3 0
main/internal/users/delivery/user_handler.go:537.2,541.13 3 0
main/internal/users/delivery/user_handler.go:550.2,550.16 1 0
main/internal/users/delivery/user_handler.go:560.2,565.43 2 0
main/internal/users/delivery/user_handler.go:515.16,522.3 2 0
main/internal/users/delivery/user_handler.go:527.16,535.3 2 0
main/internal/users/delivery/user_handler.go:542.28,545.42 3 0
main/internal/users/delivery/user_handler.go:546.29,547.49 1 0
main/internal/users/delivery/user_handler.go:550.16,558.3 2 0
main/internal/users/delivery/user_handler.go:569.118,571.2 1 0
main/internal/users/delivery/user_handler.go:573.70,589.2 11 0
main/internal/friends/usecase/friends_usecase.go:14.99,22.2 4 0
main/internal/friends/usecase/friends_usecase.go:24.83,28.16 2 0
main/internal/friends/usecase/friends_usecase.go:32.2,36.16 3 0
main/internal/friends/usecase/friends_usecase.go:40.2,40.12 1 0
main/internal/friends/usecase/friends_usecase.go:28.16,30.3 1 0
main/internal/friends/usecase/friends_usecase.go:36.16,38.3 1 0
main/internal/friends/usecase/friends_usecase.go:43.86,47.16 2 0
main/internal/friends/usecase/friends_usecase.go:51.2,55.16 3 0
main/internal/friends/usecase/friends_usecase.go:59.2,59.12 1 0
main/internal/friends/usecase/friends_usecase.go:47.16,49.3 1 0
main/internal/friends/usecase/friends_usecase.go:55.16,57.3 1 0
main/internal/friends/usecase/friends_usecase.go:62.96,66.2 2 0
main/internal/friends/usecase/friends_usecase.go:68.120,73.2 1 0
main/internal/like/repository/like_repository.go:12.73,14.2 1 0
main/internal/like/repository/like_repository.go:18.76,28.2 5 0
main/internal/like/repository/like_repository.go:30.79,40.2 5 0
main/internal/like/repository/like_repository.go:42.74,52.2 5 0
main/internal/like/repository/like_repository.go:54.77,64.2 5 0
main/internal/like/usecase/mock/cookie_repo_mock.go:25.77,29.2 3 0
main/internal/like/usecase/mock/cookie_repo_mock.go:32.75,34.2 1 0
main/internal/like/usecase/mock/cookie_repo_mock.go:37.91,42.2 4 0
main/internal/like/usecase/mock/cookie_repo_mock.go:45.98,48.2 2 0
main/internal/like/usecase/mock/cookie_repo_mock.go:51.64,56.2 4 0
main/internal/like/usecase/mock/cookie_repo_mock.go:59.89,62.2 2 0
main/internal/like/usecase/mock/cookie_repo_mock.go:65.76,71.2 5 0
main/internal/like/usecase/mock/cookie_repo_mock.go:74.94,77.2 2 0
main/internal/feeds/delivery/feed_handler.go:19.73,25.16 3 0
main/internal/feeds/delivery/feed_handler.go:36.2,40.13 3 0
main/internal/feeds/delivery/feed_handler.go:51.2,51.16 1 0
main/internal/feeds/delivery/feed_handler.go:62.2,67.75 2 0
main/internal/feeds/delivery/feed_handler.go:25.16,34.3 2 0
main/internal/feeds/delivery/feed_handler.go:41.28,46.42 3 0
main/internal/feeds/delivery/feed_handler.go:47.29,48.49 1 0
main/internal/feeds/delivery/feed_handler.go:51.16,60.3 2 0
main/internal/feeds/delivery/feed_handler.go:70.79,76.16 3 0
main/internal/feeds/delivery/feed_handler.go:87.2,91.16 3 0
main/internal/feeds/delivery/feed_handler.go:103.2,107.13 3 0
main/internal/feeds/delivery/feed_handler.go:116.2,116.16 1 0
main/internal/feeds/delivery/feed_handler.go:127.2,132.43 2 0
main/internal/feeds/delivery/feed_handler.go:76.16,85.3 2 0
main/internal/feeds/delivery/feed_handler.go:91.16,100.3 2 0
main/internal/feeds/delivery/feed_handler.go:108.28,111.42 3 0
main/internal/feeds/delivery/feed_handler.go:112.27,113.49 1 0
main/internal/feeds/delivery/feed_handler.go:116.16,125.3 2 0
main/internal/feeds/delivery/feed_handler.go:135.118,137.2 1 0
main/internal/feeds/delivery/feed_handler.go:139.70,143.2 2 0
main/internal/friends/usecase/mock/cookie_repo_mock.go:25.77,29.2 3 0
main/internal/friends/usecase/mock/cookie_repo_mock.go:32.75,34.2 1 0
main/internal/friends/usecase/mock/cookie_repo_mock.go:37.91,42.2 4 0
main/internal/friends/usecase/mock/cookie_repo_mock.go:45.98,48.2 2 0
main/internal/friends/usecase/mock/cookie_repo_mock.go:51.64,56.2 4 0
main/internal/friends/usecase/mock/cookie_repo_mock.go:59.89,62.2 2 0
main/internal/friends/usecase/mock/cookie_repo_mock.go:65.76,71.2 5 0
main/internal/friends/usecase/mock/cookie_repo_mock.go:74.94,77.2 2 0
main/internal/friends/usecase/mock/friend_repo_mock.go:25.77,29.2 3 0
main/internal/friends/usecase/mock/friend_repo_mock.go:32.75,34.2 1 0
main/internal/friends/usecase/mock/friend_repo_mock.go:37.71,43.2 5 0
main/internal/friends/usecase/mock/friend_repo_mock.go:46.89,49.2 2 0
main/internal/friends/usecase/mock/friend_repo_mock.go:52.64,57.2 4 0
main/internal/friends/usecase/mock/friend_repo_mock.go:60.92,63.2 2 0
main/internal/friends/usecase/mock/friend_repo_mock.go:66.67,71.2 4 0
main/internal/friends/usecase/mock/friend_repo_mock.go:74.95,77.2 2 0
main/internal/friends/usecase/mock/friend_repo_mock.go:80.102,86.2 5 0
main/internal/friends/usecase/mock/friend_repo_mock.go:89.97,92.2 2 0
main/internal/friends/usecase/mock/friend_repo_mock.go:95.77,101.2 5 0
main/internal/friends/usecase/mock/friend_repo_mock.go:104.95,107.2 2 0
main/internal/friends/usecase/mock/friend_repo_mock.go:110.103,116.2 5 0
main/internal/friends/usecase/mock/friend_repo_mock.go:119.101,122.2 2 0
main/internal/friends/usecase/mock/friend_repo_mock.go:125.113,131.2 5 0
main/internal/friends/usecase/mock/friend_repo_mock.go:134.104,137.2 2 0
main/internal/friends/usecase/mock/friend_repo_mock.go:140.75,146.2 5 0
main/internal/friends/usecase/mock/friend_repo_mock.go:149.93,152.2 2 0
main/internal/friends/usecase/mock/friend_repo_mock.go:155.78,161.2 5 0
main/internal/friends/usecase/mock/friend_repo_mock.go:164.98,167.2 2 0
main/internal/users/repository/user_repository.go:16.73,19.2 1 0
main/internal/users/repository/user_repository.go:22.96,28.21 5 0
main/internal/users/repository/user_repository.go:32.2,33.16 2 0
main/internal/users/repository/user_repository.go:36.2,39.16 4 0
main/internal/users/repository/user_repository.go:43.2,44.16 2 0
main/internal/users/repository/user_repository.go:47.2,47.12 1 0
main/internal/users/repository/user_repository.go:28.21,30.3 1 0
main/internal/users/repository/user_repository.go:33.16,35.3 1 0
main/internal/users/repository/user_repository.go:39.16,41.3 1 0
main/internal/users/repository/user_repository.go:44.16,46.3 1 0
main/internal/users/repository/user_repository.go:50.95,53.15 2 0
main/internal/users/repository/user_repository.go:57.2,57.12 1 0
main/internal/users/repository/user_repository.go:53.15,55.3 1 0
main/internal/users/repository/user_repository.go:61.95,67.16 5 0
main/internal/users/repository/user_repository.go:71.2,71.18 1 0
main/internal/users/repository/user_repository.go:82.2,85.16 4 0
main/internal/users/repository/user_repository.go:89.2,89.23 1 0
main/internal/users/repository/user_repository.go:67.16,69.3 1 0
main/internal/users/repository/user_repository.go:71.18,76.17 3 0
main/internal/users/repository/user_repository.go:80.3,80.33 1 0
main/internal/users/repository/user_repository.go:76.17,78.4 1 0
main/internal/users/repository/user_repository.go:85.16,87.3 1 0
main/internal/users/repository/user_repository.go:92.81,97.16 4 0
main/internal/users/repository/user_repository.go:101.2,101.18 1 0
main/internal/users/repository/user_repository.go:116.2,116.20 1 0
main/internal/users/repository/user_repository.go:97.16,99.3 1 0
main/internal/users/repository/user_repository.go:101.18,105.28 3 0
main/internal/users/repository/user_repository.go:109.3,109.17 1 0
main/internal/users/repository/user_repository.go:113.3,113.33 1 0
main/internal/users/repository/user_repository.go:105.28,108.4 2 0
main/internal/users/repository/user_repository.go:109.17,111.4 1 0
main/internal/users/repository/user_repository.go:119.77,121.16 2 0
main/internal/users/repository/user_repository.go:124.2,124.12 1 0
main/internal/users/repository/user_repository.go:121.16,123.3 1 0
main/internal/users/repository/user_repository.go:127.84,134.2 4 0
main/internal/users/repository/user_repository.go:136.79,143.16 4 0
main/internal/users/repository/user_repository.go:149.2,149.16 1 0
main/internal/users/repository/user_repository.go:143.16,147.3 2 0
main/internal/users/repository/user_repository.go:152.84,158.20 4 0
main/internal/users/repository/user_repository.go:163.2,163.18 1 0
main/internal/users/repository/user_repository.go:158.20,161.3 2 0
main/internal/users/repository/user_repository.go:166.93,172.20 4 0
main/internal/users/repository/user_repository.go:175.2,175.18 1 0
main/internal/users/repository/user_repository.go:172.20,174.3 1 0
main/internal/users/repository/user_repository.go:178.97,180.16 2 0
main/internal/users/repository/user_repository.go:183.2,183.12 1 0
main/internal/users/repository/user_repository.go:180.16,182.3 1 0
main/internal/users/repository/user_repository.go:186.81,194.2 4 0
main/internal/users/repository/user_repository.go:196.108,203.2 4 0
main/internal/users/repository/user_repository.go:205.99,214.2 6 0
main/internal/users/repository/user_repository.go:216.79,220.20 4 0
main/internal/users/repository/user_repository.go:223.2,223.18 1 0
main/internal/users/repository/user_repository.go:220.20,222.3 1 0
main/internal/users/repository/user_repository.go:226.81,230.20 4 0
main/internal/users/repository/user_repository.go:233.2,233.22 1 0
main/internal/users/repository/user_repository.go:230.20,232.3 1 0
main/internal/users/repository/user_repository.go:236.79,243.2 4 0
main/internal/users/repository/user_repository.go:245.78,248.16 2 0
main/internal/users/repository/user_repository.go:252.2,252.12 1 0
main/internal/users/repository/user_repository.go:248.16,250.3 1 0
main/internal/users/repository/user_repository.go:255.79,259.20 4 0
main/internal/users/repository/user_repository.go:262.2,262.18 1 0
main/internal/users/repository/user_repository.go:259.20,261.3 1 0
main/internal/cookies/repository/cookie_repository.go:13.84,21.2 2 0
main/internal/cookies/repository/cookie_repository.go:23.110,28.2 2 0
main/internal/cookies/repository/cookie_repository.go:30.81,36.2 2 0
main/internal/cookies/repository/cookie_repository.go:38.93,44.2 3 0
main/internal/middleware/middleware.go:12.64,14.36 1 0
main/internal/middleware/middleware.go:14.36,26.47 6 0
main/internal/middleware/middleware.go:30.3,30.17 1 0
main/internal/middleware/middleware.go:26.47,28.4 1 0
main/internal/middleware/middleware.go:35.62,37.36 1 0
main/internal/middleware/middleware.go:37.36,39.22 1 0
main/internal/middleware/middleware.go:46.3,46.17 1 0
main/internal/middleware/middleware.go:39.22,40.36 1 0
main/internal/middleware/middleware.go:43.4,43.14 1 0
main/internal/middleware/middleware.go:40.36,42.5 1 0
main/internal/middleware/middleware.go:50.61,52.54 1 0
main/internal/middleware/middleware.go:52.54,55.45 2 0
main/internal/middleware/middleware.go:55.45,76.4 7 0
main/internal/users/delivery/user_handler.go:21.76,30.16 5 0
main/internal/users/delivery/user_handler.go:39.2,39.16 1 0
main/internal/users/delivery/user_handler.go:50.2,55.73 2 0
main/internal/users/delivery/user_handler.go:30.16,34.3 2 0
main/internal/users/delivery/user_handler.go:34.8,37.3 1 0
main/internal/users/delivery/user_handler.go:39.16,48.3 2 0
main/internal/users/delivery/user_handler.go:61.76,66.16 3 0
main/internal/users/delivery/user_handler.go:75.2,77.16 2 0
main/internal/users/delivery/user_handler.go:91.2,96.76 2 0
main/internal/users/delivery/user_handler.go:66.16,73.3 2 0
main/internal/users/delivery/user_handler.go:77.16,89.3 4 0
main/internal/users/delivery/user_handler.go:99.80,104.16 3 0
main/internal/users/delivery/user_handler.go:114.2,118.13 3 0
main/internal/users/delivery/user_handler.go:129.2,129.16 1 0
main/internal/users/delivery/user_handler.go:139.2,144.77 2 0
main/internal/users/delivery/user_handler.go:104.16,112.3 2 0
main/internal/users/delivery/user_handler.go:119.28,124.40 3 0
main/internal/users/delivery/user_handler.go:125.29,126.47 1 0
main/internal/users/delivery/user_handler.go:129.16,137.3 2 0
main/internal/users/delivery/user_handler.go:147.83,153.16 3 0
main/internal/users/delivery/user_handler.go:163.2,167.16 3 0
main/internal/users/delivery/user_handler.go:178.2,182.13 3 0
main/internal/users/delivery/user_handler.go:194.2,194.16 1 0
main/internal/users/delivery/user_handler.go:204.2,209.77 2 0
main/internal/users/delivery/user_handler.go:153.16,161.3 2 0
main/internal/users/delivery/user_handler.go:167.16,176.3 2 0
main/internal/users/delivery/user_handler.go:183.28,187.40 3 0
main/internal/users/delivery/user_handler.go:188.29,189.47 1 0
main/internal/users/delivery/user_handler.go:190.27,191.36 1 0
main/internal/users/delivery/user_handler.go:194.16,202.3 2 0
main/internal/users/delivery/user_handler.go:213.74,221.16 4 0
main/internal/users/delivery/user_handler.go:231.2,237.16 5 0
main/internal/users/delivery/user_handler.go:246.2,258.43 4 0
main/internal/users/delivery/user_handler.go:221.16,229.3 2 0
main/internal/users/delivery/user_handler.go:237.16,244.3 2 0
main/internal/users/delivery/user_handler.go:261.75,267.16 3 0
main/internal/users/delivery/user_handler.go:277.2,279.16 2 0
main/internal/users/delivery/user_handler.go:289.2,292.43 3 0
main/internal/users/delivery/user_handler.go:267.16,275.3 2 0
main/internal/users/delivery/user_handler.go:279.16,287.3 2 0
main/internal/users/delivery/user_handler.go:295.77,303.16 4 0
main/internal/users/delivery/user_handler.go:313.2,321.13 6 0
main/internal/users/delivery/user_handler.go:328.2,328.16 1 0
main/internal/users/delivery/user_handler.go:338.2,350.43 4 0
main/internal/users/delivery/user_handler.go:303.16,311.3 2 0
main/internal/users/delivery/user_handler.go:322.27,323.37 1 0
main/internal/users/delivery/user_handler.go:324.29,325.48 1 0
main/internal/users/delivery/user_handler.go:328.16,336.3 2 0
main/internal/users/delivery/user_handler.go:355.78,360.16 3 0
main/internal/users/delivery/user_handler.go:370.2,373.13 3 0
main/internal/users/delivery/user_handler.go:383.2,383.16 1 0
main/internal/users/delivery/user_handler.go:393.2,397.71 2 0
main/internal/users/delivery/user_handler.go:360.16,368.3 2 0
main/internal/users/delivery/user_handler.go:374.28,378.40 3 0
main/internal/users/delivery/user_handler.go:379.29,380.47 1 0
main/internal/users/delivery/user_handler.go:383.16,391.3 2 0
main/internal/users/delivery/user_handler.go:400.87,406.16 3 0
main/internal/users/delivery/user_handler.go:415.2,421.13 4 0
main/internal/users/delivery/user_handler.go:430.2,430.16 1 0
main/internal/users/delivery/user_handler.go:440.2,445.27 2 0
main/internal/users/delivery/user_handler.go:449.2,449.71 1 0
main/internal/users/delivery/user_handler.go:406.16,413.3 2 0
main/internal/users/delivery/user_handler.go:422.28,425.42 3 0
main/internal/users/delivery/user_handler.go:426.29,427.49 1 0
main/internal/users/delivery/user_handler.go:430.16,438.3 2 0
main/internal/users/delivery/user_handler.go:445.27,447.3 1 0
main/internal/users/delivery/user_handler.go:452.80,457.16 3 0
main/internal/users/delivery/user_handler.go:465.2,469.16 3 0
main/internal/users/delivery/user_handler.go:479.2,483.13 3 0
main/internal/users/delivery/user_handler.go:492.2,492.16 1 0
main/internal/users/delivery/user_handler.go:502.2,507.43 2 0
main/internal/users/delivery/user_handler.go:457.16,464.3 2 0
main/internal/users/delivery/user_handler.go:469.16,477.3 2 0
main/internal/users/delivery/user_handler.go:484.28,487.42 3 0
main/internal/users/delivery/user_handler.go:488.29,489.49 1 0
main/internal/users/delivery/user_handler.go:492.16,500.3 2 0
main/internal/users/delivery/user_handler.go:510.87,515.16 3 0
main/internal/users/delivery/user_handler.go:523.2,527.16 3 0
main/internal/users/delivery/user_handler.go:537.2,541.13 3 0
main/internal/users/delivery/user_handler.go:550.2,550.16 1 0
main/internal/users/delivery/user_handler.go:560.2,565.43 2 0
[...]
main/internal/friends/delivery/friends_delivery.go:76.2,81.75 2 0
main/internal/friends/delivery/friends_delivery.go:53.16,60.3 2 0
main/internal/friends/delivery/friends_delivery.go:65.16,74.3 2 0
main/internal/friends/delivery/friends_delivery.go:85.80,91.16 3 0
main/internal/friends/delivery/friends_delivery.go:101.2,106.13 4 0
main/internal/friends/delivery/friends_delivery.go:118.2,118.16 1 0
main/internal/friends/delivery/friends_delivery.go:128.2,133.43 2 0
main/internal/friends/delivery/friends_delivery.go:91.16,99.3 2 0
main/internal/friends/delivery/friends_delivery.go:107.28,112.42 3 0
main/internal/friends/delivery/friends_delivery.go:114.28,115.49 1 0
main/internal/friends/delivery/friends_delivery.go:118.16,126.3 2 0
main/internal/friends/delivery/friends_delivery.go:136.83,142.16 3 0
main/internal/friends/delivery/friends_delivery.go:152.2,157.13 4 0
main/internal/friends/delivery/friends_delivery.go:169.2,169.16 1 0
main/internal/friends/delivery/friends_delivery.go:179.2,184.43 2 0
main/internal/friends/delivery/friends_delivery.go:142.16,150.3 2 0
main/internal/friends/delivery/friends_delivery.go:158.28,163.42 3 0
main/internal/friends/delivery/friends_delivery.go:165.31,166.49 1 0
main/internal/friends/delivery/friends_delivery.go:169.16,177.3 2 0
main/internal/friends/delivery/friends_delivery.go:187.113,189.2 1 0
main/internal/friends/delivery/friends_delivery.go:191.72,198.2 4 0
main/internal/users/delivery/user_handler.go:21.76,30.16 5 0
main/internal/users/delivery/user_handler.go:39.2,39.16 1 0
main/internal/users/delivery/user_handler.go:50.2,55.73 2 0
main/internal/users/delivery/user_handler.go:30.16,34.3 2 0
main/internal/users/delivery/user_handler.go:34.8,37.3 1 0
main/internal/users/delivery/user_handler.go:39.16,48.3 2 0
main/internal/users/delivery/user_handler.go:61.76,66.16 3 0
main/internal/users/delivery/user_handler.go:75.2,77.16 2 0
main/internal/users/delivery/user_handler.go:91.2,96.76 2 0
main/internal/users/delivery/user_handler.go:66.16,73.3 2 0
main/internal/users/delivery/user_handler.go:77.16,89.3 4 0
main/internal/users/delivery/user_handler.go:99.80,104.16 3 0
main/internal/users/delivery/user_handler.go:114.2,118.13 3 0
main/internal/users/delivery/user_handler.go:129.2,129.16 1 0
main/internal/users/delivery/user_handler.go:139.2,144.77 2 0
main/internal/users/delivery/user_handler.go:104.16,112.3 2 0
main/internal/users/delivery/user_handler.go:119.28,124.40 3 0
main/internal/users/delivery/user_handler.go:125.29,126.47 1 0
main/internal/users/delivery/user_handler.go:129.16,137.3 2 0
main/internal/users/delivery/user_handler.go:147.83,153.16 3 0
main/internal/users/delivery/user_handler.go:163.2,167.16 3 0
main/internal/users/delivery/user_handler.go:178.2,182.13 3 0
main/internal/users/delivery/user_handler.go:194.2,194.16 1 0
main/internal/users/delivery/user_handler.go:204.2,209.77 2 0
main/internal/users/delivery/user_handler.go:153.16,161.3 2 0
main/internal/users/delivery/user_handler.go:167.16,176.3 2 0
main/internal/users/delivery/user_handler.go:183.28,187.40 3 0
main/internal/users/delivery/user_handler.go:188.29,189.47 1 0
main/internal/users/delivery/user_handler.go:190.27,191.36 1 0
main/internal/users/delivery/user_handler.go:194.16,202.3 2 0
main/internal/users/delivery/user_handler.go:213.74,221.16 4 0
main/internal/users/delivery/user_handler.go:231.2,237.16 5 0
main/internal/users/delivery/user_handler.go:246.2,258.43 4 0
main/internal/users/delivery/user_handler.go:221.16,229.3 2 0
main/internal/users/delivery/user_handler.go:237.16,244.3 2 0
main/internal/users/delivery/user_handler.go:261.75,267.16 3 0
main/internal/users/delivery/user_handler.go:277.2,279.16 2 0
main/internal/users/delivery/user_handler.go:289.2,292.43 3 0
main/internal/users/delivery/user_handler.go:267.16,275.3 2 0
main/internal/users/delivery/user_handler.go:279.16,287.3 2 0
main/internal/users/delivery/user_handler.go:295.77,303.16 4 0
main/internal/users/delivery/user_handler.go:313.2,321.13 6 0
main/internal/users/delivery/user_handler.go:328.2,328.16 1 0
main/internal/users/delivery/user_handler.go:338.2,350.43 4 0
main/internal/users/delivery/user_handler.go:303.16,311.3 2 0
main/internal/users/delivery/user_handler.go:322.27,323.37 1 0
main/internal/users/delivery/user_handler.go:324.29,325.48 1 0
main/internal/users/delivery/user_handler.go:328.16,336.3 2 0
main/internal/users/delivery/user_handler.go:355.78,360.16 3 0
main/internal/users/delivery/user_handler.go:370.2,373.13 3 0
main/internal/users/delivery/user_handler.go:383.2,383.16 1 0
main/internal/users/delivery/user_handler.go:393.2,397.71 2 0
main/internal/users/delivery/user_handler.go:360.16,368.3 2 0
main/internal/users/delivery/user_handler.go:374.28,378.40 3 0
main/internal/users/delivery/user_handler.go:379.29,380.47 1 0
main/internal/users/delivery/user_handler.go:383.16,391.3 2 0
main/internal/users/delivery/user_handler.go:400.87,406.16 3 0
main/internal/users/delivery/user_handler.go:415.2,421.13 4 0
main/internal/users/delivery/user_handler.go:430.2,430.16 1 0
main/internal/users/delivery/user_handler.go:440.2,445.27 2 0
main/internal/users/delivery/user_handler.go:449.2,449.71 1 0
main/internal/users/delivery/user_handler.go:406.16,413.3 2 0
main/internal/users/delivery/user_handler.go:422.28,425.42 3 0
main/internal/users/delivery/user_handler.go:426.29,427.49 1 0
main/internal/users/delivery/user_handler.go:430.16,438.3 2 0
main/internal/users/delivery/user_handler.go:445.27,447.3 1 0
main/internal/users/delivery/user_handler.go:452.80,457.16 3 0
main/internal/users/delivery/user_handler.go:465.2,469.16 3 0
main/internal/users/delivery/user_handler.go:479.2,483.13 3 0
main/internal/users/delivery/user_handler.go:492.2,492.16 1 0
main/internal/users/delivery/user_handler.go:502.2,507.43 2 0
main/internal/users/delivery/user_handler.go:457.16,464.3 2 0
main/internal/users/delivery/user_handler.go:469.16,477.3 2 0
main/internal/users/delivery/user_handler.go:484.28,487.42 3 0
main/internal/users/delivery/user_handler.go:488.29,489.49 1 0
main/internal/users/delivery/user_handler.go:492.16,500.3 2 0
main/internal/users/delivery/user_handler.go:510.87,515.16 3 0
main/internal/users/delivery/user_handler.go:523.2,527.16 3 0
main/internal/users/delivery/user_handler.go:537.2,541.13 3 0
main/internal/users/delivery/user_handler.go:550.2,550.16 1 0
main/internal/users/delivery/user_handler.go:560.2,565.43 2 0
main/internal/users/delivery/user_handler.go:515.16,522.3 2 0
main/internal/users/delivery/user_handler.go:527.16,535.3 2 0
main/internal/users/delivery/user_handler.go:542.28,545.42 3 0
main/internal/users/delivery/user_handler.go:546.29,547.49 1 0
main/internal/users/delivery/user_handler.go:550.16,558.3 2 0
main/internal/users/delivery/user_handler.go:569.118,571.2 1 0
main/internal/users/delivery/user_handler.go:573.70,589.2 11 0
main/internal/feeds/repository/feed_repository.go:16.73,19.2 1 0
main/internal/feeds/repository/feed_repository.go:21.97,24.16 2 0
main/internal/feeds/repository/feed_repository.go:27.2,29.18 3 0
main/internal/feeds/repository/feed_repository.go:61.2,61.19 1 0
main/internal/feeds/repository/feed_repository.go:24.16,26.3 1 0
main/internal/feeds/repository/feed_repository.go:29.18,30.16 1 0
main/internal/feeds/repository/feed_repository.go:33.3,42.23 7 0
main/internal/feeds/repository/feed_repository.go:47.3,47.24 1 0
main/internal/feeds/repository/feed_repository.go:52.3,52.17 1 0
main/internal/feeds/repository/feed_repository.go:57.3,58.6 2 0
main/internal/feeds/repository/feed_repository.go:30.16,31.9 1 0
main/internal/feeds/repository/feed_repository.go:42.23,44.4 1 0
main/internal/feeds/repository/feed_repository.go:44.9,46.4 1 0
main/internal/feeds/repository/feed_repository.go:47.24,49.4 1 0
main/internal/feeds/repository/feed_repository.go:49.9,51.4 1 0
main/internal/feeds/repository/feed_repository.go:52.17,55.4 2 0
main/internal/feeds/repository/feed_repository.go:65.87,69.16 3 0
main/internal/feeds/repository/feed_repository.go:74.2,74.17 1 0
main/internal/feeds/repository/feed_repository.go:97.2,97.18 1 0
main/internal/feeds/repository/feed_repository.go:69.16,72.3 2 0
main/internal/feeds/repository/feed_repository.go:74.17,82.17 6 0
main/internal/feeds/repository/feed_repository.go:86.3,88.19 2 0
main/internal/feeds/repository/feed_repository.go:94.3,94.30 1 0
main/internal/feeds/repository/feed_repository.go:82.17,84.4 1 0
main/internal/feeds/repository/feed_repository.go:88.19,90.4 1 0
main/internal/feeds/repository/feed_repository.go:90.9,92.4 1 0
main/internal/feeds/repository/feed_repository.go:101.96,111.16 6 0
main/internal/feeds/repository/feed_repository.go:116.2,116.17 1 0
main/internal/feeds/repository/feed_repository.go:130.2,130.18 1 0
main/internal/feeds/repository/feed_repository.go:111.16,114.3 2 0
main/internal/feeds/repository/feed_repository.go:116.17,123.17 5 0
main/internal/feeds/repository/feed_repository.go:127.3,127.30 1 0
main/internal/feeds/repository/feed_repository.go:123.17,125.4 1 0
main/internal/feeds/repository/feed_repository.go:134.126,144.16 6 0
main/internal/feeds/repository/feed_repository.go:149.2,149.17 1 0
main/internal/feeds/repository/feed_repository.go:172.2,172.18 1 0
main/internal/feeds/repository/feed_repository.go:144.16,147.3 2 0
main/internal/feeds/repository/feed_repository.go:149.17,157.17 6 0
main/internal/feeds/repository/feed_repository.go:161.3,163.19 2 0
main/internal/feeds/repository/feed_repository.go:169.3,169.30 1 0
main/internal/feeds/repository/feed_repository.go:157.17,159.4 1 0
main/internal/feeds/repository/feed_repository.go:163.19,165.4 1 0
main/internal/feeds/repository/feed_repository.go:165.9,167.4 1 0
main/internal/feeds/repository/feed_repository.go:176.85,180.30 2 0
main/internal/feeds/repository/feed_repository.go:190.2,192.16 2 0
main/internal/feeds/repository/feed_repository.go:197.2,201.16 4 0
main/internal/feeds/repository/feed_repository.go:209.2,210.28 2 0
main/internal/feeds/repository/feed_repository.go:180.30,185.21 3 0
main/internal/feeds/repository/feed_repository.go:185.21,187.4 1 0
main/internal/feeds/repository/feed_repository.go:192.16,195.3 2 0
main/internal/feeds/repository/feed_repository.go:201.16,206.3 3 0
main/internal/like/repository/like_repository.go:12.73,14.2 1 0
main/internal/like/repository/like_repository.go:18.76,28.2 5 0
main/internal/like/repository/like_repository.go:30.79,40.2 5 0
main/internal/like/repository/like_repository.go:42.74,52.2 5 0
main/internal/like/repository/like_repository.go:54.77,64.2 5 0
main/internal/like/usecase/mock/like_repo_mock.go:24.73,28.2 3 1
main/internal/like/usecase/mock/like_repo_mock.go:31.71,33.2 1 1
main/internal/like/usecase/mock/like_repo_mock.go:36.62,41.2 4 1
main/internal/like/usecase/mock/like_repo_mock.go:44.90,47.2 2 1
main/internal/like/usecase/mock/like_repo_mock.go:50.65,55.2 4 1
main/internal/like/usecase/mock/like_repo_mock.go:58.93,61.2 2 1
main/internal/like/usecase/mock/like_repo_mock.go:64.61,69.2 4 1
main/internal/like/usecase/mock/like_repo_mock.go:72.89,75.2 2 1
main/internal/like/usecase/mock/like_repo_mock.go:78.64,83.2 4 1
main/internal/like/usecase/mock/like_repo_mock.go:86.92,89.2 2 1
main/internal/users/usecase/user_ucase.go:22.53,25.2 2 0
main/internal/users/usecase/user_ucase.go:27.60,33.2 4 0
main/internal/users/usecase/user_ucase.go:42.86,45.16 2 0
main/internal/users/usecase/user_ucase.go:49.2,53.20 3 0
main/internal/users/usecase/user_ucase.go:45.16,47.3 1 0
main/internal/users/usecase/user_ucase.go:57.107,60.16 2 0
main/internal/users/usecase/user_ucase.go:64.2,66.20 2 0
main/internal/users/usecase/user_ucase.go:60.16,62.3 1 0
main/internal/users/usecase/user_ucase.go:69.97,72.16 2 0
main/internal/users/usecase/user_ucase.go:76.2,78.16 2 0
main/internal/users/usecase/user_ucase.go:82.2,82.12 1 0
main/internal/users/usecase/user_ucase.go:72.16,74.3 1 0
main/internal/users/usecase/user_ucase.go:78.16,80.3 1 0
main/internal/users/usecase/user_ucase.go:85.108,88.16 2 0
main/internal/users/usecase/user_ucase.go:92.2,94.16 2 0
main/internal/users/usecase/user_ucase.go:98.2,98.12 1 0
main/internal/users/usecase/user_ucase.go:88.16,90.3 1 0
main/internal/users/usecase/user_ucase.go:94.16,96.3 1 0
main/internal/users/usecase/user_ucase.go:101.95,105.16 2 0
main/internal/users/usecase/user_ucase.go:109.2,115.22 5 0
main/internal/users/usecase/user_ucase.go:105.16,107.3 1 0
main/internal/users/usecase/user_ucase.go:119.137,124.16 3 0
main/internal/users/usecase/user_ucase.go:128.2,134.22 5 0
main/internal/users/usecase/user_ucase.go:124.16,126.3 1 0
main/internal/users/usecase/user_ucase.go:138.92,142.16 2 0
main/internal/users/usecase/user_ucase.go:146.2,151.22 5 0
main/internal/users/usecase/user_ucase.go:142.16,144.3 1 0
main/internal/users/usecase/user_ucase.go:154.96,158.16 2 0
main/internal/users/usecase/user_ucase.go:162.2,166.16 3 0
main/internal/users/usecase/user_ucase.go:170.2,170.22 1 0
main/internal/users/usecase/user_ucase.go:158.16,160.3 1 0
main/internal/users/usecase/user_ucase.go:166.16,168.3 1 0
main/internal/users/usecase/user_ucase.go:174.132,178.16 2 0
main/internal/users/usecase/user_ucase.go:182.2,195.26 4 0
main/internal/users/usecase/user_ucase.go:199.2,199.29 1 0
main/internal/users/usecase/user_ucase.go:206.2,206.25 1 0
main/internal/users/usecase/user_ucase.go:210.2,210.28 1 0
main/internal/users/usecase/user_ucase.go:214.2,214.25 1 0
main/internal/users/usecase/user_ucase.go:218.2,218.26 1 0
main/internal/users/usecase/user_ucase.go:227.2,227.30 1 0
main/internal/users/usecase/user_ucase.go:231.2,231.26 1 0
main/internal/users/usecase/user_ucase.go:235.2,239.16 3 0
main/internal/users/usecase/user_ucase.go:243.2,247.22 3 0
main/internal/users/usecase/user_ucase.go:178.16,180.3 1 0
main/internal/users/usecase/user_ucase.go:195.26,197.3 1 0
main/internal/users/usecase/user_ucase.go:199.29,204.3 3 0
main/internal/users/usecase/user_ucase.go:206.25,208.3 1 0
main/internal/users/usecase/user_ucase.go:210.28,212.3 1 0
main/internal/users/usecase/user_ucase.go:214.25,216.3 1 0
main/internal/users/usecase/user_ucase.go:218.26,225.3 3 0
main/internal/users/usecase/user_ucase.go:227.30,229.3 1 0
main/internal/users/usecase/user_ucase.go:231.26,233.3 1 0
main/internal/users/usecase/user_ucase.go:239.16,241.3 1 0
main/internal/users/usecase/user_ucase.go:250.144,254.16 2 0
main/internal/users/usecase/user_ucase.go:258.2,260.16 2 0
main/internal/users/usecase/user_ucase.go:264.2,266.16 2 0
main/internal/users/usecase/user_ucase.go:270.2,270.20 1 0
main/internal/users/usecase/user_ucase.go:254.16,256.3 1 0
main/internal/users/usecase/user_ucase.go:260.16,262.3 1 0
main/internal/users/usecase/user_ucase.go:266.16,268.3 1 0
main/internal/users/usecase/user_ucase.go:273.115,279.21 4 0
main/internal/users/usecase/user_ucase.go:283.2,283.43 1 0
main/internal/users/usecase/user_ucase.go:287.2,289.21 2 0
main/internal/users/usecase/user_ucase.go:293.2,295.12 2 0
main/internal/users/usecase/user_ucase.go:279.21,281.3 1 0
main/internal/users/usecase/user_ucase.go:283.43,285.3 1 0
main/internal/users/usecase/user_ucase.go:289.21,291.3 1 0
main/internal/users/usecase/user_ucase.go:299.122,303.62 2 0
main/internal/users/usecase/user_ucase.go:307.2,330.16 9 0
main/internal/users/usecase/user_ucase.go:334.2,336.12 2 0
main/internal/users/usecase/user_ucase.go:303.62,305.3 1 0
main/internal/users/usecase/user_ucase.go:330.16,332.3 1 0
main/internal/users/usecase/user_ucase.go:340.65,345.2 2 0
main/internal/users/usecase/user_ucase.go:347.94,351.2 2 0
main/internal/users/usecase/user_ucase.go:353.222,360.2 1 0
main/internal/cookies/repository/cookie_repository.go:13.84,21.2 2 0
main/internal/cookies/repository/cookie_repository.go:23.110,28.2 2 0
main/internal/cookies/repository/cookie_repository.go:30.81,36.2 2 0
main/internal/cookies/repository/cookie_repository.go:38.93,44.2 3 0
main/internal/like/usecase/mock/cookie_repo_mock.go:25.77,29.2 3 1
main/internal/like/usecase/mock/cookie_repo_mock.go:32.75,34.2 1 1
main/internal/like/usecase/mock/cookie_repo_mock.go:37.91,42.2 4 0
main/internal/like/usecase/mock/cookie_repo_mock.go:45.98,48.2 2 0
main/internal/like/usecase/mock/cookie_repo_mock.go:51.64,56.2 4 0
main/internal/like/usecase/mock/cookie_repo_mock.go:59.89,62.2 2 0
main/internal/like/usecase/mock/cookie_repo_mock.go:65.76,71.2 5 1
main/internal/like/usecase/mock/cookie_repo_mock.go:74.94,77.2 2 1
main/internal/like/usecase/like_usecase.go:14.107,16.2 1 1
main/internal/like/usecase/like_usecase.go:18.82,21.16 2 1
main/internal/like/usecase/like_usecase.go:25.2,25.49 1 1
main/internal/like/usecase/like_usecase.go:21.16,23.3 1 0
main/internal/like/usecase/like_usecase.go:28.85,32.16 2 1
main/internal/like/usecase/like_usecase.go:36.2,36.52 1 1
main/internal/like/usecase/like_usecase.go:32.16,34.3 1 0
main/internal/like/usecase/like_usecase.go:39.80,42.16 2 1
main/internal/like/usecase/like_usecase.go:46.2,46.47 1 1
main/internal/like/usecase/like_usecase.go:42.16,44.3 1 1
main/internal/like/usecase/like_usecase.go:49.83,53.16 2 1
main/internal/like/usecase/like_usecase.go:57.2,57.50 1 1
main/internal/like/usecase/like_usecase.go:53.16,55.3 1 0
main/internal/feeds/usecase/feed_ucase.go:15.80,19.16 2 0
main/internal/feeds/usecase/feed_ucase.go:23.2,25.16 2 0
main/internal/feeds/usecase/feed_ucase.go:29.2,29.19 1 0
main/internal/feeds/usecase/feed_ucase.go:19.16,21.3 1 0
main/internal/feeds/usecase/feed_ucase.go:25.16,27.3 1 0
main/internal/feeds/usecase/feed_ucase.go:32.90,36.16 2 0
main/internal/feeds/usecase/feed_ucase.go:40.2,40.45 1 0
main/internal/feeds/usecase/feed_ucase.go:36.16,38.3 1 0
main/internal/feeds/usecase/feed_ucase.go:43.116,48.2 1 0
main/internal/friends/repository/friends_repository.go:15.77,18.2 1 0
main/internal/friends/repository/friends_repository.go:20.86,27.2 4 0
main/internal/friends/repository/friends_repository.go:29.118,36.16 4 0
main/internal/friends/repository/friends_repository.go:40.2,40.17 1 0
main/internal/friends/repository/friends_repository.go:55.2,55.25 1 0
main/internal/friends/repository/friends_repository.go:36.16,38.3 1 0
main/internal/friends/repository/friends_repository.go:40.17,46.17 3 0
main/internal/friends/repository/friends_repository.go:51.3,51.48 1 0
main/internal/friends/repository/friends_repository.go:46.17,49.4 2 0
main/internal/friends/repository/friends_repository.go:58.112,63.16 3 0
main/internal/friends/repository/friends_repository.go:67.2,71.16 3 0
main/internal/friends/repository/friends_repository.go:75.2,75.17 1 0
main/internal/friends/repository/friends_repository.go:90.2,92.25 2 0
main/internal/friends/repository/friends_repository.go:63.16,65.3 1 0
main/internal/friends/repository/friends_repository.go:71.16,73.3 1 0
main/internal/friends/repository/friends_repository.go:75.17,81.17 3 0
main/internal/friends/repository/friends_repository.go:86.3,86.48 1 0
main/internal/friends/repository/friends_repository.go:81.17,84.4 2 0
main/internal/friends/repository/friends_repository.go:95.131,99.16 2 0
main/internal/friends/repository/friends_repository.go:103.2,103.50 1 0
main/internal/friends/repository/friends_repository.go:99.16,101.3 1 0
main/internal/friends/repository/friends_repository.go:106.88,109.2 2 0
main/internal/friends/repository/friends_repository.go:111.91,114.2 2 0
main/internal/friends/repository/friends_repository.go:116.87,124.2 4 0
main/internal/friends/repository/friends_repository.go:126.81,133.16 4 0
main/internal/friends/repository/friends_repository.go:139.2,139.16 1 0
main/internal/friends/repository/friends_repository.go:133.16,137.3 2 0
main/internal/friends/repository/friends_repository.go:142.85,149.30 4 0
main/internal/friends/repository/friends_repository.go:153.2,153.20 1 0
main/internal/friends/repository/friends_repository.go:157.2,157.18 1 0
main/internal/friends/repository/friends_repository.go:149.30,151.3 1 0
main/internal/friends/repository/friends_repository.go:153.20,155.3 1 0
