mode: set
main/internal/chats/usecase/chats_usecase.go:17.115,22.2 1 0
main/internal/chats/usecase/chats_usecase.go:24.92,29.42 3 0
main/internal/chats/usecase/chats_usecase.go:41.2,41.82 1 0
main/internal/chats/usecase/chats_usecase.go:29.42,33.17 2 0
main/internal/chats/usecase/chats_usecase.go:37.3,37.37 1 0
main/internal/chats/usecase/chats_usecase.go:33.17,35.4 1 0
main/internal/chats/usecase/chats_usecase.go:44.76,46.23 1 0
main/internal/chats/usecase/chats_usecase.go:49.2,51.16 2 0
main/internal/chats/usecase/chats_usecase.go:54.2,54.43 1 0
main/internal/chats/usecase/chats_usecase.go:46.23,48.3 1 0
main/internal/chats/usecase/chats_usecase.go:51.16,53.3 1 0
main/internal/chats/usecase/chats_usecase.go:57.109,60.23 2 0
main/internal/chats/usecase/chats_usecase.go:74.2,77.16 3 0
main/internal/chats/usecase/chats_usecase.go:80.2,83.23 3 0
main/internal/chats/usecase/chats_usecase.go:60.23,64.17 3 0
main/internal/chats/usecase/chats_usecase.go:67.3,70.24 3 0
main/internal/chats/usecase/chats_usecase.go:64.17,66.4 1 0
main/internal/chats/usecase/chats_usecase.go:77.16,79.3 1 0
main/internal/chats/usecase/chats_usecase.go:87.81,89.2 1 0
main/internal/chats/delivery/chats_handler.go:18.97,20.2 1 1
main/internal/chats/delivery/chats_handler.go:22.66,27.18 3 1
main/internal/chats/delivery/chats_handler.go:36.2,41.16 4 1
main/internal/chats/delivery/chats_handler.go:51.2,53.16 2 1
main/internal/chats/delivery/chats_handler.go:63.2,65.16 2 1
main/internal/chats/delivery/chats_handler.go:74.2,79.43 2 1
main/internal/chats/delivery/chats_handler.go:27.18,34.3 2 1
main/internal/chats/delivery/chats_handler.go:41.16,49.3 2 0
main/internal/chats/delivery/chats_handler.go:53.16,61.3 2 1
main/internal/chats/delivery/chats_handler.go:65.16,72.3 2 1
main/internal/chats/delivery/chats_handler.go:82.64,88.18 4 1
main/internal/chats/delivery/chats_handler.go:97.2,99.16 2 1
main/internal/chats/delivery/chats_handler.go:108.2,113.43 2 1
main/internal/chats/delivery/chats_handler.go:88.18,95.3 2 1
main/internal/chats/delivery/chats_handler.go:99.16,106.3 2 1
main/internal/chats/delivery/chats_handler.go:116.71,122.18 4 1
main/internal/chats/delivery/chats_handler.go:131.2,133.16 2 1
main/internal/chats/delivery/chats_handler.go:142.2,147.48 2 1
main/internal/chats/delivery/chats_handler.go:122.18,129.3 2 1
main/internal/chats/delivery/chats_handler.go:133.16,140.3 2 1
main/internal/chats/delivery/chats_handler.go:151.67,157.18 3 1
main/internal/chats/delivery/chats_handler.go:166.2,168.16 2 1
main/internal/chats/delivery/chats_handler.go:177.2,182.48 2 1
main/internal/chats/delivery/chats_handler.go:157.18,164.3 2 1
main/internal/chats/delivery/chats_handler.go:168.16,175.3 2 1
main/internal/chats/delivery/chats_handler.go:185.57,192.2 4 0
main/internal/chats/repository/chats_repo.go:14.73,16.2 1 0
main/internal/chats/repository/chats_repo.go:18.98,20.20 1 0
main/internal/chats/repository/chats_repo.go:23.2,23.21 1 0
main/internal/chats/repository/chats_repo.go:58.2,59.21 2 0
main/internal/chats/repository/chats_repo.go:84.2,88.26 4 0
main/internal/chats/repository/chats_repo.go:96.2,100.16 3 0
main/internal/chats/repository/chats_repo.go:104.2,104.12 1 0
main/internal/chats/repository/chats_repo.go:20.20,22.3 1 0
main/internal/chats/repository/chats_repo.go:23.21,31.22 6 0
main/internal/chats/repository/chats_repo.go:39.3,45.17 5 0
main/internal/chats/repository/chats_repo.go:49.3,50.22 2 0
main/internal/chats/repository/chats_repo.go:54.3,55.13 2 0
main/internal/chats/repository/chats_repo.go:31.22,34.4 2 0
main/internal/chats/repository/chats_repo.go:34.9,38.4 3 0
main/internal/chats/repository/chats_repo.go:45.17,47.4 1 0
main/internal/chats/repository/chats_repo.go:50.22,52.4 1 0
main/internal/chats/repository/chats_repo.go:59.21,63.17 3 0
main/internal/chats/repository/chats_repo.go:63.17,65.4 1 0
main/internal/chats/repository/chats_repo.go:66.8,72.17 4 0
main/internal/chats/repository/chats_repo.go:76.3,79.17 3 0
main/internal/chats/repository/chats_repo.go:72.17,74.4 1 0
main/internal/chats/repository/chats_repo.go:79.17,81.4 1 0
main/internal/chats/repository/chats_repo.go:88.26,94.3 3 0
main/internal/chats/repository/chats_repo.go:100.16,102.3 1 0
main/internal/chats/repository/chats_repo.go:108.78,113.2 2 0
main/internal/chats/repository/chats_repo.go:115.129,130.16 6 0
main/internal/chats/repository/chats_repo.go:135.2,137.16 2 0
main/internal/chats/repository/chats_repo.go:141.2,143.22 2 0
main/internal/chats/repository/chats_repo.go:163.2,163.29 1 0
main/internal/chats/repository/chats_repo.go:130.16,133.3 2 0
main/internal/chats/repository/chats_repo.go:137.16,139.3 1 0
main/internal/chats/repository/chats_repo.go:143.22,150.21 4 0
main/internal/chats/repository/chats_repo.go:156.3,156.17 1 0
main/internal/chats/repository/chats_repo.go:160.3,160.28 1 0
main/internal/chats/repository/chats_repo.go:150.21,152.4 1 0
main/internal/chats/repository/chats_repo.go:152.9,154.4 1 0
main/internal/chats/repository/chats_repo.go:156.17,158.4 1 0
main/internal/chats/repository/chats_repo.go:166.127,175.16 6 0
main/internal/chats/repository/chats_repo.go:180.2,182.16 2 0
main/internal/chats/repository/chats_repo.go:187.2,189.22 2 0
main/internal/chats/repository/chats_repo.go:209.2,209.29 1 0
main/internal/chats/repository/chats_repo.go:175.16,178.3 2 0
main/internal/chats/repository/chats_repo.go:182.16,185.3 2 0
main/internal/chats/repository/chats_repo.go:189.22,196.21 4 0
main/internal/chats/repository/chats_repo.go:202.3,202.17 1 0
main/internal/chats/repository/chats_repo.go:206.3,206.28 1 0
main/internal/chats/repository/chats_repo.go:196.21,198.4 1 0
main/internal/chats/repository/chats_repo.go:198.9,200.4 1 0
main/internal/chats/repository/chats_repo.go:202.17,204.4 1 0
main/internal/chats/repository/chats_repo.go:212.84,261.16 3 0
main/internal/chats/repository/chats_repo.go:266.2,268.21 2 0
main/internal/chats/repository/chats_repo.go:296.2,296.19 1 0
main/internal/chats/repository/chats_repo.go:261.16,264.3 2 0
main/internal/chats/repository/chats_repo.go:268.21,281.23 4 0
main/internal/chats/repository/chats_repo.go:293.3,293.31 1 0
main/internal/chats/repository/chats_repo.go:281.23,285.4 3 0
main/internal/chats/repository/chats_repo.go:285.9,291.4 5 0
main/internal/chats/delivery/chats_handler.go:18.97,20.2 1 0
main/internal/chats/delivery/chats_handler.go:22.66,27.18 3 0
main/internal/chats/delivery/chats_handler.go:36.2,41.16 4 0
main/internal/chats/delivery/chats_handler.go:51.2,53.16 2 0
main/internal/chats/delivery/chats_handler.go:63.2,65.16 2 0
main/internal/chats/delivery/chats_handler.go:74.2,79.43 2 0
main/internal/chats/delivery/chats_handler.go:27.18,34.3 2 0
main/internal/chats/delivery/chats_handler.go:41.16,49.3 2 0
main/internal/chats/delivery/chats_handler.go:53.16,61.3 2 0
main/internal/chats/delivery/chats_handler.go:65.16,72.3 2 0
main/internal/chats/delivery/chats_handler.go:82.64,88.18 4 0
main/internal/chats/delivery/chats_handler.go:97.2,99.16 2 0
main/internal/chats/delivery/chats_handler.go:108.2,113.43 2 0
main/internal/chats/delivery/chats_handler.go:88.18,95.3 2 0
main/internal/chats/delivery/chats_handler.go:99.16,106.3 2 0
main/internal/chats/delivery/chats_handler.go:116.71,122.18 4 0
main/internal/chats/delivery/chats_handler.go:131.2,133.16 2 0
main/internal/chats/delivery/chats_handler.go:142.2,147.48 2 0
main/internal/chats/delivery/chats_handler.go:122.18,129.3 2 0
main/internal/chats/delivery/chats_handler.go:133.16,140.3 2 0
main/internal/chats/delivery/chats_handler.go:151.67,157.18 3 0
main/internal/chats/delivery/chats_handler.go:166.2,168.16 2 0
main/internal/chats/delivery/chats_handler.go:177.2,182.48 2 0
main/internal/chats/delivery/chats_handler.go:157.18,164.3 2 0
main/internal/chats/delivery/chats_handler.go:168.16,175.3 2 0
main/internal/chats/delivery/chats_handler.go:185.57,192.2 4 0
main/internal/chats/repository/chats_repo.go:14.73,16.2 1 0
main/internal/chats/repository/chats_repo.go:18.98,20.20 1 0
main/internal/chats/repository/chats_repo.go:23.2,23.21 1 0
main/internal/chats/repository/chats_repo.go:58.2,59.21 2 0
main/internal/chats/repository/chats_repo.go:84.2,88.26 4 0
main/internal/chats/repository/chats_repo.go:96.2,100.16 3 0
main/internal/chats/repository/chats_repo.go:104.2,104.12 1 0
main/internal/chats/repository/chats_repo.go:20.20,22.3 1 0
main/internal/chats/repository/chats_repo.go:23.21,31.22 6 0
main/internal/chats/repository/chats_repo.go:39.3,45.17 5 0
main/internal/chats/repository/chats_repo.go:49.3,50.22 2 0
main/internal/chats/repository/chats_repo.go:54.3,55.13 2 0
main/internal/chats/repository/chats_repo.go:31.22,34.4 2 0
main/internal/chats/repository/chats_repo.go:34.9,38.4 3 0
main/internal/chats/repository/chats_repo.go:45.17,47.4 1 0
main/internal/chats/repository/chats_repo.go:50.22,52.4 1 0
main/internal/chats/repository/chats_repo.go:59.21,63.17 3 0
main/internal/chats/repository/chats_repo.go:63.17,65.4 1 0
main/internal/chats/repository/chats_repo.go:66.8,72.17 4 0
main/internal/chats/repository/chats_repo.go:76.3,79.17 3 0
main/internal/chats/repository/chats_repo.go:72.17,74.4 1 0
main/internal/chats/repository/chats_repo.go:79.17,81.4 1 0
main/internal/chats/repository/chats_repo.go:88.26,94.3 3 0
main/internal/chats/repository/chats_repo.go:100.16,102.3 1 0
main/internal/chats/repository/chats_repo.go:108.78,113.2 2 0
main/internal/chats/repository/chats_repo.go:115.129,130.16 6 0
main/internal/chats/repository/chats_repo.go:135.2,137.16 2 0
main/internal/chats/repository/chats_repo.go:141.2,143.22 2 0
main/internal/chats/repository/chats_repo.go:163.2,163.29 1 0
main/internal/chats/repository/chats_repo.go:130.16,133.3 2 0
main/internal/chats/repository/chats_repo.go:137.16,139.3 1 0
main/internal/chats/repository/chats_repo.go:143.22,150.21 4 0
main/internal/chats/repository/chats_repo.go:156.3,156.17 1 0
main/internal/chats/repository/chats_repo.go:160.3,160.28 1 0
main/internal/chats/repository/chats_repo.go:150.21,152.4 1 0
main/internal/chats/repository/chats_repo.go:152.9,154.4 1 0
main/internal/chats/repository/chats_repo.go:156.17,158.4 1 0
main/internal/chats/repository/chats_repo.go:166.127,175.16 6 0
main/internal/chats/repository/chats_repo.go:180.2,182.16 2 0
main/internal/chats/repository/chats_repo.go:187.2,189.22 2 0
main/internal/chats/repository/chats_repo.go:209.2,209.29 1 0
main/internal/chats/repository/chats_repo.go:175.16,178.3 2 0
main/internal/chats/repository/chats_repo.go:182.16,185.3 2 0
main/internal/chats/repository/chats_repo.go:189.22,196.21 4 0
main/internal/chats/repository/chats_repo.go:202.3,202.17 1 0
main/internal/chats/repository/chats_repo.go:206.3,206.28 1 0
main/internal/chats/repository/chats_repo.go:196.21,198.4 1 0
main/internal/chats/repository/chats_repo.go:198.9,200.4 1 0
main/internal/chats/repository/chats_repo.go:202.17,204.4 1 0
main/internal/chats/repository/chats_repo.go:212.84,261.16 3 0
main/internal/chats/repository/chats_repo.go:266.2,268.21 2 0
main/internal/chats/repository/chats_repo.go:296.2,296.19 1 0
main/internal/chats/repository/chats_repo.go:261.16,264.3 2 0
main/internal/chats/repository/chats_repo.go:268.21,281.23 4 0
main/internal/chats/repository/chats_repo.go:293.3,293.31 1 0
main/internal/chats/repository/chats_repo.go:281.23,285.4 3 0
main/internal/chats/repository/chats_repo.go:285.9,291.4 5 0
main/internal/chats/usecase/chats_usecase.go:17.115,22.2 1 1
main/internal/chats/usecase/chats_usecase.go:24.92,29.42 3 1
main/internal/chats/usecase/chats_usecase.go:41.2,41.82 1 1
main/internal/chats/usecase/chats_usecase.go:29.42,33.17 2 1
main/internal/chats/usecase/chats_usecase.go:37.3,37.37 1 1
main/internal/chats/usecase/chats_usecase.go:33.17,35.4 1 1
main/internal/chats/usecase/chats_usecase.go:44.76,46.23 1 1
main/internal/chats/usecase/chats_usecase.go:49.2,51.16 2 1
main/internal/chats/usecase/chats_usecase.go:54.2,54.43 1 1
main/internal/chats/usecase/chats_usecase.go:46.23,48.3 1 1
main/internal/chats/usecase/chats_usecase.go:51.16,53.3 1 1
main/internal/chats/usecase/chats_usecase.go:57.109,60.23 2 1
main/internal/chats/usecase/chats_usecase.go:74.2,77.16 3 1
main/internal/chats/usecase/chats_usecase.go:80.2,83.23 3 1
main/internal/chats/usecase/chats_usecase.go:60.23,64.17 3 1
main/internal/chats/usecase/chats_usecase.go:67.3,70.24 3 1
main/internal/chats/usecase/chats_usecase.go:64.17,66.4 1 1
main/internal/chats/usecase/chats_usecase.go:77.16,79.3 1 1
main/internal/chats/usecase/chats_usecase.go:87.81,89.2 1 1
main/internal/chats/delivery/chats_handler.go:18.97,20.2 1 0
main/internal/chats/delivery/chats_handler.go:22.66,27.18 3 0
main/internal/chats/delivery/chats_handler.go:36.2,41.16 4 0
main/internal/chats/delivery/chats_handler.go:51.2,53.16 2 0
main/internal/chats/delivery/chats_handler.go:63.2,65.16 2 0
main/internal/chats/delivery/chats_handler.go:74.2,79.43 2 0
main/internal/chats/delivery/chats_handler.go:27.18,34.3 2 0
main/internal/chats/delivery/chats_handler.go:41.16,49.3 2 0
main/internal/chats/delivery/chats_handler.go:53.16,61.3 2 0
main/internal/chats/delivery/chats_handler.go:65.16,72.3 2 0
main/internal/chats/delivery/chats_handler.go:82.64,88.18 4 0
main/internal/chats/delivery/chats_handler.go:97.2,99.16 2 0
main/internal/chats/delivery/chats_handler.go:108.2,113.43 2 0
main/internal/chats/delivery/chats_handler.go:88.18,95.3 2 0
main/internal/chats/delivery/chats_handler.go:99.16,106.3 2 0
main/internal/chats/delivery/chats_handler.go:116.71,122.18 4 0
main/internal/chats/delivery/chats_handler.go:131.2,133.16 2 0
main/internal/chats/delivery/chats_handler.go:142.2,147.48 2 0
main/internal/chats/delivery/chats_handler.go:122.18,129.3 2 0
main/internal/chats/delivery/chats_handler.go:133.16,140.3 2 0
main/internal/chats/delivery/chats_handler.go:151.67,157.18 3 0
main/internal/chats/delivery/chats_handler.go:166.2,168.16 2 0
main/internal/chats/delivery/chats_handler.go:177.2,182.48 2 0
main/internal/chats/delivery/chats_handler.go:157.18,164.3 2 0
main/internal/chats/delivery/chats_handler.go:168.16,175.3 2 0
main/internal/chats/delivery/chats_handler.go:185.57,192.2 4 0
main/internal/chats/usecase/chats_usecase.go:17.115,22.2 1 0
main/internal/chats/usecase/chats_usecase.go:24.92,29.42 3 0
main/internal/chats/usecase/chats_usecase.go:41.2,41.82 1 0
main/internal/chats/usecase/chats_usecase.go:29.42,33.17 2 0
main/internal/chats/usecase/chats_usecase.go:37.3,37.37 1 0
main/internal/chats/usecase/chats_usecase.go:33.17,35.4 1 0
main/internal/chats/usecase/chats_usecase.go:44.76,46.23 1 0
main/internal/chats/usecase/chats_usecase.go:49.2,51.16 2 0
main/internal/chats/usecase/chats_usecase.go:54.2,54.43 1 0
main/internal/chats/usecase/chats_usecase.go:46.23,48.3 1 0
main/internal/chats/usecase/chats_usecase.go:51.16,53.3 1 0
main/internal/chats/usecase/chats_usecase.go:57.109,60.23 2 0
main/internal/chats/usecase/chats_usecase.go:74.2,77.16 3 0
main/internal/chats/usecase/chats_usecase.go:80.2,83.23 3 0
main/internal/chats/usecase/chats_usecase.go:60.23,64.17 3 0
main/internal/chats/usecase/chats_usecase.go:67.3,70.24 3 0
main/internal/chats/usecase/chats_usecase.go:64.17,66.4 1 0
main/internal/chats/usecase/chats_usecase.go:77.16,79.3 1 0
main/internal/chats/usecase/chats_usecase.go:87.81,89.2 1 0
main/internal/chats/repository/chats_repo.go:14.73,16.2 1 1
main/internal/chats/repository/chats_repo.go:18.98,20.20 1 1
main/internal/chats/repository/chats_repo.go:23.2,23.21 1 1
main/internal/chats/repository/chats_repo.go:58.2,59.21 2 0
main/internal/chats/repository/chats_repo.go:84.2,88.26 4 0
main/internal/chats/repository/chats_repo.go:96.2,100.16 3 0
main/internal/chats/repository/chats_repo.go:104.2,104.12 1 0
main/internal/chats/repository/chats_repo.go:20.20,22.3 1 0
main/internal/chats/repository/chats_repo.go:23.21,31.22 6 1
main/internal/chats/repository/chats_repo.go:39.3,45.17 5 1
main/internal/chats/repository/chats_repo.go:49.3,50.22 2 0
main/internal/chats/repository/chats_repo.go:54.3,55.13 2 0
main/internal/chats/repository/chats_repo.go:31.22,34.4 2 1
main/internal/chats/repository/chats_repo.go:34.9,38.4 3 0
main/internal/chats/repository/chats_repo.go:45.17,47.4 1 1
main/internal/chats/repository/chats_repo.go:50.22,52.4 1 0
main/internal/chats/repository/chats_repo.go:59.21,63.17 3 0
main/internal/chats/repository/chats_repo.go:63.17,65.4 1 0
main/internal/chats/repository/chats_repo.go:66.8,72.17 4 0
main/internal/chats/repository/chats_repo.go:76.3,79.17 3 0
main/internal/chats/repository/chats_repo.go:72.17,74.4 1 0
main/internal/chats/repository/chats_repo.go:79.17,81.4 1 0
main/internal/chats/repository/chats_repo.go:88.26,94.3 3 0
main/internal/chats/repository/chats_repo.go:100.16,102.3 1 0
main/internal/chats/repository/chats_repo.go:108.78,113.2 2 1
main/internal/chats/repository/chats_repo.go:115.129,130.16 6 0
main/internal/chats/repository/chats_repo.go:135.2,137.16 2 0
main/internal/chats/repository/chats_repo.go:141.2,143.22 2 0
main/internal/chats/repository/chats_repo.go:163.2,163.29 1 0
main/internal/chats/repository/chats_repo.go:130.16,133.3 2 0
main/internal/chats/repository/chats_repo.go:137.16,139.3 1 0
main/internal/chats/repository/chats_repo.go:143.22,150.21 4 0
main/internal/chats/repository/chats_repo.go:156.3,156.17 1 0
main/internal/chats/repository/chats_repo.go:160.3,160.28 1 0
main/internal/chats/repository/chats_repo.go:150.21,152.4 1 0
main/internal/chats/repository/chats_repo.go:152.9,154.4 1 0
main/internal/chats/repository/chats_repo.go:156.17,158.4 1 0
main/internal/chats/repository/chats_repo.go:166.127,175.16 6 0
main/internal/chats/repository/chats_repo.go:180.2,182.16 2 0
main/internal/chats/repository/chats_repo.go:187.2,189.22 2 0
main/internal/chats/repository/chats_repo.go:209.2,209.29 1 0
main/internal/chats/repository/chats_repo.go:175.16,178.3 2 0
main/internal/chats/repository/chats_repo.go:182.16,185.3 2 0
main/internal/chats/repository/chats_repo.go:189.22,196.21 4 0
main/internal/chats/repository/chats_repo.go:202.3,202.17 1 0
main/internal/chats/repository/chats_repo.go:206.3,206.28 1 0
main/internal/chats/repository/chats_repo.go:196.21,198.4 1 0
main/internal/chats/repository/chats_repo.go:198.9,200.4 1 0
main/internal/chats/repository/chats_repo.go:202.17,204.4 1 0
main/internal/chats/repository/chats_repo.go:212.84,261.16 3 0
main/internal/chats/repository/chats_repo.go:266.2,268.21 2 0
main/internal/chats/repository/chats_repo.go:296.2,296.19 1 0
main/internal/chats/repository/chats_repo.go:261.16,264.3 2 0
main/internal/chats/repository/chats_repo.go:268.21,281.23 4 0
main/internal/chats/repository/chats_repo.go:293.3,293.31 1 0
main/internal/chats/repository/chats_repo.go:281.23,285.4 3 0
main/internal/chats/repository/chats_repo.go:285.9,291.4 5 0
